[2025-08-02T10:53:52.916+0000] {local_task_job_runner.py:120} INFO - ::group::Pre task execution logs
[2025-08-02T10:53:52.974+0000] {taskinstance.py:2073} INFO - Dependencies all met for dep_context=non-requeueable deps ti=<TaskInstance: pokemon_etl_dag.transform_data manual__2025-08-02T10:52:52.239516+00:00 [queued]>
[2025-08-02T10:53:52.993+0000] {taskinstance.py:2073} INFO - Dependencies all met for dep_context=requeueable deps ti=<TaskInstance: pokemon_etl_dag.transform_data manual__2025-08-02T10:52:52.239516+00:00 [queued]>
[2025-08-02T10:53:52.994+0000] {taskinstance.py:2303} INFO - Starting attempt 1 of 2
[2025-08-02T10:53:53.026+0000] {taskinstance.py:2327} INFO - Executing <Task(PythonOperator): transform_data> on 2025-08-02 10:52:52.239516+00:00
[2025-08-02T10:53:53.045+0000] {standard_task_runner.py:63} INFO - Started process 2855 to run task
[2025-08-02T10:53:53.054+0000] {standard_task_runner.py:90} INFO - Running: ['***', 'tasks', 'run', 'pokemon_etl_dag', 'transform_data', 'manual__2025-08-02T10:52:52.239516+00:00', '--job-id', '47', '--raw', '--subdir', 'DAGS_FOLDER/pokemon_dags.py', '--cfg-path', '/tmp/tmprxcgedp9']
[2025-08-02T10:53:53.063+0000] {standard_task_runner.py:91} INFO - Job 47: Subtask transform_data
[2025-08-02T10:53:53.132+0000] {logging_mixin.py:188} WARNING - /home/***/.local/lib/python3.11/site-packages/***/settings.py:195 DeprecationWarning: The sql_alchemy_conn option in [core] has been moved to the sql_alchemy_conn option in [database] - the old setting has been used, but please update your config.
[2025-08-02T10:53:53.243+0000] {task_command.py:426} INFO - Running <TaskInstance: pokemon_etl_dag.transform_data manual__2025-08-02T10:52:52.239516+00:00 [running]> on host 67c618456cf9
[2025-08-02T10:53:53.454+0000] {taskinstance.py:2644} INFO - Exporting env vars: AIRFLOW_CTX_DAG_OWNER='Luis' AIRFLOW_CTX_DAG_ID='pokemon_etl_dag' AIRFLOW_CTX_TASK_ID='transform_data' AIRFLOW_CTX_EXECUTION_DATE='2025-08-02T10:52:52.239516+00:00' AIRFLOW_CTX_TRY_NUMBER='1' AIRFLOW_CTX_DAG_RUN_ID='manual__2025-08-02T10:52:52.239516+00:00'
[2025-08-02T10:53:53.456+0000] {taskinstance.py:430} INFO - ::endgroup::
[2025-08-02T10:53:53.945+0000] {transform.py:22} INFO - Se han cargado 151 especies de la generación generation-i.
[2025-08-02T10:53:54.025+0000] {transform.py:22} INFO - Se han cargado 100 especies de la generación generation-ii.
[2025-08-02T10:53:54.110+0000] {transform.py:22} INFO - Se han cargado 135 especies de la generación generation-iii.
[2025-08-02T10:53:54.160+0000] {transform.py:22} INFO - Se han cargado 107 especies de la generación generation-iv.
[2025-08-02T10:53:54.236+0000] {transform.py:22} INFO - Se han cargado 156 especies de la generación generation-v.
[2025-08-02T10:53:54.273+0000] {transform.py:22} INFO - Se han cargado 72 especies de la generación generation-vi.
[2025-08-02T10:53:54.315+0000] {transform.py:22} INFO - Se han cargado 88 especies de la generación generation-vii.
[2025-08-02T10:53:54.553+0000] {transform.py:22} INFO - Se han cargado 96 especies de la generación generation-viii.
[2025-08-02T10:54:02.571+0000] {transform.py:87} INFO - Se han cargado 1302 Pokémon desde los archivos crudos.
[2025-08-02T10:54:03.187+0000] {transform.py:150} INFO - Se ha guardado el DataFrame en formato parquet y CSV con 905 registros en /opt/***/data/processed
[2025-08-02T10:54:03.417+0000] {python.py:237} INFO - Done. Returned value was: None
[2025-08-02T10:54:03.419+0000] {taskinstance.py:441} INFO - ::group::Post task execution logs
[2025-08-02T10:54:03.450+0000] {taskinstance.py:1205} INFO - Marking task as SUCCESS. dag_id=pokemon_etl_dag, task_id=transform_data, execution_date=20250802T105252, start_date=20250802T105352, end_date=20250802T105403
[2025-08-02T10:54:03.609+0000] {local_task_job_runner.py:240} INFO - Task exited with return code 0
[2025-08-02T10:54:03.662+0000] {taskinstance.py:3482} INFO - 1 downstream tasks scheduled from follow-on schedule check
[2025-08-02T10:54:03.666+0000] {local_task_job_runner.py:222} INFO - ::endgroup::
