[2025-08-01T23:28:36.030+0000] {processor.py:161} INFO - Started process (PID=163) to work on /opt/airflow/dags/pokemon_dags.py
[2025-08-01T23:28:36.037+0000] {processor.py:830} INFO - Processing file /opt/airflow/dags/pokemon_dags.py for tasks to queue
[2025-08-01T23:28:36.058+0000] {logging_mixin.py:188} INFO - [2025-08-01T23:28:36.055+0000] {dagbag.py:540} INFO - Filling up the DagBag from /opt/airflow/dags/pokemon_dags.py
[2025-08-01T23:28:45.706+0000] {logging_mixin.py:188} INFO - [2025-08-01T23:28:45.704+0000] {base.py:84} INFO - Using connection ID 'postgres_pokemon' for task execution.
[2025-08-01T23:28:45.740+0000] {processor.py:840} INFO - DAG(s) 'pokemon_etl_dag' retrieved from /opt/airflow/dags/pokemon_dags.py
[2025-08-01T23:28:46.960+0000] {logging_mixin.py:188} INFO - [2025-08-01T23:28:46.959+0000] {dag.py:3096} INFO - Sync 1 DAGs
[2025-08-01T23:28:47.097+0000] {logging_mixin.py:188} INFO - [2025-08-01T23:28:47.096+0000] {dag.py:3954} INFO - Setting next_dagrun for pokemon_etl_dag to 2025-08-01 00:00:00+00:00, run_after=2025-08-02 00:00:00+00:00
[2025-08-01T23:28:47.204+0000] {processor.py:183} INFO - Processing /opt/airflow/dags/pokemon_dags.py took 11.234 seconds
[2025-08-01T23:29:17.626+0000] {processor.py:161} INFO - Started process (PID=175) to work on /opt/airflow/dags/pokemon_dags.py
[2025-08-01T23:29:17.630+0000] {processor.py:830} INFO - Processing file /opt/airflow/dags/pokemon_dags.py for tasks to queue
[2025-08-01T23:29:17.639+0000] {logging_mixin.py:188} INFO - [2025-08-01T23:29:17.637+0000] {dagbag.py:540} INFO - Filling up the DagBag from /opt/airflow/dags/pokemon_dags.py
[2025-08-01T23:29:21.194+0000] {logging_mixin.py:188} INFO - [2025-08-01T23:29:21.192+0000] {base.py:84} INFO - Using connection ID 'postgres_pokemon' for task execution.
[2025-08-01T23:29:21.229+0000] {processor.py:840} INFO - DAG(s) 'pokemon_etl_dag' retrieved from /opt/airflow/dags/pokemon_dags.py
[2025-08-01T23:29:21.300+0000] {logging_mixin.py:188} INFO - [2025-08-01T23:29:21.298+0000] {dag.py:3096} INFO - Sync 1 DAGs
[2025-08-01T23:29:21.406+0000] {logging_mixin.py:188} INFO - [2025-08-01T23:29:21.405+0000] {dag.py:3954} INFO - Setting next_dagrun for pokemon_etl_dag to 2025-08-01 00:00:00+00:00, run_after=2025-08-02 00:00:00+00:00
[2025-08-01T23:29:21.493+0000] {processor.py:183} INFO - Processing /opt/airflow/dags/pokemon_dags.py took 3.903 seconds
[2025-08-01T23:29:52.470+0000] {processor.py:161} INFO - Started process (PID=181) to work on /opt/airflow/dags/pokemon_dags.py
[2025-08-01T23:29:52.473+0000] {processor.py:830} INFO - Processing file /opt/airflow/dags/pokemon_dags.py for tasks to queue
[2025-08-01T23:29:52.480+0000] {logging_mixin.py:188} INFO - [2025-08-01T23:29:52.479+0000] {dagbag.py:540} INFO - Filling up the DagBag from /opt/airflow/dags/pokemon_dags.py
[2025-08-01T23:29:53.486+0000] {logging_mixin.py:188} INFO - [2025-08-01T23:29:53.485+0000] {base.py:84} INFO - Using connection ID 'postgres_pokemon' for task execution.
[2025-08-01T23:29:53.505+0000] {processor.py:840} INFO - DAG(s) 'pokemon_etl_dag' retrieved from /opt/airflow/dags/pokemon_dags.py
[2025-08-01T23:29:53.541+0000] {logging_mixin.py:188} INFO - [2025-08-01T23:29:53.540+0000] {dag.py:3096} INFO - Sync 1 DAGs
[2025-08-01T23:29:53.589+0000] {logging_mixin.py:188} INFO - [2025-08-01T23:29:53.589+0000] {dag.py:3954} INFO - Setting next_dagrun for pokemon_etl_dag to 2025-08-01 00:00:00+00:00, run_after=2025-08-02 00:00:00+00:00
[2025-08-01T23:29:53.636+0000] {processor.py:183} INFO - Processing /opt/airflow/dags/pokemon_dags.py took 1.188 seconds
[2025-08-01T23:30:23.906+0000] {processor.py:161} INFO - Started process (PID=187) to work on /opt/airflow/dags/pokemon_dags.py
[2025-08-01T23:30:23.913+0000] {processor.py:830} INFO - Processing file /opt/airflow/dags/pokemon_dags.py for tasks to queue
[2025-08-01T23:30:23.925+0000] {logging_mixin.py:188} INFO - [2025-08-01T23:30:23.923+0000] {dagbag.py:540} INFO - Filling up the DagBag from /opt/airflow/dags/pokemon_dags.py
[2025-08-01T23:30:25.221+0000] {logging_mixin.py:188} INFO - [2025-08-01T23:30:25.219+0000] {base.py:84} INFO - Using connection ID 'postgres_pokemon' for task execution.
[2025-08-01T23:30:25.248+0000] {processor.py:840} INFO - DAG(s) 'pokemon_etl_dag' retrieved from /opt/airflow/dags/pokemon_dags.py
[2025-08-01T23:30:25.302+0000] {logging_mixin.py:188} INFO - [2025-08-01T23:30:25.301+0000] {dag.py:3096} INFO - Sync 1 DAGs
[2025-08-01T23:30:25.373+0000] {logging_mixin.py:188} INFO - [2025-08-01T23:30:25.372+0000] {dag.py:3954} INFO - Setting next_dagrun for pokemon_etl_dag to 2025-08-01 00:00:00+00:00, run_after=2025-08-02 00:00:00+00:00
[2025-08-01T23:30:25.423+0000] {processor.py:183} INFO - Processing /opt/airflow/dags/pokemon_dags.py took 1.562 seconds
[2025-08-01T23:30:55.688+0000] {processor.py:161} INFO - Started process (PID=193) to work on /opt/airflow/dags/pokemon_dags.py
[2025-08-01T23:30:55.693+0000] {processor.py:830} INFO - Processing file /opt/airflow/dags/pokemon_dags.py for tasks to queue
[2025-08-01T23:30:55.703+0000] {logging_mixin.py:188} INFO - [2025-08-01T23:30:55.701+0000] {dagbag.py:540} INFO - Filling up the DagBag from /opt/airflow/dags/pokemon_dags.py
[2025-08-01T23:30:56.747+0000] {logging_mixin.py:188} INFO - [2025-08-01T23:30:56.745+0000] {base.py:84} INFO - Using connection ID 'postgres_pokemon' for task execution.
[2025-08-01T23:30:56.778+0000] {processor.py:840} INFO - DAG(s) 'pokemon_etl_dag' retrieved from /opt/airflow/dags/pokemon_dags.py
[2025-08-01T23:30:56.841+0000] {logging_mixin.py:188} INFO - [2025-08-01T23:30:56.839+0000] {dag.py:3096} INFO - Sync 1 DAGs
[2025-08-01T23:30:56.923+0000] {logging_mixin.py:188} INFO - [2025-08-01T23:30:56.923+0000] {dag.py:3954} INFO - Setting next_dagrun for pokemon_etl_dag to 2025-08-01 00:00:00+00:00, run_after=2025-08-02 00:00:00+00:00
[2025-08-01T23:30:56.987+0000] {processor.py:183} INFO - Processing /opt/airflow/dags/pokemon_dags.py took 1.335 seconds
[2025-08-01T23:31:27.311+0000] {processor.py:161} INFO - Started process (PID=204) to work on /opt/airflow/dags/pokemon_dags.py
[2025-08-01T23:31:27.315+0000] {processor.py:830} INFO - Processing file /opt/airflow/dags/pokemon_dags.py for tasks to queue
[2025-08-01T23:31:27.321+0000] {logging_mixin.py:188} INFO - [2025-08-01T23:31:27.320+0000] {dagbag.py:540} INFO - Filling up the DagBag from /opt/airflow/dags/pokemon_dags.py
[2025-08-01T23:31:28.377+0000] {logging_mixin.py:188} INFO - [2025-08-01T23:31:28.375+0000] {base.py:84} INFO - Using connection ID 'postgres_pokemon' for task execution.
[2025-08-01T23:31:28.395+0000] {processor.py:840} INFO - DAG(s) 'pokemon_etl_dag' retrieved from /opt/airflow/dags/pokemon_dags.py
[2025-08-01T23:31:28.426+0000] {logging_mixin.py:188} INFO - [2025-08-01T23:31:28.425+0000] {dag.py:3096} INFO - Sync 1 DAGs
[2025-08-01T23:31:28.466+0000] {logging_mixin.py:188} INFO - [2025-08-01T23:31:28.465+0000] {dag.py:3954} INFO - Setting next_dagrun for pokemon_etl_dag to 2025-08-01 00:00:00+00:00, run_after=2025-08-02 00:00:00+00:00
[2025-08-01T23:31:28.510+0000] {processor.py:183} INFO - Processing /opt/airflow/dags/pokemon_dags.py took 1.220 seconds
[2025-08-01T23:31:58.799+0000] {processor.py:161} INFO - Started process (PID=210) to work on /opt/airflow/dags/pokemon_dags.py
[2025-08-01T23:31:58.803+0000] {processor.py:830} INFO - Processing file /opt/airflow/dags/pokemon_dags.py for tasks to queue
[2025-08-01T23:31:58.810+0000] {logging_mixin.py:188} INFO - [2025-08-01T23:31:58.809+0000] {dagbag.py:540} INFO - Filling up the DagBag from /opt/airflow/dags/pokemon_dags.py
[2025-08-01T23:31:59.919+0000] {logging_mixin.py:188} INFO - [2025-08-01T23:31:59.917+0000] {base.py:84} INFO - Using connection ID 'postgres_pokemon' for task execution.
[2025-08-01T23:31:59.934+0000] {processor.py:840} INFO - DAG(s) 'pokemon_etl_dag' retrieved from /opt/airflow/dags/pokemon_dags.py
[2025-08-01T23:31:59.968+0000] {logging_mixin.py:188} INFO - [2025-08-01T23:31:59.967+0000] {dag.py:3096} INFO - Sync 1 DAGs
[2025-08-01T23:32:00.043+0000] {logging_mixin.py:188} INFO - [2025-08-01T23:32:00.042+0000] {dag.py:3954} INFO - Setting next_dagrun for pokemon_etl_dag to 2025-08-01 00:00:00+00:00, run_after=2025-08-02 00:00:00+00:00
[2025-08-01T23:32:00.096+0000] {processor.py:183} INFO - Processing /opt/airflow/dags/pokemon_dags.py took 1.328 seconds
[2025-08-01T23:32:30.297+0000] {processor.py:161} INFO - Started process (PID=216) to work on /opt/airflow/dags/pokemon_dags.py
[2025-08-01T23:32:30.301+0000] {processor.py:830} INFO - Processing file /opt/airflow/dags/pokemon_dags.py for tasks to queue
[2025-08-01T23:32:30.307+0000] {logging_mixin.py:188} INFO - [2025-08-01T23:32:30.305+0000] {dagbag.py:540} INFO - Filling up the DagBag from /opt/airflow/dags/pokemon_dags.py
[2025-08-01T23:32:31.244+0000] {logging_mixin.py:188} INFO - [2025-08-01T23:32:31.243+0000] {base.py:84} INFO - Using connection ID 'postgres_pokemon' for task execution.
[2025-08-01T23:32:31.258+0000] {processor.py:840} INFO - DAG(s) 'pokemon_etl_dag' retrieved from /opt/airflow/dags/pokemon_dags.py
[2025-08-01T23:32:31.284+0000] {logging_mixin.py:188} INFO - [2025-08-01T23:32:31.283+0000] {dag.py:3096} INFO - Sync 1 DAGs
[2025-08-01T23:32:31.345+0000] {logging_mixin.py:188} INFO - [2025-08-01T23:32:31.345+0000] {dag.py:3954} INFO - Setting next_dagrun for pokemon_etl_dag to 2025-08-01 00:00:00+00:00, run_after=2025-08-02 00:00:00+00:00
[2025-08-01T23:32:31.391+0000] {processor.py:183} INFO - Processing /opt/airflow/dags/pokemon_dags.py took 1.115 seconds
[2025-08-01T23:33:01.685+0000] {processor.py:161} INFO - Started process (PID=222) to work on /opt/airflow/dags/pokemon_dags.py
[2025-08-01T23:33:01.690+0000] {processor.py:830} INFO - Processing file /opt/airflow/dags/pokemon_dags.py for tasks to queue
[2025-08-01T23:33:01.698+0000] {logging_mixin.py:188} INFO - [2025-08-01T23:33:01.697+0000] {dagbag.py:540} INFO - Filling up the DagBag from /opt/airflow/dags/pokemon_dags.py
[2025-08-01T23:33:02.641+0000] {logging_mixin.py:188} INFO - [2025-08-01T23:33:02.640+0000] {base.py:84} INFO - Using connection ID 'postgres_pokemon' for task execution.
[2025-08-01T23:33:02.674+0000] {processor.py:840} INFO - DAG(s) 'pokemon_etl_dag' retrieved from /opt/airflow/dags/pokemon_dags.py
[2025-08-01T23:33:02.716+0000] {logging_mixin.py:188} INFO - [2025-08-01T23:33:02.716+0000] {dag.py:3096} INFO - Sync 1 DAGs
[2025-08-01T23:33:02.778+0000] {logging_mixin.py:188} INFO - [2025-08-01T23:33:02.777+0000] {dag.py:3954} INFO - Setting next_dagrun for pokemon_etl_dag to 2025-08-01 00:00:00+00:00, run_after=2025-08-02 00:00:00+00:00
[2025-08-01T23:33:02.825+0000] {processor.py:183} INFO - Processing /opt/airflow/dags/pokemon_dags.py took 1.170 seconds
[2025-08-01T23:33:33.202+0000] {processor.py:161} INFO - Started process (PID=228) to work on /opt/airflow/dags/pokemon_dags.py
[2025-08-01T23:33:33.204+0000] {processor.py:830} INFO - Processing file /opt/airflow/dags/pokemon_dags.py for tasks to queue
[2025-08-01T23:33:33.208+0000] {logging_mixin.py:188} INFO - [2025-08-01T23:33:33.207+0000] {dagbag.py:540} INFO - Filling up the DagBag from /opt/airflow/dags/pokemon_dags.py
[2025-08-01T23:33:34.251+0000] {logging_mixin.py:188} INFO - [2025-08-01T23:33:34.249+0000] {base.py:84} INFO - Using connection ID 'postgres_pokemon' for task execution.
[2025-08-01T23:33:34.279+0000] {processor.py:840} INFO - DAG(s) 'pokemon_etl_dag' retrieved from /opt/airflow/dags/pokemon_dags.py
[2025-08-01T23:33:34.316+0000] {logging_mixin.py:188} INFO - [2025-08-01T23:33:34.315+0000] {dag.py:3096} INFO - Sync 1 DAGs
[2025-08-01T23:33:34.366+0000] {logging_mixin.py:188} INFO - [2025-08-01T23:33:34.365+0000] {dag.py:3954} INFO - Setting next_dagrun for pokemon_etl_dag to 2025-08-01 00:00:00+00:00, run_after=2025-08-02 00:00:00+00:00
[2025-08-01T23:33:34.415+0000] {processor.py:183} INFO - Processing /opt/airflow/dags/pokemon_dags.py took 1.228 seconds
[2025-08-01T23:34:04.681+0000] {processor.py:161} INFO - Started process (PID=234) to work on /opt/airflow/dags/pokemon_dags.py
[2025-08-01T23:34:04.685+0000] {processor.py:830} INFO - Processing file /opt/airflow/dags/pokemon_dags.py for tasks to queue
[2025-08-01T23:34:04.691+0000] {logging_mixin.py:188} INFO - [2025-08-01T23:34:04.690+0000] {dagbag.py:540} INFO - Filling up the DagBag from /opt/airflow/dags/pokemon_dags.py
[2025-08-01T23:34:05.492+0000] {logging_mixin.py:188} INFO - [2025-08-01T23:34:05.490+0000] {base.py:84} INFO - Using connection ID 'postgres_pokemon' for task execution.
[2025-08-01T23:34:05.522+0000] {processor.py:840} INFO - DAG(s) 'pokemon_etl_dag' retrieved from /opt/airflow/dags/pokemon_dags.py
[2025-08-01T23:34:05.560+0000] {logging_mixin.py:188} INFO - [2025-08-01T23:34:05.559+0000] {dag.py:3096} INFO - Sync 1 DAGs
[2025-08-01T23:34:05.625+0000] {logging_mixin.py:188} INFO - [2025-08-01T23:34:05.624+0000] {dag.py:3954} INFO - Setting next_dagrun for pokemon_etl_dag to 2025-08-01 00:00:00+00:00, run_after=2025-08-02 00:00:00+00:00
[2025-08-01T23:34:05.688+0000] {processor.py:183} INFO - Processing /opt/airflow/dags/pokemon_dags.py took 1.033 seconds
[2025-08-01T23:34:36.007+0000] {processor.py:161} INFO - Started process (PID=240) to work on /opt/airflow/dags/pokemon_dags.py
[2025-08-01T23:34:36.011+0000] {processor.py:830} INFO - Processing file /opt/airflow/dags/pokemon_dags.py for tasks to queue
[2025-08-01T23:34:36.017+0000] {logging_mixin.py:188} INFO - [2025-08-01T23:34:36.016+0000] {dagbag.py:540} INFO - Filling up the DagBag from /opt/airflow/dags/pokemon_dags.py
[2025-08-01T23:34:37.068+0000] {logging_mixin.py:188} INFO - [2025-08-01T23:34:37.066+0000] {base.py:84} INFO - Using connection ID 'postgres_pokemon' for task execution.
[2025-08-01T23:34:37.095+0000] {processor.py:840} INFO - DAG(s) 'pokemon_etl_dag' retrieved from /opt/airflow/dags/pokemon_dags.py
[2025-08-01T23:34:37.131+0000] {logging_mixin.py:188} INFO - [2025-08-01T23:34:37.130+0000] {dag.py:3096} INFO - Sync 1 DAGs
[2025-08-01T23:34:37.183+0000] {logging_mixin.py:188} INFO - [2025-08-01T23:34:37.182+0000] {dag.py:3954} INFO - Setting next_dagrun for pokemon_etl_dag to 2025-08-01 00:00:00+00:00, run_after=2025-08-02 00:00:00+00:00
[2025-08-01T23:34:37.226+0000] {processor.py:183} INFO - Processing /opt/airflow/dags/pokemon_dags.py took 1.241 seconds
[2025-08-01T23:35:07.480+0000] {processor.py:161} INFO - Started process (PID=246) to work on /opt/airflow/dags/pokemon_dags.py
[2025-08-01T23:35:07.484+0000] {processor.py:830} INFO - Processing file /opt/airflow/dags/pokemon_dags.py for tasks to queue
[2025-08-01T23:35:07.490+0000] {logging_mixin.py:188} INFO - [2025-08-01T23:35:07.489+0000] {dagbag.py:540} INFO - Filling up the DagBag from /opt/airflow/dags/pokemon_dags.py
[2025-08-01T23:35:08.480+0000] {logging_mixin.py:188} INFO - [2025-08-01T23:35:08.478+0000] {base.py:84} INFO - Using connection ID 'postgres_pokemon' for task execution.
[2025-08-01T23:35:08.498+0000] {processor.py:840} INFO - DAG(s) 'pokemon_etl_dag' retrieved from /opt/airflow/dags/pokemon_dags.py
[2025-08-01T23:35:08.529+0000] {logging_mixin.py:188} INFO - [2025-08-01T23:35:08.529+0000] {dag.py:3096} INFO - Sync 1 DAGs
[2025-08-01T23:35:08.572+0000] {logging_mixin.py:188} INFO - [2025-08-01T23:35:08.572+0000] {dag.py:3954} INFO - Setting next_dagrun for pokemon_etl_dag to 2025-08-01 00:00:00+00:00, run_after=2025-08-02 00:00:00+00:00
[2025-08-01T23:35:08.630+0000] {processor.py:183} INFO - Processing /opt/airflow/dags/pokemon_dags.py took 1.176 seconds
[2025-08-01T23:35:39.102+0000] {processor.py:161} INFO - Started process (PID=252) to work on /opt/airflow/dags/pokemon_dags.py
[2025-08-01T23:35:39.106+0000] {processor.py:830} INFO - Processing file /opt/airflow/dags/pokemon_dags.py for tasks to queue
[2025-08-01T23:35:39.112+0000] {logging_mixin.py:188} INFO - [2025-08-01T23:35:39.111+0000] {dagbag.py:540} INFO - Filling up the DagBag from /opt/airflow/dags/pokemon_dags.py
[2025-08-01T23:35:40.100+0000] {logging_mixin.py:188} INFO - [2025-08-01T23:35:40.099+0000] {base.py:84} INFO - Using connection ID 'postgres_pokemon' for task execution.
[2025-08-01T23:35:40.113+0000] {processor.py:840} INFO - DAG(s) 'pokemon_etl_dag' retrieved from /opt/airflow/dags/pokemon_dags.py
[2025-08-01T23:35:40.140+0000] {logging_mixin.py:188} INFO - [2025-08-01T23:35:40.138+0000] {dag.py:3096} INFO - Sync 1 DAGs
[2025-08-01T23:35:40.174+0000] {logging_mixin.py:188} INFO - [2025-08-01T23:35:40.174+0000] {dag.py:3954} INFO - Setting next_dagrun for pokemon_etl_dag to 2025-08-01 00:00:00+00:00, run_after=2025-08-02 00:00:00+00:00
[2025-08-01T23:35:40.206+0000] {processor.py:183} INFO - Processing /opt/airflow/dags/pokemon_dags.py took 1.125 seconds
[2025-08-01T23:36:10.541+0000] {processor.py:161} INFO - Started process (PID=258) to work on /opt/airflow/dags/pokemon_dags.py
[2025-08-01T23:36:10.545+0000] {processor.py:830} INFO - Processing file /opt/airflow/dags/pokemon_dags.py for tasks to queue
[2025-08-01T23:36:10.553+0000] {logging_mixin.py:188} INFO - [2025-08-01T23:36:10.551+0000] {dagbag.py:540} INFO - Filling up the DagBag from /opt/airflow/dags/pokemon_dags.py
[2025-08-01T23:36:11.658+0000] {logging_mixin.py:188} INFO - [2025-08-01T23:36:11.656+0000] {base.py:84} INFO - Using connection ID 'postgres_pokemon' for task execution.
[2025-08-01T23:36:11.688+0000] {processor.py:840} INFO - DAG(s) 'pokemon_etl_dag' retrieved from /opt/airflow/dags/pokemon_dags.py
[2025-08-01T23:36:11.745+0000] {logging_mixin.py:188} INFO - [2025-08-01T23:36:11.743+0000] {dag.py:3096} INFO - Sync 1 DAGs
[2025-08-01T23:36:11.810+0000] {logging_mixin.py:188} INFO - [2025-08-01T23:36:11.809+0000] {dag.py:3954} INFO - Setting next_dagrun for pokemon_etl_dag to 2025-08-01 00:00:00+00:00, run_after=2025-08-02 00:00:00+00:00
[2025-08-01T23:36:11.872+0000] {processor.py:183} INFO - Processing /opt/airflow/dags/pokemon_dags.py took 1.361 seconds
[2025-08-01T23:36:42.151+0000] {processor.py:161} INFO - Started process (PID=264) to work on /opt/airflow/dags/pokemon_dags.py
[2025-08-01T23:36:42.155+0000] {processor.py:830} INFO - Processing file /opt/airflow/dags/pokemon_dags.py for tasks to queue
[2025-08-01T23:36:42.162+0000] {logging_mixin.py:188} INFO - [2025-08-01T23:36:42.161+0000] {dagbag.py:540} INFO - Filling up the DagBag from /opt/airflow/dags/pokemon_dags.py
[2025-08-01T23:36:44.190+0000] {logging_mixin.py:188} INFO - [2025-08-01T23:36:44.186+0000] {base.py:84} INFO - Using connection ID 'postgres_pokemon' for task execution.
[2025-08-01T23:36:44.276+0000] {processor.py:840} INFO - DAG(s) 'pokemon_etl_dag' retrieved from /opt/airflow/dags/pokemon_dags.py
[2025-08-01T23:36:44.409+0000] {logging_mixin.py:188} INFO - [2025-08-01T23:36:44.406+0000] {dag.py:3096} INFO - Sync 1 DAGs
[2025-08-01T23:36:44.553+0000] {logging_mixin.py:188} INFO - [2025-08-01T23:36:44.552+0000] {dag.py:3954} INFO - Setting next_dagrun for pokemon_etl_dag to 2025-08-01 00:00:00+00:00, run_after=2025-08-02 00:00:00+00:00
[2025-08-01T23:36:44.680+0000] {processor.py:183} INFO - Processing /opt/airflow/dags/pokemon_dags.py took 2.555 seconds
[2025-08-01T23:37:15.121+0000] {processor.py:161} INFO - Started process (PID=270) to work on /opt/airflow/dags/pokemon_dags.py
[2025-08-01T23:37:15.126+0000] {processor.py:830} INFO - Processing file /opt/airflow/dags/pokemon_dags.py for tasks to queue
[2025-08-01T23:37:15.135+0000] {logging_mixin.py:188} INFO - [2025-08-01T23:37:15.133+0000] {dagbag.py:540} INFO - Filling up the DagBag from /opt/airflow/dags/pokemon_dags.py
[2025-08-01T23:37:16.552+0000] {logging_mixin.py:188} INFO - [2025-08-01T23:37:16.551+0000] {base.py:84} INFO - Using connection ID 'postgres_pokemon' for task execution.
[2025-08-01T23:37:16.577+0000] {processor.py:840} INFO - DAG(s) 'pokemon_etl_dag' retrieved from /opt/airflow/dags/pokemon_dags.py
[2025-08-01T23:37:16.618+0000] {logging_mixin.py:188} INFO - [2025-08-01T23:37:16.618+0000] {dag.py:3096} INFO - Sync 1 DAGs
[2025-08-01T23:37:16.676+0000] {logging_mixin.py:188} INFO - [2025-08-01T23:37:16.675+0000] {dag.py:3954} INFO - Setting next_dagrun for pokemon_etl_dag to 2025-08-01 00:00:00+00:00, run_after=2025-08-02 00:00:00+00:00
[2025-08-01T23:37:16.736+0000] {processor.py:183} INFO - Processing /opt/airflow/dags/pokemon_dags.py took 1.644 seconds
[2025-08-01T23:37:47.280+0000] {processor.py:161} INFO - Started process (PID=276) to work on /opt/airflow/dags/pokemon_dags.py
[2025-08-01T23:37:47.284+0000] {processor.py:830} INFO - Processing file /opt/airflow/dags/pokemon_dags.py for tasks to queue
[2025-08-01T23:37:47.291+0000] {logging_mixin.py:188} INFO - [2025-08-01T23:37:47.290+0000] {dagbag.py:540} INFO - Filling up the DagBag from /opt/airflow/dags/pokemon_dags.py
[2025-08-01T23:37:48.423+0000] {logging_mixin.py:188} INFO - [2025-08-01T23:37:48.422+0000] {base.py:84} INFO - Using connection ID 'postgres_pokemon' for task execution.
[2025-08-01T23:37:48.444+0000] {processor.py:840} INFO - DAG(s) 'pokemon_etl_dag' retrieved from /opt/airflow/dags/pokemon_dags.py
[2025-08-01T23:37:48.478+0000] {logging_mixin.py:188} INFO - [2025-08-01T23:37:48.477+0000] {dag.py:3096} INFO - Sync 1 DAGs
[2025-08-01T23:37:48.533+0000] {logging_mixin.py:188} INFO - [2025-08-01T23:37:48.532+0000] {dag.py:3954} INFO - Setting next_dagrun for pokemon_etl_dag to 2025-08-01 00:00:00+00:00, run_after=2025-08-02 00:00:00+00:00
[2025-08-01T23:37:48.578+0000] {processor.py:183} INFO - Processing /opt/airflow/dags/pokemon_dags.py took 1.320 seconds
[2025-08-01T23:38:18.841+0000] {processor.py:161} INFO - Started process (PID=282) to work on /opt/airflow/dags/pokemon_dags.py
[2025-08-01T23:38:18.845+0000] {processor.py:830} INFO - Processing file /opt/airflow/dags/pokemon_dags.py for tasks to queue
[2025-08-01T23:38:18.851+0000] {logging_mixin.py:188} INFO - [2025-08-01T23:38:18.850+0000] {dagbag.py:540} INFO - Filling up the DagBag from /opt/airflow/dags/pokemon_dags.py
[2025-08-01T23:38:20.184+0000] {logging_mixin.py:188} INFO - [2025-08-01T23:38:20.183+0000] {base.py:84} INFO - Using connection ID 'postgres_pokemon' for task execution.
[2025-08-01T23:38:20.209+0000] {processor.py:840} INFO - DAG(s) 'pokemon_etl_dag' retrieved from /opt/airflow/dags/pokemon_dags.py
[2025-08-01T23:38:20.243+0000] {logging_mixin.py:188} INFO - [2025-08-01T23:38:20.242+0000] {dag.py:3096} INFO - Sync 1 DAGs
[2025-08-01T23:38:20.287+0000] {logging_mixin.py:188} INFO - [2025-08-01T23:38:20.287+0000] {dag.py:3954} INFO - Setting next_dagrun for pokemon_etl_dag to 2025-08-01 00:00:00+00:00, run_after=2025-08-02 00:00:00+00:00
[2025-08-01T23:38:20.328+0000] {processor.py:183} INFO - Processing /opt/airflow/dags/pokemon_dags.py took 1.512 seconds
[2025-08-01T23:38:50.975+0000] {processor.py:161} INFO - Started process (PID=288) to work on /opt/airflow/dags/pokemon_dags.py
[2025-08-01T23:38:50.979+0000] {processor.py:830} INFO - Processing file /opt/airflow/dags/pokemon_dags.py for tasks to queue
[2025-08-01T23:38:50.986+0000] {logging_mixin.py:188} INFO - [2025-08-01T23:38:50.984+0000] {dagbag.py:540} INFO - Filling up the DagBag from /opt/airflow/dags/pokemon_dags.py
[2025-08-01T23:38:51.948+0000] {logging_mixin.py:188} INFO - [2025-08-01T23:38:51.946+0000] {base.py:84} INFO - Using connection ID 'postgres_pokemon' for task execution.
[2025-08-01T23:38:51.969+0000] {processor.py:840} INFO - DAG(s) 'pokemon_etl_dag' retrieved from /opt/airflow/dags/pokemon_dags.py
[2025-08-01T23:38:52.022+0000] {logging_mixin.py:188} INFO - [2025-08-01T23:38:52.019+0000] {dag.py:3096} INFO - Sync 1 DAGs
[2025-08-01T23:38:52.087+0000] {logging_mixin.py:188} INFO - [2025-08-01T23:38:52.086+0000] {dag.py:3954} INFO - Setting next_dagrun for pokemon_etl_dag to 2025-08-01 00:00:00+00:00, run_after=2025-08-02 00:00:00+00:00
[2025-08-01T23:38:52.155+0000] {processor.py:183} INFO - Processing /opt/airflow/dags/pokemon_dags.py took 1.198 seconds
[2025-08-01T23:39:22.449+0000] {processor.py:161} INFO - Started process (PID=294) to work on /opt/airflow/dags/pokemon_dags.py
[2025-08-01T23:39:22.455+0000] {processor.py:830} INFO - Processing file /opt/airflow/dags/pokemon_dags.py for tasks to queue
[2025-08-01T23:39:22.463+0000] {logging_mixin.py:188} INFO - [2025-08-01T23:39:22.461+0000] {dagbag.py:540} INFO - Filling up the DagBag from /opt/airflow/dags/pokemon_dags.py
[2025-08-01T23:39:23.739+0000] {logging_mixin.py:188} INFO - [2025-08-01T23:39:23.737+0000] {base.py:84} INFO - Using connection ID 'postgres_pokemon' for task execution.
[2025-08-01T23:39:23.769+0000] {processor.py:840} INFO - DAG(s) 'pokemon_etl_dag' retrieved from /opt/airflow/dags/pokemon_dags.py
[2025-08-01T23:39:23.816+0000] {logging_mixin.py:188} INFO - [2025-08-01T23:39:23.815+0000] {dag.py:3096} INFO - Sync 1 DAGs
[2025-08-01T23:39:23.875+0000] {logging_mixin.py:188} INFO - [2025-08-01T23:39:23.875+0000] {dag.py:3954} INFO - Setting next_dagrun for pokemon_etl_dag to 2025-08-01 00:00:00+00:00, run_after=2025-08-02 00:00:00+00:00
[2025-08-01T23:39:23.940+0000] {processor.py:183} INFO - Processing /opt/airflow/dags/pokemon_dags.py took 1.522 seconds
[2025-08-01T23:39:54.510+0000] {processor.py:161} INFO - Started process (PID=300) to work on /opt/airflow/dags/pokemon_dags.py
[2025-08-01T23:39:54.515+0000] {processor.py:830} INFO - Processing file /opt/airflow/dags/pokemon_dags.py for tasks to queue
[2025-08-01T23:39:54.524+0000] {logging_mixin.py:188} INFO - [2025-08-01T23:39:54.521+0000] {dagbag.py:540} INFO - Filling up the DagBag from /opt/airflow/dags/pokemon_dags.py
[2025-08-01T23:39:55.588+0000] {logging_mixin.py:188} INFO - [2025-08-01T23:39:55.586+0000] {base.py:84} INFO - Using connection ID 'postgres_pokemon' for task execution.
[2025-08-01T23:39:55.616+0000] {processor.py:840} INFO - DAG(s) 'pokemon_etl_dag' retrieved from /opt/airflow/dags/pokemon_dags.py
[2025-08-01T23:39:55.653+0000] {logging_mixin.py:188} INFO - [2025-08-01T23:39:55.652+0000] {dag.py:3096} INFO - Sync 1 DAGs
[2025-08-01T23:39:55.709+0000] {logging_mixin.py:188} INFO - [2025-08-01T23:39:55.708+0000] {dag.py:3954} INFO - Setting next_dagrun for pokemon_etl_dag to 2025-08-01 00:00:00+00:00, run_after=2025-08-02 00:00:00+00:00
[2025-08-01T23:39:55.761+0000] {processor.py:183} INFO - Processing /opt/airflow/dags/pokemon_dags.py took 1.274 seconds
[2025-08-01T23:40:26.375+0000] {processor.py:161} INFO - Started process (PID=306) to work on /opt/airflow/dags/pokemon_dags.py
[2025-08-01T23:40:26.380+0000] {processor.py:830} INFO - Processing file /opt/airflow/dags/pokemon_dags.py for tasks to queue
[2025-08-01T23:40:26.387+0000] {logging_mixin.py:188} INFO - [2025-08-01T23:40:26.385+0000] {dagbag.py:540} INFO - Filling up the DagBag from /opt/airflow/dags/pokemon_dags.py
[2025-08-01T23:40:27.646+0000] {logging_mixin.py:188} INFO - [2025-08-01T23:40:27.644+0000] {base.py:84} INFO - Using connection ID 'postgres_pokemon' for task execution.
[2025-08-01T23:40:27.670+0000] {processor.py:840} INFO - DAG(s) 'pokemon_etl_dag' retrieved from /opt/airflow/dags/pokemon_dags.py
[2025-08-01T23:40:27.728+0000] {logging_mixin.py:188} INFO - [2025-08-01T23:40:27.727+0000] {dag.py:3096} INFO - Sync 1 DAGs
[2025-08-01T23:40:27.799+0000] {logging_mixin.py:188} INFO - [2025-08-01T23:40:27.798+0000] {dag.py:3954} INFO - Setting next_dagrun for pokemon_etl_dag to 2025-08-01 00:00:00+00:00, run_after=2025-08-02 00:00:00+00:00
[2025-08-01T23:40:27.861+0000] {processor.py:183} INFO - Processing /opt/airflow/dags/pokemon_dags.py took 1.518 seconds
[2025-08-01T23:40:58.339+0000] {processor.py:161} INFO - Started process (PID=312) to work on /opt/airflow/dags/pokemon_dags.py
[2025-08-01T23:40:58.344+0000] {processor.py:830} INFO - Processing file /opt/airflow/dags/pokemon_dags.py for tasks to queue
[2025-08-01T23:40:58.349+0000] {logging_mixin.py:188} INFO - [2025-08-01T23:40:58.348+0000] {dagbag.py:540} INFO - Filling up the DagBag from /opt/airflow/dags/pokemon_dags.py
[2025-08-01T23:40:59.431+0000] {logging_mixin.py:188} INFO - [2025-08-01T23:40:59.429+0000] {base.py:84} INFO - Using connection ID 'postgres_pokemon' for task execution.
[2025-08-01T23:40:59.462+0000] {processor.py:840} INFO - DAG(s) 'pokemon_etl_dag' retrieved from /opt/airflow/dags/pokemon_dags.py
[2025-08-01T23:40:59.500+0000] {logging_mixin.py:188} INFO - [2025-08-01T23:40:59.499+0000] {dag.py:3096} INFO - Sync 1 DAGs
[2025-08-01T23:40:59.582+0000] {logging_mixin.py:188} INFO - [2025-08-01T23:40:59.581+0000] {dag.py:3954} INFO - Setting next_dagrun for pokemon_etl_dag to 2025-08-01 00:00:00+00:00, run_after=2025-08-02 00:00:00+00:00
[2025-08-01T23:40:59.644+0000] {processor.py:183} INFO - Processing /opt/airflow/dags/pokemon_dags.py took 1.327 seconds
[2025-08-01T23:41:30.285+0000] {processor.py:161} INFO - Started process (PID=318) to work on /opt/airflow/dags/pokemon_dags.py
[2025-08-01T23:41:30.287+0000] {processor.py:830} INFO - Processing file /opt/airflow/dags/pokemon_dags.py for tasks to queue
[2025-08-01T23:41:30.292+0000] {logging_mixin.py:188} INFO - [2025-08-01T23:41:30.291+0000] {dagbag.py:540} INFO - Filling up the DagBag from /opt/airflow/dags/pokemon_dags.py
[2025-08-01T23:41:31.342+0000] {logging_mixin.py:188} INFO - [2025-08-01T23:41:31.341+0000] {base.py:84} INFO - Using connection ID 'postgres_pokemon' for task execution.
[2025-08-01T23:41:31.371+0000] {processor.py:840} INFO - DAG(s) 'pokemon_etl_dag' retrieved from /opt/airflow/dags/pokemon_dags.py
[2025-08-01T23:41:31.422+0000] {logging_mixin.py:188} INFO - [2025-08-01T23:41:31.420+0000] {dag.py:3096} INFO - Sync 1 DAGs
[2025-08-01T23:41:31.482+0000] {logging_mixin.py:188} INFO - [2025-08-01T23:41:31.480+0000] {dag.py:3954} INFO - Setting next_dagrun for pokemon_etl_dag to 2025-08-01 00:00:00+00:00, run_after=2025-08-02 00:00:00+00:00
[2025-08-01T23:41:31.539+0000] {processor.py:183} INFO - Processing /opt/airflow/dags/pokemon_dags.py took 1.268 seconds
[2025-08-01T23:42:01.723+0000] {processor.py:161} INFO - Started process (PID=324) to work on /opt/airflow/dags/pokemon_dags.py
[2025-08-01T23:42:01.726+0000] {processor.py:830} INFO - Processing file /opt/airflow/dags/pokemon_dags.py for tasks to queue
[2025-08-01T23:42:01.734+0000] {logging_mixin.py:188} INFO - [2025-08-01T23:42:01.733+0000] {dagbag.py:540} INFO - Filling up the DagBag from /opt/airflow/dags/pokemon_dags.py
[2025-08-01T23:42:02.987+0000] {logging_mixin.py:188} INFO - [2025-08-01T23:42:02.987+0000] {base.py:84} INFO - Using connection ID 'postgres_pokemon' for task execution.
[2025-08-01T23:42:03.004+0000] {processor.py:840} INFO - DAG(s) 'pokemon_etl_dag' retrieved from /opt/airflow/dags/pokemon_dags.py
[2025-08-01T23:42:03.065+0000] {logging_mixin.py:188} INFO - [2025-08-01T23:42:03.063+0000] {dag.py:3096} INFO - Sync 1 DAGs
[2025-08-01T23:42:03.131+0000] {logging_mixin.py:188} INFO - [2025-08-01T23:42:03.130+0000] {dag.py:3954} INFO - Setting next_dagrun for pokemon_etl_dag to 2025-08-01 00:00:00+00:00, run_after=2025-08-02 00:00:00+00:00
[2025-08-01T23:42:03.195+0000] {processor.py:183} INFO - Processing /opt/airflow/dags/pokemon_dags.py took 1.506 seconds
[2025-08-01T23:42:33.626+0000] {processor.py:161} INFO - Started process (PID=330) to work on /opt/airflow/dags/pokemon_dags.py
[2025-08-01T23:42:33.633+0000] {processor.py:830} INFO - Processing file /opt/airflow/dags/pokemon_dags.py for tasks to queue
[2025-08-01T23:42:33.644+0000] {logging_mixin.py:188} INFO - [2025-08-01T23:42:33.642+0000] {dagbag.py:540} INFO - Filling up the DagBag from /opt/airflow/dags/pokemon_dags.py
[2025-08-01T23:42:35.424+0000] {logging_mixin.py:188} INFO - [2025-08-01T23:42:35.422+0000] {base.py:84} INFO - Using connection ID 'postgres_pokemon' for task execution.
[2025-08-01T23:42:35.456+0000] {processor.py:840} INFO - DAG(s) 'pokemon_etl_dag' retrieved from /opt/airflow/dags/pokemon_dags.py
[2025-08-01T23:42:35.514+0000] {logging_mixin.py:188} INFO - [2025-08-01T23:42:35.512+0000] {dag.py:3096} INFO - Sync 1 DAGs
[2025-08-01T23:42:35.582+0000] {logging_mixin.py:188} INFO - [2025-08-01T23:42:35.581+0000] {dag.py:3954} INFO - Setting next_dagrun for pokemon_etl_dag to 2025-08-01 00:00:00+00:00, run_after=2025-08-02 00:00:00+00:00
[2025-08-01T23:42:35.650+0000] {processor.py:183} INFO - Processing /opt/airflow/dags/pokemon_dags.py took 2.058 seconds
[2025-08-01T23:43:06.120+0000] {processor.py:161} INFO - Started process (PID=336) to work on /opt/airflow/dags/pokemon_dags.py
[2025-08-01T23:43:06.123+0000] {processor.py:830} INFO - Processing file /opt/airflow/dags/pokemon_dags.py for tasks to queue
[2025-08-01T23:43:06.129+0000] {logging_mixin.py:188} INFO - [2025-08-01T23:43:06.128+0000] {dagbag.py:540} INFO - Filling up the DagBag from /opt/airflow/dags/pokemon_dags.py
[2025-08-01T23:43:07.442+0000] {logging_mixin.py:188} INFO - [2025-08-01T23:43:07.441+0000] {base.py:84} INFO - Using connection ID 'postgres_pokemon' for task execution.
[2025-08-01T23:43:07.466+0000] {processor.py:840} INFO - DAG(s) 'pokemon_etl_dag' retrieved from /opt/airflow/dags/pokemon_dags.py
[2025-08-01T23:43:07.504+0000] {logging_mixin.py:188} INFO - [2025-08-01T23:43:07.503+0000] {dag.py:3096} INFO - Sync 1 DAGs
[2025-08-01T23:43:07.564+0000] {logging_mixin.py:188} INFO - [2025-08-01T23:43:07.564+0000] {dag.py:3954} INFO - Setting next_dagrun for pokemon_etl_dag to 2025-08-01 00:00:00+00:00, run_after=2025-08-02 00:00:00+00:00
[2025-08-01T23:43:07.621+0000] {processor.py:183} INFO - Processing /opt/airflow/dags/pokemon_dags.py took 1.524 seconds
[2025-08-01T23:43:37.939+0000] {processor.py:161} INFO - Started process (PID=342) to work on /opt/airflow/dags/pokemon_dags.py
[2025-08-01T23:43:37.944+0000] {processor.py:830} INFO - Processing file /opt/airflow/dags/pokemon_dags.py for tasks to queue
[2025-08-01T23:43:37.951+0000] {logging_mixin.py:188} INFO - [2025-08-01T23:43:37.950+0000] {dagbag.py:540} INFO - Filling up the DagBag from /opt/airflow/dags/pokemon_dags.py
[2025-08-01T23:43:39.386+0000] {logging_mixin.py:188} INFO - [2025-08-01T23:43:39.385+0000] {base.py:84} INFO - Using connection ID 'postgres_pokemon' for task execution.
[2025-08-01T23:43:39.423+0000] {processor.py:840} INFO - DAG(s) 'pokemon_etl_dag' retrieved from /opt/airflow/dags/pokemon_dags.py
[2025-08-01T23:43:39.475+0000] {logging_mixin.py:188} INFO - [2025-08-01T23:43:39.474+0000] {dag.py:3096} INFO - Sync 1 DAGs
[2025-08-01T23:43:39.551+0000] {logging_mixin.py:188} INFO - [2025-08-01T23:43:39.550+0000] {dag.py:3954} INFO - Setting next_dagrun for pokemon_etl_dag to 2025-08-01 00:00:00+00:00, run_after=2025-08-02 00:00:00+00:00
[2025-08-01T23:43:39.618+0000] {processor.py:183} INFO - Processing /opt/airflow/dags/pokemon_dags.py took 1.708 seconds
[2025-08-01T23:44:10.222+0000] {processor.py:161} INFO - Started process (PID=348) to work on /opt/airflow/dags/pokemon_dags.py
[2025-08-01T23:44:10.225+0000] {processor.py:830} INFO - Processing file /opt/airflow/dags/pokemon_dags.py for tasks to queue
[2025-08-01T23:44:10.231+0000] {logging_mixin.py:188} INFO - [2025-08-01T23:44:10.229+0000] {dagbag.py:540} INFO - Filling up the DagBag from /opt/airflow/dags/pokemon_dags.py
[2025-08-01T23:44:11.687+0000] {logging_mixin.py:188} INFO - [2025-08-01T23:44:11.684+0000] {base.py:84} INFO - Using connection ID 'postgres_pokemon' for task execution.
[2025-08-01T23:44:11.722+0000] {processor.py:840} INFO - DAG(s) 'pokemon_etl_dag' retrieved from /opt/airflow/dags/pokemon_dags.py
[2025-08-01T23:44:11.786+0000] {logging_mixin.py:188} INFO - [2025-08-01T23:44:11.784+0000] {dag.py:3096} INFO - Sync 1 DAGs
[2025-08-01T23:44:11.860+0000] {logging_mixin.py:188} INFO - [2025-08-01T23:44:11.860+0000] {dag.py:3954} INFO - Setting next_dagrun for pokemon_etl_dag to 2025-08-01 00:00:00+00:00, run_after=2025-08-02 00:00:00+00:00
[2025-08-01T23:44:11.929+0000] {processor.py:183} INFO - Processing /opt/airflow/dags/pokemon_dags.py took 1.731 seconds
[2025-08-01T23:44:42.532+0000] {processor.py:161} INFO - Started process (PID=354) to work on /opt/airflow/dags/pokemon_dags.py
[2025-08-01T23:44:42.536+0000] {processor.py:830} INFO - Processing file /opt/airflow/dags/pokemon_dags.py for tasks to queue
[2025-08-01T23:44:42.545+0000] {logging_mixin.py:188} INFO - [2025-08-01T23:44:42.542+0000] {dagbag.py:540} INFO - Filling up the DagBag from /opt/airflow/dags/pokemon_dags.py
[2025-08-01T23:44:43.999+0000] {logging_mixin.py:188} INFO - [2025-08-01T23:44:43.997+0000] {base.py:84} INFO - Using connection ID 'postgres_pokemon' for task execution.
[2025-08-01T23:44:44.026+0000] {processor.py:840} INFO - DAG(s) 'pokemon_etl_dag' retrieved from /opt/airflow/dags/pokemon_dags.py
[2025-08-01T23:44:44.065+0000] {logging_mixin.py:188} INFO - [2025-08-01T23:44:44.060+0000] {dag.py:3096} INFO - Sync 1 DAGs
[2025-08-01T23:44:44.140+0000] {logging_mixin.py:188} INFO - [2025-08-01T23:44:44.139+0000] {dag.py:3954} INFO - Setting next_dagrun for pokemon_etl_dag to 2025-08-01 00:00:00+00:00, run_after=2025-08-02 00:00:00+00:00
[2025-08-01T23:44:44.219+0000] {processor.py:183} INFO - Processing /opt/airflow/dags/pokemon_dags.py took 1.716 seconds
[2025-08-01T23:45:14.803+0000] {processor.py:161} INFO - Started process (PID=360) to work on /opt/airflow/dags/pokemon_dags.py
[2025-08-01T23:45:14.808+0000] {processor.py:830} INFO - Processing file /opt/airflow/dags/pokemon_dags.py for tasks to queue
[2025-08-01T23:45:14.815+0000] {logging_mixin.py:188} INFO - [2025-08-01T23:45:14.814+0000] {dagbag.py:540} INFO - Filling up the DagBag from /opt/airflow/dags/pokemon_dags.py
[2025-08-01T23:45:16.247+0000] {logging_mixin.py:188} INFO - [2025-08-01T23:45:16.246+0000] {base.py:84} INFO - Using connection ID 'postgres_pokemon' for task execution.
[2025-08-01T23:45:16.272+0000] {processor.py:840} INFO - DAG(s) 'pokemon_etl_dag' retrieved from /opt/airflow/dags/pokemon_dags.py
[2025-08-01T23:45:16.322+0000] {logging_mixin.py:188} INFO - [2025-08-01T23:45:16.321+0000] {dag.py:3096} INFO - Sync 1 DAGs
[2025-08-01T23:45:16.388+0000] {logging_mixin.py:188} INFO - [2025-08-01T23:45:16.388+0000] {dag.py:3954} INFO - Setting next_dagrun for pokemon_etl_dag to 2025-08-01 00:00:00+00:00, run_after=2025-08-02 00:00:00+00:00
[2025-08-01T23:45:16.456+0000] {processor.py:183} INFO - Processing /opt/airflow/dags/pokemon_dags.py took 1.680 seconds
[2025-08-01T23:45:46.836+0000] {processor.py:161} INFO - Started process (PID=366) to work on /opt/airflow/dags/pokemon_dags.py
[2025-08-01T23:45:46.840+0000] {processor.py:830} INFO - Processing file /opt/airflow/dags/pokemon_dags.py for tasks to queue
[2025-08-01T23:45:46.847+0000] {logging_mixin.py:188} INFO - [2025-08-01T23:45:46.845+0000] {dagbag.py:540} INFO - Filling up the DagBag from /opt/airflow/dags/pokemon_dags.py
[2025-08-01T23:45:48.021+0000] {logging_mixin.py:188} INFO - [2025-08-01T23:45:48.020+0000] {base.py:84} INFO - Using connection ID 'postgres_pokemon' for task execution.
[2025-08-01T23:45:48.047+0000] {processor.py:840} INFO - DAG(s) 'pokemon_etl_dag' retrieved from /opt/airflow/dags/pokemon_dags.py
[2025-08-01T23:45:48.105+0000] {logging_mixin.py:188} INFO - [2025-08-01T23:45:48.104+0000] {dag.py:3096} INFO - Sync 1 DAGs
[2025-08-01T23:45:48.172+0000] {logging_mixin.py:188} INFO - [2025-08-01T23:45:48.171+0000] {dag.py:3954} INFO - Setting next_dagrun for pokemon_etl_dag to 2025-08-01 00:00:00+00:00, run_after=2025-08-02 00:00:00+00:00
[2025-08-01T23:45:48.231+0000] {processor.py:183} INFO - Processing /opt/airflow/dags/pokemon_dags.py took 1.424 seconds
[2025-08-01T23:46:18.456+0000] {processor.py:161} INFO - Started process (PID=372) to work on /opt/airflow/dags/pokemon_dags.py
[2025-08-01T23:46:18.460+0000] {processor.py:830} INFO - Processing file /opt/airflow/dags/pokemon_dags.py for tasks to queue
[2025-08-01T23:46:18.468+0000] {logging_mixin.py:188} INFO - [2025-08-01T23:46:18.467+0000] {dagbag.py:540} INFO - Filling up the DagBag from /opt/airflow/dags/pokemon_dags.py
[2025-08-01T23:46:19.565+0000] {logging_mixin.py:188} INFO - [2025-08-01T23:46:19.564+0000] {base.py:84} INFO - Using connection ID 'postgres_pokemon' for task execution.
[2025-08-01T23:46:19.583+0000] {processor.py:840} INFO - DAG(s) 'pokemon_etl_dag' retrieved from /opt/airflow/dags/pokemon_dags.py
[2025-08-01T23:46:19.617+0000] {logging_mixin.py:188} INFO - [2025-08-01T23:46:19.616+0000] {dag.py:3096} INFO - Sync 1 DAGs
[2025-08-01T23:46:19.667+0000] {logging_mixin.py:188} INFO - [2025-08-01T23:46:19.666+0000] {dag.py:3954} INFO - Setting next_dagrun for pokemon_etl_dag to 2025-08-01 00:00:00+00:00, run_after=2025-08-02 00:00:00+00:00
[2025-08-01T23:46:19.726+0000] {processor.py:183} INFO - Processing /opt/airflow/dags/pokemon_dags.py took 1.299 seconds
[2025-08-01T23:46:50.269+0000] {processor.py:161} INFO - Started process (PID=378) to work on /opt/airflow/dags/pokemon_dags.py
[2025-08-01T23:46:50.274+0000] {processor.py:830} INFO - Processing file /opt/airflow/dags/pokemon_dags.py for tasks to queue
[2025-08-01T23:46:50.284+0000] {logging_mixin.py:188} INFO - [2025-08-01T23:46:50.283+0000] {dagbag.py:540} INFO - Filling up the DagBag from /opt/airflow/dags/pokemon_dags.py
[2025-08-01T23:46:51.551+0000] {logging_mixin.py:188} INFO - [2025-08-01T23:46:51.547+0000] {base.py:84} INFO - Using connection ID 'postgres_pokemon' for task execution.
[2025-08-01T23:46:51.571+0000] {processor.py:840} INFO - DAG(s) 'pokemon_etl_dag' retrieved from /opt/airflow/dags/pokemon_dags.py
[2025-08-01T23:46:51.624+0000] {logging_mixin.py:188} INFO - [2025-08-01T23:46:51.622+0000] {dag.py:3096} INFO - Sync 1 DAGs
[2025-08-01T23:46:51.696+0000] {logging_mixin.py:188} INFO - [2025-08-01T23:46:51.695+0000] {dag.py:3954} INFO - Setting next_dagrun for pokemon_etl_dag to 2025-08-01 00:00:00+00:00, run_after=2025-08-02 00:00:00+00:00
[2025-08-01T23:46:51.763+0000] {processor.py:183} INFO - Processing /opt/airflow/dags/pokemon_dags.py took 1.521 seconds
[2025-08-01T23:47:22.358+0000] {processor.py:161} INFO - Started process (PID=384) to work on /opt/airflow/dags/pokemon_dags.py
[2025-08-01T23:47:22.363+0000] {processor.py:830} INFO - Processing file /opt/airflow/dags/pokemon_dags.py for tasks to queue
[2025-08-01T23:47:22.371+0000] {logging_mixin.py:188} INFO - [2025-08-01T23:47:22.369+0000] {dagbag.py:540} INFO - Filling up the DagBag from /opt/airflow/dags/pokemon_dags.py
[2025-08-01T23:47:23.838+0000] {logging_mixin.py:188} INFO - [2025-08-01T23:47:23.836+0000] {base.py:84} INFO - Using connection ID 'postgres_pokemon' for task execution.
[2025-08-01T23:47:23.874+0000] {processor.py:840} INFO - DAG(s) 'pokemon_etl_dag' retrieved from /opt/airflow/dags/pokemon_dags.py
[2025-08-01T23:47:23.938+0000] {logging_mixin.py:188} INFO - [2025-08-01T23:47:23.936+0000] {dag.py:3096} INFO - Sync 1 DAGs
[2025-08-01T23:47:24.042+0000] {logging_mixin.py:188} INFO - [2025-08-01T23:47:24.041+0000] {dag.py:3954} INFO - Setting next_dagrun for pokemon_etl_dag to 2025-08-01 00:00:00+00:00, run_after=2025-08-02 00:00:00+00:00
[2025-08-01T23:47:24.121+0000] {processor.py:183} INFO - Processing /opt/airflow/dags/pokemon_dags.py took 1.794 seconds
[2025-08-01T23:47:54.851+0000] {processor.py:161} INFO - Started process (PID=390) to work on /opt/airflow/dags/pokemon_dags.py
[2025-08-01T23:47:54.856+0000] {processor.py:830} INFO - Processing file /opt/airflow/dags/pokemon_dags.py for tasks to queue
[2025-08-01T23:47:54.866+0000] {logging_mixin.py:188} INFO - [2025-08-01T23:47:54.864+0000] {dagbag.py:540} INFO - Filling up the DagBag from /opt/airflow/dags/pokemon_dags.py
[2025-08-01T23:47:55.925+0000] {logging_mixin.py:188} INFO - [2025-08-01T23:47:55.923+0000] {base.py:84} INFO - Using connection ID 'postgres_pokemon' for task execution.
[2025-08-01T23:47:55.955+0000] {processor.py:840} INFO - DAG(s) 'pokemon_etl_dag' retrieved from /opt/airflow/dags/pokemon_dags.py
[2025-08-01T23:47:56.007+0000] {logging_mixin.py:188} INFO - [2025-08-01T23:47:56.005+0000] {dag.py:3096} INFO - Sync 1 DAGs
[2025-08-01T23:47:56.079+0000] {logging_mixin.py:188} INFO - [2025-08-01T23:47:56.078+0000] {dag.py:3954} INFO - Setting next_dagrun for pokemon_etl_dag to 2025-08-01 00:00:00+00:00, run_after=2025-08-02 00:00:00+00:00
[2025-08-01T23:47:56.141+0000] {processor.py:183} INFO - Processing /opt/airflow/dags/pokemon_dags.py took 1.323 seconds
[2025-08-01T23:48:27.544+0000] {processor.py:161} INFO - Started process (PID=396) to work on /opt/airflow/dags/pokemon_dags.py
[2025-08-01T23:48:27.560+0000] {processor.py:830} INFO - Processing file /opt/airflow/dags/pokemon_dags.py for tasks to queue
[2025-08-01T23:48:27.580+0000] {logging_mixin.py:188} INFO - [2025-08-01T23:48:27.572+0000] {dagbag.py:540} INFO - Filling up the DagBag from /opt/airflow/dags/pokemon_dags.py
[2025-08-01T23:48:29.501+0000] {logging_mixin.py:188} INFO - [2025-08-01T23:48:29.499+0000] {base.py:84} INFO - Using connection ID 'postgres_pokemon' for task execution.
[2025-08-01T23:48:29.541+0000] {processor.py:840} INFO - DAG(s) 'pokemon_etl_dag' retrieved from /opt/airflow/dags/pokemon_dags.py
[2025-08-01T23:48:29.606+0000] {logging_mixin.py:188} INFO - [2025-08-01T23:48:29.604+0000] {dag.py:3096} INFO - Sync 1 DAGs
[2025-08-01T23:48:29.700+0000] {logging_mixin.py:188} INFO - [2025-08-01T23:48:29.699+0000] {dag.py:3954} INFO - Setting next_dagrun for pokemon_etl_dag to 2025-08-01 00:00:00+00:00, run_after=2025-08-02 00:00:00+00:00
[2025-08-01T23:48:29.778+0000] {processor.py:183} INFO - Processing /opt/airflow/dags/pokemon_dags.py took 2.321 seconds
[2025-08-01T23:49:01.338+0000] {processor.py:161} INFO - Started process (PID=402) to work on /opt/airflow/dags/pokemon_dags.py
[2025-08-01T23:49:01.360+0000] {processor.py:830} INFO - Processing file /opt/airflow/dags/pokemon_dags.py for tasks to queue
[2025-08-01T23:49:01.427+0000] {logging_mixin.py:188} INFO - [2025-08-01T23:49:01.414+0000] {dagbag.py:540} INFO - Filling up the DagBag from /opt/airflow/dags/pokemon_dags.py
[2025-08-01T23:49:05.559+0000] {logging_mixin.py:188} INFO - [2025-08-01T23:49:05.558+0000] {base.py:84} INFO - Using connection ID 'postgres_pokemon' for task execution.
[2025-08-01T23:49:05.580+0000] {processor.py:840} INFO - DAG(s) 'pokemon_etl_dag' retrieved from /opt/airflow/dags/pokemon_dags.py
[2025-08-01T23:49:05.621+0000] {logging_mixin.py:188} INFO - [2025-08-01T23:49:05.620+0000] {dag.py:3096} INFO - Sync 1 DAGs
[2025-08-01T23:49:05.664+0000] {logging_mixin.py:188} INFO - [2025-08-01T23:49:05.664+0000] {dag.py:3954} INFO - Setting next_dagrun for pokemon_etl_dag to 2025-08-01 00:00:00+00:00, run_after=2025-08-02 00:00:00+00:00
[2025-08-01T23:49:05.707+0000] {processor.py:183} INFO - Processing /opt/airflow/dags/pokemon_dags.py took 4.598 seconds
[2025-08-01T23:49:36.180+0000] {processor.py:161} INFO - Started process (PID=408) to work on /opt/airflow/dags/pokemon_dags.py
[2025-08-01T23:49:36.185+0000] {processor.py:830} INFO - Processing file /opt/airflow/dags/pokemon_dags.py for tasks to queue
[2025-08-01T23:49:36.195+0000] {logging_mixin.py:188} INFO - [2025-08-01T23:49:36.193+0000] {dagbag.py:540} INFO - Filling up the DagBag from /opt/airflow/dags/pokemon_dags.py
[2025-08-01T23:49:37.341+0000] {logging_mixin.py:188} INFO - [2025-08-01T23:49:37.340+0000] {base.py:84} INFO - Using connection ID 'postgres_pokemon' for task execution.
[2025-08-01T23:49:37.363+0000] {processor.py:840} INFO - DAG(s) 'pokemon_etl_dag' retrieved from /opt/airflow/dags/pokemon_dags.py
[2025-08-01T23:49:37.401+0000] {logging_mixin.py:188} INFO - [2025-08-01T23:49:37.400+0000] {dag.py:3096} INFO - Sync 1 DAGs
[2025-08-01T23:49:37.451+0000] {logging_mixin.py:188} INFO - [2025-08-01T23:49:37.450+0000] {dag.py:3954} INFO - Setting next_dagrun for pokemon_etl_dag to 2025-08-01 00:00:00+00:00, run_after=2025-08-02 00:00:00+00:00
[2025-08-01T23:49:37.497+0000] {processor.py:183} INFO - Processing /opt/airflow/dags/pokemon_dags.py took 1.340 seconds
[2025-08-01T23:50:08.038+0000] {processor.py:161} INFO - Started process (PID=414) to work on /opt/airflow/dags/pokemon_dags.py
[2025-08-01T23:50:08.042+0000] {processor.py:830} INFO - Processing file /opt/airflow/dags/pokemon_dags.py for tasks to queue
[2025-08-01T23:50:08.050+0000] {logging_mixin.py:188} INFO - [2025-08-01T23:50:08.048+0000] {dagbag.py:540} INFO - Filling up the DagBag from /opt/airflow/dags/pokemon_dags.py
[2025-08-01T23:50:08.988+0000] {logging_mixin.py:188} INFO - [2025-08-01T23:50:08.987+0000] {base.py:84} INFO - Using connection ID 'postgres_pokemon' for task execution.
[2025-08-01T23:50:09.010+0000] {processor.py:840} INFO - DAG(s) 'pokemon_etl_dag' retrieved from /opt/airflow/dags/pokemon_dags.py
[2025-08-01T23:50:09.036+0000] {logging_mixin.py:188} INFO - [2025-08-01T23:50:09.035+0000] {dag.py:3096} INFO - Sync 1 DAGs
[2025-08-01T23:50:09.076+0000] {logging_mixin.py:188} INFO - [2025-08-01T23:50:09.076+0000] {dag.py:3954} INFO - Setting next_dagrun for pokemon_etl_dag to 2025-08-01 00:00:00+00:00, run_after=2025-08-02 00:00:00+00:00
[2025-08-01T23:50:09.123+0000] {processor.py:183} INFO - Processing /opt/airflow/dags/pokemon_dags.py took 1.108 seconds
[2025-08-01T23:50:39.563+0000] {processor.py:161} INFO - Started process (PID=420) to work on /opt/airflow/dags/pokemon_dags.py
[2025-08-01T23:50:39.567+0000] {processor.py:830} INFO - Processing file /opt/airflow/dags/pokemon_dags.py for tasks to queue
[2025-08-01T23:50:39.576+0000] {logging_mixin.py:188} INFO - [2025-08-01T23:50:39.574+0000] {dagbag.py:540} INFO - Filling up the DagBag from /opt/airflow/dags/pokemon_dags.py
[2025-08-01T23:50:40.856+0000] {logging_mixin.py:188} INFO - [2025-08-01T23:50:40.854+0000] {base.py:84} INFO - Using connection ID 'postgres_pokemon' for task execution.
[2025-08-01T23:50:40.883+0000] {processor.py:840} INFO - DAG(s) 'pokemon_etl_dag' retrieved from /opt/airflow/dags/pokemon_dags.py
[2025-08-01T23:50:40.931+0000] {logging_mixin.py:188} INFO - [2025-08-01T23:50:40.929+0000] {dag.py:3096} INFO - Sync 1 DAGs
[2025-08-01T23:50:40.998+0000] {logging_mixin.py:188} INFO - [2025-08-01T23:50:40.997+0000] {dag.py:3954} INFO - Setting next_dagrun for pokemon_etl_dag to 2025-08-01 00:00:00+00:00, run_after=2025-08-02 00:00:00+00:00
[2025-08-01T23:50:41.059+0000] {processor.py:183} INFO - Processing /opt/airflow/dags/pokemon_dags.py took 1.527 seconds
[2025-08-01T23:51:11.639+0000] {processor.py:161} INFO - Started process (PID=426) to work on /opt/airflow/dags/pokemon_dags.py
[2025-08-01T23:51:11.644+0000] {processor.py:830} INFO - Processing file /opt/airflow/dags/pokemon_dags.py for tasks to queue
[2025-08-01T23:51:11.652+0000] {logging_mixin.py:188} INFO - [2025-08-01T23:51:11.651+0000] {dagbag.py:540} INFO - Filling up the DagBag from /opt/airflow/dags/pokemon_dags.py
[2025-08-01T23:51:12.628+0000] {logging_mixin.py:188} INFO - [2025-08-01T23:51:12.627+0000] {base.py:84} INFO - Using connection ID 'postgres_pokemon' for task execution.
[2025-08-01T23:51:12.655+0000] {processor.py:840} INFO - DAG(s) 'pokemon_etl_dag' retrieved from /opt/airflow/dags/pokemon_dags.py
[2025-08-01T23:51:12.691+0000] {logging_mixin.py:188} INFO - [2025-08-01T23:51:12.689+0000] {dag.py:3096} INFO - Sync 1 DAGs
[2025-08-01T23:51:12.739+0000] {logging_mixin.py:188} INFO - [2025-08-01T23:51:12.739+0000] {dag.py:3954} INFO - Setting next_dagrun for pokemon_etl_dag to 2025-08-01 00:00:00+00:00, run_after=2025-08-02 00:00:00+00:00
[2025-08-01T23:51:12.792+0000] {processor.py:183} INFO - Processing /opt/airflow/dags/pokemon_dags.py took 1.184 seconds
[2025-08-01T23:51:43.073+0000] {processor.py:161} INFO - Started process (PID=432) to work on /opt/airflow/dags/pokemon_dags.py
[2025-08-01T23:51:43.078+0000] {processor.py:830} INFO - Processing file /opt/airflow/dags/pokemon_dags.py for tasks to queue
[2025-08-01T23:51:43.085+0000] {logging_mixin.py:188} INFO - [2025-08-01T23:51:43.084+0000] {dagbag.py:540} INFO - Filling up the DagBag from /opt/airflow/dags/pokemon_dags.py
[2025-08-01T23:51:44.391+0000] {logging_mixin.py:188} INFO - [2025-08-01T23:51:44.389+0000] {base.py:84} INFO - Using connection ID 'postgres_pokemon' for task execution.
[2025-08-01T23:51:44.420+0000] {processor.py:840} INFO - DAG(s) 'pokemon_etl_dag' retrieved from /opt/airflow/dags/pokemon_dags.py
[2025-08-01T23:51:44.472+0000] {logging_mixin.py:188} INFO - [2025-08-01T23:51:44.472+0000] {dag.py:3096} INFO - Sync 1 DAGs
[2025-08-01T23:51:44.533+0000] {logging_mixin.py:188} INFO - [2025-08-01T23:51:44.532+0000] {dag.py:3954} INFO - Setting next_dagrun for pokemon_etl_dag to 2025-08-01 00:00:00+00:00, run_after=2025-08-02 00:00:00+00:00
[2025-08-01T23:51:44.596+0000] {processor.py:183} INFO - Processing /opt/airflow/dags/pokemon_dags.py took 1.541 seconds
[2025-08-01T23:52:15.193+0000] {processor.py:161} INFO - Started process (PID=438) to work on /opt/airflow/dags/pokemon_dags.py
[2025-08-01T23:52:15.196+0000] {processor.py:830} INFO - Processing file /opt/airflow/dags/pokemon_dags.py for tasks to queue
[2025-08-01T23:52:15.200+0000] {logging_mixin.py:188} INFO - [2025-08-01T23:52:15.199+0000] {dagbag.py:540} INFO - Filling up the DagBag from /opt/airflow/dags/pokemon_dags.py
[2025-08-01T23:52:16.457+0000] {logging_mixin.py:188} INFO - [2025-08-01T23:52:16.455+0000] {base.py:84} INFO - Using connection ID 'postgres_pokemon' for task execution.
[2025-08-01T23:52:16.475+0000] {processor.py:840} INFO - DAG(s) 'pokemon_etl_dag' retrieved from /opt/airflow/dags/pokemon_dags.py
[2025-08-01T23:52:16.518+0000] {logging_mixin.py:188} INFO - [2025-08-01T23:52:16.516+0000] {dag.py:3096} INFO - Sync 1 DAGs
[2025-08-01T23:52:16.569+0000] {logging_mixin.py:188} INFO - [2025-08-01T23:52:16.569+0000] {dag.py:3954} INFO - Setting next_dagrun for pokemon_etl_dag to 2025-08-01 00:00:00+00:00, run_after=2025-08-02 00:00:00+00:00
[2025-08-01T23:52:16.635+0000] {processor.py:183} INFO - Processing /opt/airflow/dags/pokemon_dags.py took 1.460 seconds
[2025-08-01T23:52:47.123+0000] {processor.py:161} INFO - Started process (PID=444) to work on /opt/airflow/dags/pokemon_dags.py
[2025-08-01T23:52:47.127+0000] {processor.py:830} INFO - Processing file /opt/airflow/dags/pokemon_dags.py for tasks to queue
[2025-08-01T23:52:47.133+0000] {logging_mixin.py:188} INFO - [2025-08-01T23:52:47.131+0000] {dagbag.py:540} INFO - Filling up the DagBag from /opt/airflow/dags/pokemon_dags.py
[2025-08-01T23:52:48.564+0000] {logging_mixin.py:188} INFO - [2025-08-01T23:52:48.561+0000] {base.py:84} INFO - Using connection ID 'postgres_pokemon' for task execution.
[2025-08-01T23:52:48.586+0000] {processor.py:840} INFO - DAG(s) 'pokemon_etl_dag' retrieved from /opt/airflow/dags/pokemon_dags.py
[2025-08-01T23:52:48.628+0000] {logging_mixin.py:188} INFO - [2025-08-01T23:52:48.626+0000] {dag.py:3096} INFO - Sync 1 DAGs
[2025-08-01T23:52:48.707+0000] {logging_mixin.py:188} INFO - [2025-08-01T23:52:48.706+0000] {dag.py:3954} INFO - Setting next_dagrun for pokemon_etl_dag to 2025-08-01 00:00:00+00:00, run_after=2025-08-02 00:00:00+00:00
[2025-08-01T23:52:48.776+0000] {processor.py:183} INFO - Processing /opt/airflow/dags/pokemon_dags.py took 1.677 seconds
[2025-08-01T23:53:19.493+0000] {processor.py:161} INFO - Started process (PID=450) to work on /opt/airflow/dags/pokemon_dags.py
[2025-08-01T23:53:19.499+0000] {processor.py:830} INFO - Processing file /opt/airflow/dags/pokemon_dags.py for tasks to queue
[2025-08-01T23:53:19.509+0000] {logging_mixin.py:188} INFO - [2025-08-01T23:53:19.507+0000] {dagbag.py:540} INFO - Filling up the DagBag from /opt/airflow/dags/pokemon_dags.py
[2025-08-01T23:53:20.934+0000] {logging_mixin.py:188} INFO - [2025-08-01T23:53:20.933+0000] {base.py:84} INFO - Using connection ID 'postgres_pokemon' for task execution.
[2025-08-01T23:53:20.956+0000] {processor.py:840} INFO - DAG(s) 'pokemon_etl_dag' retrieved from /opt/airflow/dags/pokemon_dags.py
[2025-08-01T23:53:20.999+0000] {logging_mixin.py:188} INFO - [2025-08-01T23:53:20.995+0000] {dag.py:3096} INFO - Sync 1 DAGs
[2025-08-01T23:53:21.066+0000] {logging_mixin.py:188} INFO - [2025-08-01T23:53:21.066+0000] {dag.py:3954} INFO - Setting next_dagrun for pokemon_etl_dag to 2025-08-01 00:00:00+00:00, run_after=2025-08-02 00:00:00+00:00
[2025-08-01T23:53:21.120+0000] {processor.py:183} INFO - Processing /opt/airflow/dags/pokemon_dags.py took 1.659 seconds
[2025-08-01T23:53:51.843+0000] {processor.py:161} INFO - Started process (PID=456) to work on /opt/airflow/dags/pokemon_dags.py
[2025-08-01T23:53:51.848+0000] {processor.py:830} INFO - Processing file /opt/airflow/dags/pokemon_dags.py for tasks to queue
[2025-08-01T23:53:51.857+0000] {logging_mixin.py:188} INFO - [2025-08-01T23:53:51.855+0000] {dagbag.py:540} INFO - Filling up the DagBag from /opt/airflow/dags/pokemon_dags.py
[2025-08-01T23:53:53.265+0000] {logging_mixin.py:188} INFO - [2025-08-01T23:53:53.263+0000] {base.py:84} INFO - Using connection ID 'postgres_pokemon' for task execution.
[2025-08-01T23:53:53.290+0000] {processor.py:840} INFO - DAG(s) 'pokemon_etl_dag' retrieved from /opt/airflow/dags/pokemon_dags.py
[2025-08-01T23:53:53.334+0000] {logging_mixin.py:188} INFO - [2025-08-01T23:53:53.333+0000] {dag.py:3096} INFO - Sync 1 DAGs
[2025-08-01T23:53:53.407+0000] {logging_mixin.py:188} INFO - [2025-08-01T23:53:53.406+0000] {dag.py:3954} INFO - Setting next_dagrun for pokemon_etl_dag to 2025-08-01 00:00:00+00:00, run_after=2025-08-02 00:00:00+00:00
[2025-08-01T23:53:53.468+0000] {processor.py:183} INFO - Processing /opt/airflow/dags/pokemon_dags.py took 1.657 seconds
[2025-08-01T23:54:24.042+0000] {processor.py:161} INFO - Started process (PID=462) to work on /opt/airflow/dags/pokemon_dags.py
[2025-08-01T23:54:24.046+0000] {processor.py:830} INFO - Processing file /opt/airflow/dags/pokemon_dags.py for tasks to queue
[2025-08-01T23:54:24.053+0000] {logging_mixin.py:188} INFO - [2025-08-01T23:54:24.052+0000] {dagbag.py:540} INFO - Filling up the DagBag from /opt/airflow/dags/pokemon_dags.py
[2025-08-01T23:54:25.388+0000] {logging_mixin.py:188} INFO - [2025-08-01T23:54:25.386+0000] {base.py:84} INFO - Using connection ID 'postgres_pokemon' for task execution.
[2025-08-01T23:54:25.420+0000] {processor.py:840} INFO - DAG(s) 'pokemon_etl_dag' retrieved from /opt/airflow/dags/pokemon_dags.py
[2025-08-01T23:54:25.473+0000] {logging_mixin.py:188} INFO - [2025-08-01T23:54:25.472+0000] {dag.py:3096} INFO - Sync 1 DAGs
[2025-08-01T23:54:25.543+0000] {logging_mixin.py:188} INFO - [2025-08-01T23:54:25.543+0000] {dag.py:3954} INFO - Setting next_dagrun for pokemon_etl_dag to 2025-08-01 00:00:00+00:00, run_after=2025-08-02 00:00:00+00:00
[2025-08-01T23:54:25.613+0000] {processor.py:183} INFO - Processing /opt/airflow/dags/pokemon_dags.py took 1.596 seconds
[2025-08-01T23:54:55.966+0000] {processor.py:161} INFO - Started process (PID=468) to work on /opt/airflow/dags/pokemon_dags.py
[2025-08-01T23:54:55.971+0000] {processor.py:830} INFO - Processing file /opt/airflow/dags/pokemon_dags.py for tasks to queue
[2025-08-01T23:54:55.978+0000] {logging_mixin.py:188} INFO - [2025-08-01T23:54:55.977+0000] {dagbag.py:540} INFO - Filling up the DagBag from /opt/airflow/dags/pokemon_dags.py
[2025-08-01T23:54:57.350+0000] {logging_mixin.py:188} INFO - [2025-08-01T23:54:57.348+0000] {base.py:84} INFO - Using connection ID 'postgres_pokemon' for task execution.
[2025-08-01T23:54:57.371+0000] {processor.py:840} INFO - DAG(s) 'pokemon_etl_dag' retrieved from /opt/airflow/dags/pokemon_dags.py
[2025-08-01T23:54:57.407+0000] {logging_mixin.py:188} INFO - [2025-08-01T23:54:57.406+0000] {dag.py:3096} INFO - Sync 1 DAGs
[2025-08-01T23:54:57.458+0000] {logging_mixin.py:188} INFO - [2025-08-01T23:54:57.457+0000] {dag.py:3954} INFO - Setting next_dagrun for pokemon_etl_dag to 2025-08-01 00:00:00+00:00, run_after=2025-08-02 00:00:00+00:00
[2025-08-01T23:54:57.507+0000] {processor.py:183} INFO - Processing /opt/airflow/dags/pokemon_dags.py took 1.564 seconds
[2025-08-01T23:55:27.850+0000] {processor.py:161} INFO - Started process (PID=474) to work on /opt/airflow/dags/pokemon_dags.py
[2025-08-01T23:55:27.853+0000] {processor.py:830} INFO - Processing file /opt/airflow/dags/pokemon_dags.py for tasks to queue
[2025-08-01T23:55:27.858+0000] {logging_mixin.py:188} INFO - [2025-08-01T23:55:27.857+0000] {dagbag.py:540} INFO - Filling up the DagBag from /opt/airflow/dags/pokemon_dags.py
[2025-08-01T23:55:28.867+0000] {logging_mixin.py:188} INFO - [2025-08-01T23:55:28.865+0000] {base.py:84} INFO - Using connection ID 'postgres_pokemon' for task execution.
[2025-08-01T23:55:28.882+0000] {processor.py:840} INFO - DAG(s) 'pokemon_etl_dag' retrieved from /opt/airflow/dags/pokemon_dags.py
[2025-08-01T23:55:28.915+0000] {logging_mixin.py:188} INFO - [2025-08-01T23:55:28.914+0000] {dag.py:3096} INFO - Sync 1 DAGs
[2025-08-01T23:55:28.972+0000] {logging_mixin.py:188} INFO - [2025-08-01T23:55:28.971+0000] {dag.py:3954} INFO - Setting next_dagrun for pokemon_etl_dag to 2025-08-01 00:00:00+00:00, run_after=2025-08-02 00:00:00+00:00
[2025-08-01T23:55:29.030+0000] {processor.py:183} INFO - Processing /opt/airflow/dags/pokemon_dags.py took 1.197 seconds
[2025-08-01T23:55:59.558+0000] {processor.py:161} INFO - Started process (PID=480) to work on /opt/airflow/dags/pokemon_dags.py
[2025-08-01T23:55:59.563+0000] {processor.py:830} INFO - Processing file /opt/airflow/dags/pokemon_dags.py for tasks to queue
[2025-08-01T23:55:59.572+0000] {logging_mixin.py:188} INFO - [2025-08-01T23:55:59.570+0000] {dagbag.py:540} INFO - Filling up the DagBag from /opt/airflow/dags/pokemon_dags.py
[2025-08-01T23:56:00.842+0000] {logging_mixin.py:188} INFO - [2025-08-01T23:56:00.839+0000] {base.py:84} INFO - Using connection ID 'postgres_pokemon' for task execution.
[2025-08-01T23:56:00.870+0000] {processor.py:840} INFO - DAG(s) 'pokemon_etl_dag' retrieved from /opt/airflow/dags/pokemon_dags.py
[2025-08-01T23:56:00.918+0000] {logging_mixin.py:188} INFO - [2025-08-01T23:56:00.916+0000] {dag.py:3096} INFO - Sync 1 DAGs
[2025-08-01T23:56:00.978+0000] {logging_mixin.py:188} INFO - [2025-08-01T23:56:00.978+0000] {dag.py:3954} INFO - Setting next_dagrun for pokemon_etl_dag to 2025-08-01 00:00:00+00:00, run_after=2025-08-02 00:00:00+00:00
[2025-08-01T23:56:01.030+0000] {processor.py:183} INFO - Processing /opt/airflow/dags/pokemon_dags.py took 1.498 seconds
[2025-08-01T23:56:31.674+0000] {processor.py:161} INFO - Started process (PID=486) to work on /opt/airflow/dags/pokemon_dags.py
[2025-08-01T23:56:31.678+0000] {processor.py:830} INFO - Processing file /opt/airflow/dags/pokemon_dags.py for tasks to queue
[2025-08-01T23:56:31.685+0000] {logging_mixin.py:188} INFO - [2025-08-01T23:56:31.684+0000] {dagbag.py:540} INFO - Filling up the DagBag from /opt/airflow/dags/pokemon_dags.py
[2025-08-01T23:56:32.931+0000] {logging_mixin.py:188} INFO - [2025-08-01T23:56:32.929+0000] {base.py:84} INFO - Using connection ID 'postgres_pokemon' for task execution.
[2025-08-01T23:56:32.950+0000] {processor.py:840} INFO - DAG(s) 'pokemon_etl_dag' retrieved from /opt/airflow/dags/pokemon_dags.py
[2025-08-01T23:56:32.992+0000] {logging_mixin.py:188} INFO - [2025-08-01T23:56:32.991+0000] {dag.py:3096} INFO - Sync 1 DAGs
[2025-08-01T23:56:33.046+0000] {logging_mixin.py:188} INFO - [2025-08-01T23:56:33.045+0000] {dag.py:3954} INFO - Setting next_dagrun for pokemon_etl_dag to 2025-08-01 00:00:00+00:00, run_after=2025-08-02 00:00:00+00:00
[2025-08-01T23:56:33.089+0000] {processor.py:183} INFO - Processing /opt/airflow/dags/pokemon_dags.py took 1.443 seconds
[2025-08-01T23:57:03.467+0000] {processor.py:161} INFO - Started process (PID=492) to work on /opt/airflow/dags/pokemon_dags.py
[2025-08-01T23:57:03.470+0000] {processor.py:830} INFO - Processing file /opt/airflow/dags/pokemon_dags.py for tasks to queue
[2025-08-01T23:57:03.474+0000] {logging_mixin.py:188} INFO - [2025-08-01T23:57:03.473+0000] {dagbag.py:540} INFO - Filling up the DagBag from /opt/airflow/dags/pokemon_dags.py
[2025-08-01T23:57:09.926+0000] {logging_mixin.py:188} INFO - [2025-08-01T23:57:09.925+0000] {base.py:84} INFO - Using connection ID 'postgres_pokemon' for task execution.
[2025-08-01T23:57:09.962+0000] {processor.py:840} INFO - DAG(s) 'pokemon_etl_dag' retrieved from /opt/airflow/dags/pokemon_dags.py
[2025-08-01T23:57:10.028+0000] {logging_mixin.py:188} INFO - [2025-08-01T23:57:10.026+0000] {dag.py:3096} INFO - Sync 1 DAGs
[2025-08-01T23:57:10.115+0000] {logging_mixin.py:188} INFO - [2025-08-01T23:57:10.115+0000] {dag.py:3954} INFO - Setting next_dagrun for pokemon_etl_dag to 2025-08-01 00:00:00+00:00, run_after=2025-08-02 00:00:00+00:00
[2025-08-01T23:57:10.157+0000] {processor.py:183} INFO - Processing /opt/airflow/dags/pokemon_dags.py took 6.712 seconds
[2025-08-01T23:57:40.414+0000] {processor.py:161} INFO - Started process (PID=498) to work on /opt/airflow/dags/pokemon_dags.py
[2025-08-01T23:57:40.418+0000] {processor.py:830} INFO - Processing file /opt/airflow/dags/pokemon_dags.py for tasks to queue
[2025-08-01T23:57:40.423+0000] {logging_mixin.py:188} INFO - [2025-08-01T23:57:40.422+0000] {dagbag.py:540} INFO - Filling up the DagBag from /opt/airflow/dags/pokemon_dags.py
[2025-08-01T23:57:46.385+0000] {logging_mixin.py:188} INFO - [2025-08-01T23:57:46.383+0000] {base.py:84} INFO - Using connection ID 'postgres_pokemon' for task execution.
[2025-08-01T23:57:46.408+0000] {processor.py:840} INFO - DAG(s) 'pokemon_etl_dag' retrieved from /opt/airflow/dags/pokemon_dags.py
[2025-08-01T23:57:46.447+0000] {logging_mixin.py:188} INFO - [2025-08-01T23:57:46.446+0000] {dag.py:3096} INFO - Sync 1 DAGs
[2025-08-01T23:57:46.508+0000] {logging_mixin.py:188} INFO - [2025-08-01T23:57:46.507+0000] {dag.py:3954} INFO - Setting next_dagrun for pokemon_etl_dag to 2025-08-01 00:00:00+00:00, run_after=2025-08-02 00:00:00+00:00
[2025-08-01T23:57:46.556+0000] {processor.py:183} INFO - Processing /opt/airflow/dags/pokemon_dags.py took 6.166 seconds
[2025-08-01T23:58:16.892+0000] {processor.py:161} INFO - Started process (PID=504) to work on /opt/airflow/dags/pokemon_dags.py
[2025-08-01T23:58:16.894+0000] {processor.py:830} INFO - Processing file /opt/airflow/dags/pokemon_dags.py for tasks to queue
[2025-08-01T23:58:16.899+0000] {logging_mixin.py:188} INFO - [2025-08-01T23:58:16.899+0000] {dagbag.py:540} INFO - Filling up the DagBag from /opt/airflow/dags/pokemon_dags.py
[2025-08-01T23:58:18.088+0000] {logging_mixin.py:188} INFO - [2025-08-01T23:58:18.086+0000] {base.py:84} INFO - Using connection ID 'postgres_pokemon' for task execution.
[2025-08-01T23:58:18.116+0000] {processor.py:840} INFO - DAG(s) 'pokemon_etl_dag' retrieved from /opt/airflow/dags/pokemon_dags.py
[2025-08-01T23:58:18.167+0000] {logging_mixin.py:188} INFO - [2025-08-01T23:58:18.165+0000] {dag.py:3096} INFO - Sync 1 DAGs
[2025-08-01T23:58:18.259+0000] {logging_mixin.py:188} INFO - [2025-08-01T23:58:18.258+0000] {dag.py:3954} INFO - Setting next_dagrun for pokemon_etl_dag to 2025-08-01 00:00:00+00:00, run_after=2025-08-02 00:00:00+00:00
[2025-08-01T23:58:18.315+0000] {processor.py:183} INFO - Processing /opt/airflow/dags/pokemon_dags.py took 1.441 seconds
[2025-08-01T23:58:48.698+0000] {processor.py:161} INFO - Started process (PID=510) to work on /opt/airflow/dags/pokemon_dags.py
[2025-08-01T23:58:48.704+0000] {processor.py:830} INFO - Processing file /opt/airflow/dags/pokemon_dags.py for tasks to queue
[2025-08-01T23:58:48.715+0000] {logging_mixin.py:188} INFO - [2025-08-01T23:58:48.713+0000] {dagbag.py:540} INFO - Filling up the DagBag from /opt/airflow/dags/pokemon_dags.py
[2025-08-01T23:58:49.994+0000] {logging_mixin.py:188} INFO - [2025-08-01T23:58:49.992+0000] {base.py:84} INFO - Using connection ID 'postgres_pokemon' for task execution.
[2025-08-01T23:58:50.011+0000] {processor.py:840} INFO - DAG(s) 'pokemon_etl_dag' retrieved from /opt/airflow/dags/pokemon_dags.py
[2025-08-01T23:58:50.046+0000] {logging_mixin.py:188} INFO - [2025-08-01T23:58:50.045+0000] {dag.py:3096} INFO - Sync 1 DAGs
[2025-08-01T23:58:50.103+0000] {logging_mixin.py:188} INFO - [2025-08-01T23:58:50.102+0000] {dag.py:3954} INFO - Setting next_dagrun for pokemon_etl_dag to 2025-08-01 00:00:00+00:00, run_after=2025-08-02 00:00:00+00:00
[2025-08-01T23:58:50.155+0000] {processor.py:183} INFO - Processing /opt/airflow/dags/pokemon_dags.py took 1.505 seconds
[2025-08-01T23:59:20.375+0000] {processor.py:161} INFO - Started process (PID=516) to work on /opt/airflow/dags/pokemon_dags.py
[2025-08-01T23:59:20.380+0000] {processor.py:830} INFO - Processing file /opt/airflow/dags/pokemon_dags.py for tasks to queue
[2025-08-01T23:59:20.393+0000] {logging_mixin.py:188} INFO - [2025-08-01T23:59:20.392+0000] {dagbag.py:540} INFO - Filling up the DagBag from /opt/airflow/dags/pokemon_dags.py
[2025-08-01T23:59:21.651+0000] {logging_mixin.py:188} INFO - [2025-08-01T23:59:21.650+0000] {base.py:84} INFO - Using connection ID 'postgres_pokemon' for task execution.
[2025-08-01T23:59:21.674+0000] {processor.py:840} INFO - DAG(s) 'pokemon_etl_dag' retrieved from /opt/airflow/dags/pokemon_dags.py
[2025-08-01T23:59:21.733+0000] {logging_mixin.py:188} INFO - [2025-08-01T23:59:21.732+0000] {dag.py:3096} INFO - Sync 1 DAGs
[2025-08-01T23:59:21.810+0000] {logging_mixin.py:188} INFO - [2025-08-01T23:59:21.809+0000] {dag.py:3954} INFO - Setting next_dagrun for pokemon_etl_dag to 2025-08-01 00:00:00+00:00, run_after=2025-08-02 00:00:00+00:00
[2025-08-01T23:59:21.873+0000] {processor.py:183} INFO - Processing /opt/airflow/dags/pokemon_dags.py took 1.546 seconds
[2025-08-01T23:59:52.453+0000] {processor.py:161} INFO - Started process (PID=522) to work on /opt/airflow/dags/pokemon_dags.py
[2025-08-01T23:59:52.457+0000] {processor.py:830} INFO - Processing file /opt/airflow/dags/pokemon_dags.py for tasks to queue
[2025-08-01T23:59:52.464+0000] {logging_mixin.py:188} INFO - [2025-08-01T23:59:52.463+0000] {dagbag.py:540} INFO - Filling up the DagBag from /opt/airflow/dags/pokemon_dags.py
[2025-08-01T23:59:53.776+0000] {logging_mixin.py:188} INFO - [2025-08-01T23:59:53.775+0000] {base.py:84} INFO - Using connection ID 'postgres_pokemon' for task execution.
[2025-08-01T23:59:53.808+0000] {processor.py:840} INFO - DAG(s) 'pokemon_etl_dag' retrieved from /opt/airflow/dags/pokemon_dags.py
[2025-08-01T23:59:53.858+0000] {logging_mixin.py:188} INFO - [2025-08-01T23:59:53.856+0000] {dag.py:3096} INFO - Sync 1 DAGs
[2025-08-01T23:59:53.924+0000] {logging_mixin.py:188} INFO - [2025-08-01T23:59:53.923+0000] {dag.py:3954} INFO - Setting next_dagrun for pokemon_etl_dag to 2025-08-01 00:00:00+00:00, run_after=2025-08-02 00:00:00+00:00
[2025-08-01T23:59:53.991+0000] {processor.py:183} INFO - Processing /opt/airflow/dags/pokemon_dags.py took 1.566 seconds
