[2025-08-02T10:37:45.469+0000] {local_task_job_runner.py:120} INFO - ::group::Pre task execution logs
[2025-08-02T10:37:45.560+0000] {taskinstance.py:2073} INFO - Dependencies all met for dep_context=non-requeueable deps ti=<TaskInstance: pokemon_etl_dag.extract_data manual__2025-08-02T10:37:30.084630+00:00 [queued]>
[2025-08-02T10:37:45.586+0000] {taskinstance.py:2073} INFO - Dependencies all met for dep_context=requeueable deps ti=<TaskInstance: pokemon_etl_dag.extract_data manual__2025-08-02T10:37:30.084630+00:00 [queued]>
[2025-08-02T10:37:45.588+0000] {taskinstance.py:2303} INFO - Starting attempt 1 of 2
[2025-08-02T10:37:45.623+0000] {taskinstance.py:2327} INFO - Executing <Task(PythonOperator): extract_data> on 2025-08-02 10:37:30.084630+00:00
[2025-08-02T10:37:45.651+0000] {standard_task_runner.py:63} INFO - Started process 2625 to run task
[2025-08-02T10:37:45.667+0000] {standard_task_runner.py:90} INFO - Running: ['***', 'tasks', 'run', 'pokemon_etl_dag', 'extract_data', 'manual__2025-08-02T10:37:30.084630+00:00', '--job-id', '41', '--raw', '--subdir', 'DAGS_FOLDER/pokemon_dags.py', '--cfg-path', '/tmp/tmpdsam3tt0']
[2025-08-02T10:37:45.680+0000] {standard_task_runner.py:91} INFO - Job 41: Subtask extract_data
[2025-08-02T10:37:45.743+0000] {logging_mixin.py:188} WARNING - /home/***/.local/lib/python3.11/site-packages/***/settings.py:195 DeprecationWarning: The sql_alchemy_conn option in [core] has been moved to the sql_alchemy_conn option in [database] - the old setting has been used, but please update your config.
[2025-08-02T10:37:45.904+0000] {task_command.py:426} INFO - Running <TaskInstance: pokemon_etl_dag.extract_data manual__2025-08-02T10:37:30.084630+00:00 [running]> on host 67c618456cf9
[2025-08-02T10:37:46.176+0000] {taskinstance.py:2644} INFO - Exporting env vars: AIRFLOW_CTX_DAG_OWNER='Luis' AIRFLOW_CTX_DAG_ID='pokemon_etl_dag' AIRFLOW_CTX_TASK_ID='extract_data' AIRFLOW_CTX_EXECUTION_DATE='2025-08-02T10:37:30.084630+00:00' AIRFLOW_CTX_TRY_NUMBER='1' AIRFLOW_CTX_DAG_RUN_ID='manual__2025-08-02T10:37:30.084630+00:00'
[2025-08-02T10:37:46.179+0000] {taskinstance.py:430} INFO - ::endgroup::
[2025-08-02T10:37:46.226+0000] {extract.py:103} INFO - Obteniendo lista de generaciones...
[2025-08-02T10:37:46.724+0000] {extract.py:106} INFO - Descargando generation-i desde: https://pokeapi.co/api/v2/generation/1/
[2025-08-02T10:37:51.908+0000] {extract.py:116} INFO - Generación generation-i guardada en /opt/***/data/raw/species
[2025-08-02T10:37:51.910+0000] {extract.py:106} INFO - Descargando generation-ii desde: https://pokeapi.co/api/v2/generation/2/
[2025-08-02T10:37:58.393+0000] {extract.py:116} INFO - Generación generation-ii guardada en /opt/***/data/raw/species
[2025-08-02T10:37:58.395+0000] {extract.py:106} INFO - Descargando generation-iii desde: https://pokeapi.co/api/v2/generation/3/
[2025-08-02T10:38:07.280+0000] {extract.py:116} INFO - Generación generation-iii guardada en /opt/***/data/raw/species
[2025-08-02T10:38:07.283+0000] {extract.py:106} INFO - Descargando generation-iv desde: https://pokeapi.co/api/v2/generation/4/
[2025-08-02T10:38:15.526+0000] {extract.py:116} INFO - Generación generation-iv guardada en /opt/***/data/raw/species
[2025-08-02T10:38:15.528+0000] {extract.py:106} INFO - Descargando generation-v desde: https://pokeapi.co/api/v2/generation/5/
[2025-08-02T10:38:28.118+0000] {extract.py:116} INFO - Generación generation-v guardada en /opt/***/data/raw/species
[2025-08-02T10:38:28.120+0000] {extract.py:106} INFO - Descargando generation-vi desde: https://pokeapi.co/api/v2/generation/6/
[2025-08-02T10:38:33.836+0000] {extract.py:116} INFO - Generación generation-vi guardada en /opt/***/data/raw/species
[2025-08-02T10:38:33.838+0000] {extract.py:106} INFO - Descargando generation-vii desde: https://pokeapi.co/api/v2/generation/7/
[2025-08-02T10:38:39.749+0000] {extract.py:116} INFO - Generación generation-vii guardada en /opt/***/data/raw/species
[2025-08-02T10:38:39.750+0000] {extract.py:106} INFO - Descargando generation-viii desde: https://pokeapi.co/api/v2/generation/8/
[2025-08-02T10:38:46.182+0000] {extract.py:116} INFO - Generación generation-viii guardada en /opt/***/data/raw/species
[2025-08-02T10:38:46.200+0000] {extract.py:77} INFO - Obteniendo lista de Pokémon...
[2025-08-02T10:38:49.774+0000] {extract.py:91} INFO - Lote 1 guardado (50 Pokémon).
[2025-08-02T10:38:52.974+0000] {extract.py:91} INFO - Lote 2 guardado (50 Pokémon).
[2025-08-02T10:38:56.303+0000] {extract.py:91} INFO - Lote 3 guardado (50 Pokémon).
[2025-08-02T10:39:00.325+0000] {extract.py:91} INFO - Lote 4 guardado (50 Pokémon).
[2025-08-02T10:39:03.384+0000] {extract.py:91} INFO - Lote 5 guardado (50 Pokémon).
[2025-08-02T10:39:06.415+0000] {extract.py:91} INFO - Lote 6 guardado (50 Pokémon).
[2025-08-02T10:39:09.929+0000] {extract.py:91} INFO - Lote 7 guardado (50 Pokémon).
[2025-08-02T10:39:12.482+0000] {extract.py:91} INFO - Lote 8 guardado (50 Pokémon).
[2025-08-02T10:39:14.786+0000] {extract.py:91} INFO - Lote 9 guardado (50 Pokémon).
[2025-08-02T10:39:17.566+0000] {extract.py:91} INFO - Lote 10 guardado (50 Pokémon).
[2025-08-02T10:39:20.034+0000] {extract.py:91} INFO - Lote 11 guardado (50 Pokémon).
[2025-08-02T10:39:22.127+0000] {extract.py:91} INFO - Lote 12 guardado (50 Pokémon).
[2025-08-02T10:39:23.858+0000] {extract.py:91} INFO - Lote 13 guardado (50 Pokémon).
[2025-08-02T10:39:25.175+0000] {extract.py:91} INFO - Lote 14 guardado (50 Pokémon).
[2025-08-02T10:39:26.529+0000] {extract.py:91} INFO - Lote 15 guardado (50 Pokémon).
[2025-08-02T10:39:27.694+0000] {extract.py:91} INFO - Lote 16 guardado (50 Pokémon).
[2025-08-02T10:39:28.544+0000] {extract.py:91} INFO - Lote 17 guardado (50 Pokémon).
[2025-08-02T10:39:30.014+0000] {extract.py:91} INFO - Lote 18 guardado (50 Pokémon).
[2025-08-02T10:39:31.309+0000] {extract.py:91} INFO - Lote 19 guardado (50 Pokémon).
[2025-08-02T10:39:32.060+0000] {extract.py:91} INFO - Lote 20 guardado (50 Pokémon).
[2025-08-02T10:39:33.392+0000] {extract.py:91} INFO - Lote 21 guardado (50 Pokémon).
[2025-08-02T10:39:35.410+0000] {extract.py:91} INFO - Lote 22 guardado (50 Pokémon).
[2025-08-02T10:39:36.360+0000] {extract.py:91} INFO - Lote 23 guardado (50 Pokémon).
[2025-08-02T10:39:37.395+0000] {extract.py:91} INFO - Lote 24 guardado (50 Pokémon).
[2025-08-02T10:39:38.208+0000] {extract.py:91} INFO - Lote 25 guardado (50 Pokémon).
[2025-08-02T10:39:39.186+0000] {extract.py:91} INFO - Lote 26 guardado (50 Pokémon).
[2025-08-02T10:39:39.246+0000] {extract.py:91} INFO - Lote 27 guardado (2 Pokémon).
[2025-08-02T10:39:39.359+0000] {python.py:237} INFO - Done. Returned value was: None
[2025-08-02T10:39:39.362+0000] {taskinstance.py:441} INFO - ::group::Post task execution logs
[2025-08-02T10:39:39.399+0000] {taskinstance.py:1205} INFO - Marking task as SUCCESS. dag_id=pokemon_etl_dag, task_id=extract_data, execution_date=20250802T103730, start_date=20250802T103745, end_date=20250802T103939
[2025-08-02T10:39:39.582+0000] {local_task_job_runner.py:240} INFO - Task exited with return code 0
[2025-08-02T10:39:39.661+0000] {taskinstance.py:3482} INFO - 0 downstream tasks scheduled from follow-on schedule check
[2025-08-02T10:39:39.670+0000] {local_task_job_runner.py:222} INFO - ::endgroup::
