[2025-08-02T11:17:54.551+0000] {local_task_job_runner.py:120} INFO - ::group::Pre task execution logs
[2025-08-02T11:17:54.607+0000] {taskinstance.py:2073} INFO - Dependencies all met for dep_context=non-requeueable deps ti=<TaskInstance: pokemon_etl_dag.extract_data manual__2025-08-02T11:17:49.708991+00:00 [queued]>
[2025-08-02T11:17:54.622+0000] {taskinstance.py:2073} INFO - Dependencies all met for dep_context=requeueable deps ti=<TaskInstance: pokemon_etl_dag.extract_data manual__2025-08-02T11:17:49.708991+00:00 [queued]>
[2025-08-02T11:17:54.623+0000] {taskinstance.py:2303} INFO - Starting attempt 1 of 2
[2025-08-02T11:17:54.643+0000] {taskinstance.py:2327} INFO - Executing <Task(PythonOperator): extract_data> on 2025-08-02 11:17:49.708991+00:00
[2025-08-02T11:17:54.658+0000] {standard_task_runner.py:63} INFO - Started process 216 to run task
[2025-08-02T11:17:54.669+0000] {standard_task_runner.py:90} INFO - Running: ['***', 'tasks', 'run', 'pokemon_etl_dag', 'extract_data', 'manual__2025-08-02T11:17:49.708991+00:00', '--job-id', '58', '--raw', '--subdir', 'DAGS_FOLDER/pokemon_dags.py', '--cfg-path', '/tmp/tmpsi6ryctr']
[2025-08-02T11:17:54.675+0000] {standard_task_runner.py:91} INFO - Job 58: Subtask extract_data
[2025-08-02T11:17:54.711+0000] {logging_mixin.py:188} WARNING - /home/***/.local/lib/python3.11/site-packages/***/settings.py:195 DeprecationWarning: The sql_alchemy_conn option in [core] has been moved to the sql_alchemy_conn option in [database] - the old setting has been used, but please update your config.
[2025-08-02T11:17:54.813+0000] {task_command.py:426} INFO - Running <TaskInstance: pokemon_etl_dag.extract_data manual__2025-08-02T11:17:49.708991+00:00 [running]> on host 5bcae3e3a0de
[2025-08-02T11:17:55.006+0000] {taskinstance.py:2644} INFO - Exporting env vars: AIRFLOW_CTX_DAG_OWNER='Luis' AIRFLOW_CTX_DAG_ID='pokemon_etl_dag' AIRFLOW_CTX_TASK_ID='extract_data' AIRFLOW_CTX_EXECUTION_DATE='2025-08-02T11:17:49.708991+00:00' AIRFLOW_CTX_TRY_NUMBER='1' AIRFLOW_CTX_DAG_RUN_ID='manual__2025-08-02T11:17:49.708991+00:00'
[2025-08-02T11:17:55.008+0000] {taskinstance.py:430} INFO - ::endgroup::
[2025-08-02T11:17:55.031+0000] {extract.py:103} INFO - Obteniendo lista de generaciones...
[2025-08-02T11:17:55.178+0000] {extract.py:106} INFO - Descargando generation-i desde: https://pokeapi.co/api/v2/generation/1/
[2025-08-02T11:17:58.737+0000] {extract.py:116} INFO - Generación generation-i guardada en /opt/***/data/raw/species
[2025-08-02T11:17:58.738+0000] {extract.py:106} INFO - Descargando generation-ii desde: https://pokeapi.co/api/v2/generation/2/
[2025-08-02T11:18:00.576+0000] {extract.py:116} INFO - Generación generation-ii guardada en /opt/***/data/raw/species
[2025-08-02T11:18:00.577+0000] {extract.py:106} INFO - Descargando generation-iii desde: https://pokeapi.co/api/v2/generation/3/
[2025-08-02T11:18:02.960+0000] {extract.py:116} INFO - Generación generation-iii guardada en /opt/***/data/raw/species
[2025-08-02T11:18:02.961+0000] {extract.py:106} INFO - Descargando generation-iv desde: https://pokeapi.co/api/v2/generation/4/
[2025-08-02T11:18:04.881+0000] {extract.py:116} INFO - Generación generation-iv guardada en /opt/***/data/raw/species
[2025-08-02T11:18:04.882+0000] {extract.py:106} INFO - Descargando generation-v desde: https://pokeapi.co/api/v2/generation/5/
[2025-08-02T11:18:07.694+0000] {extract.py:116} INFO - Generación generation-v guardada en /opt/***/data/raw/species
[2025-08-02T11:18:07.695+0000] {extract.py:106} INFO - Descargando generation-vi desde: https://pokeapi.co/api/v2/generation/6/
[2025-08-02T11:18:09.043+0000] {extract.py:116} INFO - Generación generation-vi guardada en /opt/***/data/raw/species
[2025-08-02T11:18:09.044+0000] {extract.py:106} INFO - Descargando generation-vii desde: https://pokeapi.co/api/v2/generation/7/
[2025-08-02T11:18:10.602+0000] {extract.py:116} INFO - Generación generation-vii guardada en /opt/***/data/raw/species
[2025-08-02T11:18:10.603+0000] {extract.py:106} INFO - Descargando generation-viii desde: https://pokeapi.co/api/v2/generation/8/
[2025-08-02T11:18:12.133+0000] {extract.py:116} INFO - Generación generation-viii guardada en /opt/***/data/raw/species
[2025-08-02T11:18:12.140+0000] {extract.py:77} INFO - Obteniendo lista de Pokémon...
[2025-08-02T11:18:14.059+0000] {extract.py:91} INFO - Lote 1 guardado (50 Pokémon).
[2025-08-02T11:18:15.895+0000] {extract.py:91} INFO - Lote 2 guardado (50 Pokémon).
[2025-08-02T11:18:17.577+0000] {extract.py:91} INFO - Lote 3 guardado (50 Pokémon).
[2025-08-02T11:18:19.083+0000] {extract.py:91} INFO - Lote 4 guardado (50 Pokémon).
[2025-08-02T11:18:20.831+0000] {extract.py:91} INFO - Lote 5 guardado (50 Pokémon).
[2025-08-02T11:18:22.412+0000] {extract.py:91} INFO - Lote 6 guardado (50 Pokémon).
[2025-08-02T11:18:24.174+0000] {extract.py:91} INFO - Lote 7 guardado (50 Pokémon).
[2025-08-02T11:18:25.684+0000] {extract.py:91} INFO - Lote 8 guardado (50 Pokémon).
[2025-08-02T11:18:26.643+0000] {extract.py:91} INFO - Lote 9 guardado (50 Pokémon).
[2025-08-02T11:18:28.098+0000] {extract.py:91} INFO - Lote 10 guardado (50 Pokémon).
[2025-08-02T11:18:28.751+0000] {extract.py:91} INFO - Lote 11 guardado (50 Pokémon).
[2025-08-02T11:18:29.743+0000] {extract.py:91} INFO - Lote 12 guardado (50 Pokémon).
[2025-08-02T11:18:30.873+0000] {extract.py:91} INFO - Lote 13 guardado (50 Pokémon).
[2025-08-02T11:18:31.828+0000] {extract.py:91} INFO - Lote 14 guardado (50 Pokémon).
[2025-08-02T11:18:32.589+0000] {extract.py:91} INFO - Lote 15 guardado (50 Pokémon).
[2025-08-02T11:18:32.984+0000] {extract.py:91} INFO - Lote 16 guardado (50 Pokémon).
[2025-08-02T11:18:33.733+0000] {extract.py:91} INFO - Lote 17 guardado (50 Pokémon).
[2025-08-02T11:18:33.975+0000] {extract.py:91} INFO - Lote 18 guardado (50 Pokémon).
[2025-08-02T11:18:34.348+0000] {extract.py:91} INFO - Lote 19 guardado (50 Pokémon).
[2025-08-02T11:18:34.808+0000] {extract.py:91} INFO - Lote 20 guardado (50 Pokémon).
[2025-08-02T11:18:35.614+0000] {extract.py:91} INFO - Lote 21 guardado (50 Pokémon).
[2025-08-02T11:18:36.226+0000] {extract.py:91} INFO - Lote 22 guardado (50 Pokémon).
[2025-08-02T11:18:36.908+0000] {extract.py:91} INFO - Lote 23 guardado (50 Pokémon).
[2025-08-02T11:18:37.220+0000] {extract.py:91} INFO - Lote 24 guardado (50 Pokémon).
[2025-08-02T11:18:37.404+0000] {extract.py:91} INFO - Lote 25 guardado (50 Pokémon).
[2025-08-02T11:18:37.913+0000] {extract.py:91} INFO - Lote 26 guardado (50 Pokémon).
[2025-08-02T11:18:37.945+0000] {extract.py:91} INFO - Lote 27 guardado (2 Pokémon).
[2025-08-02T11:18:37.996+0000] {python.py:237} INFO - Done. Returned value was: None
[2025-08-02T11:18:37.998+0000] {taskinstance.py:441} INFO - ::group::Post task execution logs
[2025-08-02T11:18:38.018+0000] {taskinstance.py:1205} INFO - Marking task as SUCCESS. dag_id=pokemon_etl_dag, task_id=extract_data, execution_date=20250802T111749, start_date=20250802T111754, end_date=20250802T111838
[2025-08-02T11:18:38.102+0000] {local_task_job_runner.py:240} INFO - Task exited with return code 0
[2025-08-02T11:18:38.142+0000] {taskinstance.py:3482} INFO - 1 downstream tasks scheduled from follow-on schedule check
[2025-08-02T11:18:38.145+0000] {local_task_job_runner.py:222} INFO - ::endgroup::
