[2025-07-31T23:02:29.405+0000] {local_task_job_runner.py:120} INFO - ::group::Pre task execution logs
[2025-07-31T23:02:29.494+0000] {taskinstance.py:2073} INFO - Dependencies all met for dep_context=non-requeueable deps ti=<TaskInstance: pokemon_etl_dag.transform_data manual__2025-07-31T23:01:19.107911+00:00 [queued]>
[2025-07-31T23:02:29.521+0000] {taskinstance.py:2073} INFO - Dependencies all met for dep_context=requeueable deps ti=<TaskInstance: pokemon_etl_dag.transform_data manual__2025-07-31T23:01:19.107911+00:00 [queued]>
[2025-07-31T23:02:29.525+0000] {taskinstance.py:2303} INFO - Starting attempt 1 of 2
[2025-07-31T23:02:29.564+0000] {taskinstance.py:2327} INFO - Executing <Task(PythonOperator): transform_data> on 2025-07-31 23:01:19.107911+00:00
[2025-07-31T23:02:29.587+0000] {standard_task_runner.py:63} INFO - Started process 409 to run task
[2025-07-31T23:02:29.598+0000] {standard_task_runner.py:90} INFO - Running: ['***', 'tasks', 'run', 'pokemon_etl_dag', 'transform_data', 'manual__2025-07-31T23:01:19.107911+00:00', '--job-id', '26', '--raw', '--subdir', 'DAGS_FOLDER/pokemon_dags.py', '--cfg-path', '/tmp/tmp06ixnv3c']
[2025-07-31T23:02:29.610+0000] {standard_task_runner.py:91} INFO - Job 26: Subtask transform_data
[2025-07-31T23:02:29.662+0000] {logging_mixin.py:188} WARNING - /home/***/.local/lib/python3.11/site-packages/***/settings.py:195 DeprecationWarning: The sql_alchemy_conn option in [core] has been moved to the sql_alchemy_conn option in [database] - the old setting has been used, but please update your config.
[2025-07-31T23:02:29.831+0000] {task_command.py:426} INFO - Running <TaskInstance: pokemon_etl_dag.transform_data manual__2025-07-31T23:01:19.107911+00:00 [running]> on host 79dd1729ef10
[2025-07-31T23:02:30.104+0000] {taskinstance.py:2644} INFO - Exporting env vars: AIRFLOW_CTX_DAG_OWNER='Luis' AIRFLOW_CTX_DAG_ID='pokemon_etl_dag' AIRFLOW_CTX_TASK_ID='transform_data' AIRFLOW_CTX_EXECUTION_DATE='2025-07-31T23:01:19.107911+00:00' AIRFLOW_CTX_TRY_NUMBER='1' AIRFLOW_CTX_DAG_RUN_ID='manual__2025-07-31T23:01:19.107911+00:00'
[2025-07-31T23:02:30.109+0000] {taskinstance.py:430} INFO - ::endgroup::
[2025-07-31T23:02:30.799+0000] {transform.py:22} INFO - Se han cargado 151 especies de la generación generation-i.
[2025-07-31T23:02:30.912+0000] {transform.py:22} INFO - Se han cargado 100 especies de la generación generation-ii.
[2025-07-31T23:02:31.043+0000] {transform.py:22} INFO - Se han cargado 135 especies de la generación generation-iii.
[2025-07-31T23:02:31.133+0000] {transform.py:22} INFO - Se han cargado 107 especies de la generación generation-iv.
[2025-07-31T23:02:31.265+0000] {transform.py:22} INFO - Se han cargado 156 especies de la generación generation-v.
[2025-07-31T23:02:31.322+0000] {transform.py:22} INFO - Se han cargado 72 especies de la generación generation-vi.
[2025-07-31T23:02:31.384+0000] {transform.py:22} INFO - Se han cargado 88 especies de la generación generation-vii.
[2025-07-31T23:02:31.816+0000] {transform.py:22} INFO - Se han cargado 96 especies de la generación generation-viii.
[2025-07-31T23:02:41.093+0000] {transform.py:87} INFO - Se han cargado 1302 Pokémon desde los archivos crudos.
[2025-07-31T23:02:41.845+0000] {transform.py:150} INFO - Se ha guardado el DataFrame en formato parquet y CSV con 905 registros en data/processed
[2025-07-31T23:02:42.071+0000] {python.py:237} INFO - Done. Returned value was: None
[2025-07-31T23:02:42.074+0000] {taskinstance.py:441} INFO - ::group::Post task execution logs
[2025-07-31T23:02:42.105+0000] {taskinstance.py:1205} INFO - Marking task as SUCCESS. dag_id=pokemon_etl_dag, task_id=transform_data, execution_date=20250731T230119, start_date=20250731T230229, end_date=20250731T230242
[2025-07-31T23:02:42.263+0000] {local_task_job_runner.py:240} INFO - Task exited with return code 0
[2025-07-31T23:02:42.314+0000] {taskinstance.py:3482} INFO - 0 downstream tasks scheduled from follow-on schedule check
[2025-07-31T23:02:42.321+0000] {local_task_job_runner.py:222} INFO - ::endgroup::
