[2025-07-31T22:53:26.583+0000] {local_task_job_runner.py:120} INFO - ::group::Pre task execution logs
[2025-07-31T22:53:26.729+0000] {taskinstance.py:2073} INFO - Dependencies all met for dep_context=non-requeueable deps ti=<TaskInstance: pokemon_etl_dag.extract_data scheduled__2025-07-30T00:00:00+00:00 [queued]>
[2025-07-31T22:53:26.799+0000] {taskinstance.py:2073} INFO - Dependencies all met for dep_context=requeueable deps ti=<TaskInstance: pokemon_etl_dag.extract_data scheduled__2025-07-30T00:00:00+00:00 [queued]>
[2025-07-31T22:53:26.810+0000] {taskinstance.py:2303} INFO - Starting attempt 1 of 2
[2025-07-31T22:53:26.904+0000] {taskinstance.py:2327} INFO - Executing <Task(PythonOperator): extract_data> on 2025-07-30 00:00:00+00:00
[2025-07-31T22:53:26.954+0000] {standard_task_runner.py:63} INFO - Started process 268 to run task
[2025-07-31T22:53:27.001+0000] {standard_task_runner.py:90} INFO - Running: ['***', 'tasks', 'run', 'pokemon_etl_dag', 'extract_data', 'scheduled__2025-07-30T00:00:00+00:00', '--job-id', '21', '--raw', '--subdir', 'DAGS_FOLDER/pokemon_dags.py', '--cfg-path', '/tmp/tmpsvbimco5']
[2025-07-31T22:53:27.024+0000] {standard_task_runner.py:91} INFO - Job 21: Subtask extract_data
[2025-07-31T22:53:27.180+0000] {logging_mixin.py:188} WARNING - /home/***/.local/lib/python3.11/site-packages/***/settings.py:195 DeprecationWarning: The sql_alchemy_conn option in [core] has been moved to the sql_alchemy_conn option in [database] - the old setting has been used, but please update your config.
[2025-07-31T22:53:27.588+0000] {task_command.py:426} INFO - Running <TaskInstance: pokemon_etl_dag.extract_data scheduled__2025-07-30T00:00:00+00:00 [running]> on host 79dd1729ef10
[2025-07-31T22:53:28.060+0000] {taskinstance.py:2644} INFO - Exporting env vars: AIRFLOW_CTX_DAG_OWNER='Luis' AIRFLOW_CTX_DAG_ID='pokemon_etl_dag' AIRFLOW_CTX_TASK_ID='extract_data' AIRFLOW_CTX_EXECUTION_DATE='2025-07-30T00:00:00+00:00' AIRFLOW_CTX_TRY_NUMBER='1' AIRFLOW_CTX_DAG_RUN_ID='scheduled__2025-07-30T00:00:00+00:00'
[2025-07-31T22:53:28.063+0000] {taskinstance.py:430} INFO - ::endgroup::
[2025-07-31T22:53:28.239+0000] {extract.py:92} INFO - Obteniendo lista de generaciones...
[2025-07-31T22:53:28.804+0000] {extract.py:95} INFO - Descargando generation-i desde: https://pokeapi.co/api/v2/generation/1/
[2025-07-31T22:53:34.228+0000] {extract.py:105} INFO - Generación generation-i guardada en data/raw/species
[2025-07-31T22:53:34.230+0000] {extract.py:95} INFO - Descargando generation-ii desde: https://pokeapi.co/api/v2/generation/2/
[2025-07-31T22:53:37.191+0000] {extract.py:105} INFO - Generación generation-ii guardada en data/raw/species
[2025-07-31T22:53:37.194+0000] {extract.py:95} INFO - Descargando generation-iii desde: https://pokeapi.co/api/v2/generation/3/
[2025-07-31T22:53:41.068+0000] {extract.py:105} INFO - Generación generation-iii guardada en data/raw/species
[2025-07-31T22:53:41.070+0000] {extract.py:95} INFO - Descargando generation-iv desde: https://pokeapi.co/api/v2/generation/4/
[2025-07-31T22:53:44.490+0000] {extract.py:105} INFO - Generación generation-iv guardada en data/raw/species
[2025-07-31T22:53:44.492+0000] {extract.py:95} INFO - Descargando generation-v desde: https://pokeapi.co/api/v2/generation/5/
[2025-07-31T22:53:48.239+0000] {extract.py:105} INFO - Generación generation-v guardada en data/raw/species
[2025-07-31T22:53:48.241+0000] {extract.py:95} INFO - Descargando generation-vi desde: https://pokeapi.co/api/v2/generation/6/
[2025-07-31T22:53:50.018+0000] {extract.py:105} INFO - Generación generation-vi guardada en data/raw/species
[2025-07-31T22:53:50.020+0000] {extract.py:95} INFO - Descargando generation-vii desde: https://pokeapi.co/api/v2/generation/7/
[2025-07-31T22:53:52.261+0000] {extract.py:105} INFO - Generación generation-vii guardada en data/raw/species
[2025-07-31T22:53:52.262+0000] {extract.py:95} INFO - Descargando generation-viii desde: https://pokeapi.co/api/v2/generation/8/
[2025-07-31T22:53:54.183+0000] {extract.py:105} INFO - Generación generation-viii guardada en data/raw/species
[2025-07-31T22:53:54.199+0000] {extract.py:66} INFO - Obteniendo lista de Pokémon...
[2025-07-31T22:53:58.169+0000] {extract.py:80} INFO - Lote 1 guardado (50 Pokémon).
[2025-07-31T22:54:01.697+0000] {extract.py:80} INFO - Lote 2 guardado (50 Pokémon).
[2025-07-31T22:54:04.745+0000] {extract.py:80} INFO - Lote 3 guardado (50 Pokémon).
[2025-07-31T22:54:07.023+0000] {extract.py:80} INFO - Lote 4 guardado (50 Pokémon).
[2025-07-31T22:54:09.990+0000] {extract.py:80} INFO - Lote 5 guardado (50 Pokémon).
[2025-07-31T22:54:12.557+0000] {extract.py:80} INFO - Lote 6 guardado (50 Pokémon).
[2025-07-31T22:54:14.691+0000] {extract.py:80} INFO - Lote 7 guardado (50 Pokémon).
[2025-07-31T22:54:17.064+0000] {extract.py:80} INFO - Lote 8 guardado (50 Pokémon).
[2025-07-31T22:54:18.598+0000] {extract.py:80} INFO - Lote 9 guardado (50 Pokémon).
[2025-07-31T22:54:20.580+0000] {extract.py:80} INFO - Lote 10 guardado (50 Pokémon).
[2025-07-31T22:54:21.864+0000] {extract.py:80} INFO - Lote 11 guardado (50 Pokémon).
[2025-07-31T22:54:23.449+0000] {extract.py:80} INFO - Lote 12 guardado (50 Pokémon).
[2025-07-31T22:54:25.042+0000] {extract.py:80} INFO - Lote 13 guardado (50 Pokémon).
[2025-07-31T22:54:26.322+0000] {extract.py:80} INFO - Lote 14 guardado (50 Pokémon).
[2025-07-31T22:54:27.160+0000] {extract.py:80} INFO - Lote 15 guardado (50 Pokémon).
[2025-07-31T22:54:27.998+0000] {extract.py:80} INFO - Lote 16 guardado (50 Pokémon).
[2025-07-31T22:54:28.760+0000] {extract.py:80} INFO - Lote 17 guardado (50 Pokémon).
[2025-07-31T22:54:29.463+0000] {extract.py:80} INFO - Lote 18 guardado (50 Pokémon).
[2025-07-31T22:54:30.108+0000] {extract.py:80} INFO - Lote 19 guardado (50 Pokémon).
[2025-07-31T22:54:31.390+0000] {extract.py:80} INFO - Lote 20 guardado (50 Pokémon).
[2025-07-31T22:54:33.214+0000] {extract.py:80} INFO - Lote 21 guardado (50 Pokémon).
[2025-07-31T22:54:34.871+0000] {extract.py:80} INFO - Lote 22 guardado (50 Pokémon).
[2025-07-31T22:54:35.798+0000] {extract.py:80} INFO - Lote 23 guardado (50 Pokémon).
[2025-07-31T22:54:36.807+0000] {extract.py:80} INFO - Lote 24 guardado (50 Pokémon).
[2025-07-31T22:54:37.691+0000] {extract.py:80} INFO - Lote 25 guardado (50 Pokémon).
[2025-07-31T22:54:38.606+0000] {extract.py:80} INFO - Lote 26 guardado (50 Pokémon).
[2025-07-31T22:54:38.973+0000] {extract.py:80} INFO - Lote 27 guardado (2 Pokémon).
[2025-07-31T22:54:39.075+0000] {python.py:237} INFO - Done. Returned value was: None
[2025-07-31T22:54:39.077+0000] {taskinstance.py:441} INFO - ::group::Post task execution logs
[2025-07-31T22:54:39.109+0000] {taskinstance.py:1205} INFO - Marking task as SUCCESS. dag_id=pokemon_etl_dag, task_id=extract_data, execution_date=20250730T000000, start_date=20250731T225326, end_date=20250731T225439
[2025-07-31T22:54:39.257+0000] {local_task_job_runner.py:240} INFO - Task exited with return code 0
[2025-07-31T22:54:39.322+0000] {taskinstance.py:3482} INFO - 1 downstream tasks scheduled from follow-on schedule check
[2025-07-31T22:54:39.328+0000] {local_task_job_runner.py:222} INFO - ::endgroup::
