[2025-07-29T22:51:34.785+0000] {local_task_job_runner.py:120} INFO - ::group::Pre task execution logs
[2025-07-29T22:51:34.961+0000] {taskinstance.py:2073} INFO - Dependencies all met for dep_context=non-requeueable deps ti=<TaskInstance: pokemon_etl_dag.extract_data scheduled__2025-07-28T00:00:00+00:00 [queued]>
[2025-07-29T22:51:35.008+0000] {taskinstance.py:2073} INFO - Dependencies all met for dep_context=requeueable deps ti=<TaskInstance: pokemon_etl_dag.extract_data scheduled__2025-07-28T00:00:00+00:00 [queued]>
[2025-07-29T22:51:35.012+0000] {taskinstance.py:2303} INFO - Starting attempt 1 of 2
[2025-07-29T22:51:35.075+0000] {taskinstance.py:2327} INFO - Executing <Task(PythonOperator): extract_data> on 2025-07-28 00:00:00+00:00
[2025-07-29T22:51:35.113+0000] {standard_task_runner.py:63} INFO - Started process 211 to run task
[2025-07-29T22:51:35.124+0000] {standard_task_runner.py:90} INFO - Running: ['***', 'tasks', 'run', 'pokemon_etl_dag', 'extract_data', 'scheduled__2025-07-28T00:00:00+00:00', '--job-id', '5', '--raw', '--subdir', 'DAGS_FOLDER/pokemon_dags.py', '--cfg-path', '/tmp/tmpoup5gycb']
[2025-07-29T22:51:35.137+0000] {standard_task_runner.py:91} INFO - Job 5: Subtask extract_data
[2025-07-29T22:51:35.214+0000] {logging_mixin.py:188} WARNING - /home/***/.local/lib/python3.11/site-packages/***/settings.py:195 DeprecationWarning: The sql_alchemy_conn option in [core] has been moved to the sql_alchemy_conn option in [database] - the old setting has been used, but please update your config.
[2025-07-29T22:51:35.410+0000] {task_command.py:426} INFO - Running <TaskInstance: pokemon_etl_dag.extract_data scheduled__2025-07-28T00:00:00+00:00 [running]> on host 86109165cffe
[2025-07-29T22:51:35.721+0000] {taskinstance.py:2644} INFO - Exporting env vars: AIRFLOW_CTX_DAG_OWNER='Luis' AIRFLOW_CTX_DAG_ID='pokemon_etl_dag' AIRFLOW_CTX_TASK_ID='extract_data' AIRFLOW_CTX_EXECUTION_DATE='2025-07-28T00:00:00+00:00' AIRFLOW_CTX_TRY_NUMBER='1' AIRFLOW_CTX_DAG_RUN_ID='scheduled__2025-07-28T00:00:00+00:00'
[2025-07-29T22:51:35.724+0000] {taskinstance.py:430} INFO - ::endgroup::
[2025-07-29T22:51:35.812+0000] {extract.py:92} INFO - Obteniendo lista de generaciones...
[2025-07-29T22:51:36.123+0000] {extract.py:95} INFO - Descargando generation-i desde: https://pokeapi.co/api/v2/generation/1/
[2025-07-29T22:51:44.024+0000] {extract.py:105} INFO - Generación generation-i guardada en data/raw/species
[2025-07-29T22:51:44.028+0000] {extract.py:95} INFO - Descargando generation-ii desde: https://pokeapi.co/api/v2/generation/2/
[2025-07-29T22:51:47.440+0000] {extract.py:105} INFO - Generación generation-ii guardada en data/raw/species
[2025-07-29T22:51:47.442+0000] {extract.py:95} INFO - Descargando generation-iii desde: https://pokeapi.co/api/v2/generation/3/
[2025-07-29T22:51:54.746+0000] {extract.py:105} INFO - Generación generation-iii guardada en data/raw/species
[2025-07-29T22:51:54.748+0000] {extract.py:95} INFO - Descargando generation-iv desde: https://pokeapi.co/api/v2/generation/4/
[2025-07-29T22:51:58.982+0000] {extract.py:105} INFO - Generación generation-iv guardada en data/raw/species
[2025-07-29T22:51:58.984+0000] {extract.py:95} INFO - Descargando generation-v desde: https://pokeapi.co/api/v2/generation/5/
[2025-07-29T22:52:06.547+0000] {extract.py:105} INFO - Generación generation-v guardada en data/raw/species
[2025-07-29T22:52:06.553+0000] {extract.py:95} INFO - Descargando generation-vi desde: https://pokeapi.co/api/v2/generation/6/
[2025-07-29T22:52:10.320+0000] {extract.py:105} INFO - Generación generation-vi guardada en data/raw/species
[2025-07-29T22:52:10.322+0000] {extract.py:95} INFO - Descargando generation-vii desde: https://pokeapi.co/api/v2/generation/7/
[2025-07-29T22:52:13.970+0000] {extract.py:105} INFO - Generación generation-vii guardada en data/raw/species
[2025-07-29T22:52:13.974+0000] {extract.py:95} INFO - Descargando generation-viii desde: https://pokeapi.co/api/v2/generation/8/
[2025-07-29T22:52:17.753+0000] {extract.py:105} INFO - Generación generation-viii guardada en data/raw/species
[2025-07-29T22:52:17.770+0000] {extract.py:66} INFO - Obteniendo lista de Pokémon...
[2025-07-29T22:52:22.976+0000] {extract.py:80} INFO - Lote 1 guardado (50 Pokémon).
[2025-07-29T22:52:27.265+0000] {extract.py:80} INFO - Lote 2 guardado (50 Pokémon).
[2025-07-29T22:52:31.350+0000] {extract.py:80} INFO - Lote 3 guardado (50 Pokémon).
[2025-07-29T22:52:34.227+0000] {extract.py:80} INFO - Lote 4 guardado (50 Pokémon).
[2025-07-29T22:52:37.433+0000] {extract.py:80} INFO - Lote 5 guardado (50 Pokémon).
[2025-07-29T22:52:40.962+0000] {extract.py:80} INFO - Lote 6 guardado (50 Pokémon).
[2025-07-29T22:52:43.709+0000] {extract.py:80} INFO - Lote 7 guardado (50 Pokémon).
[2025-07-29T22:52:47.167+0000] {extract.py:80} INFO - Lote 8 guardado (50 Pokémon).
[2025-07-29T22:52:50.785+0000] {extract.py:80} INFO - Lote 9 guardado (50 Pokémon).
[2025-07-29T22:52:53.526+0000] {extract.py:80} INFO - Lote 10 guardado (50 Pokémon).
[2025-07-29T22:52:55.140+0000] {extract.py:80} INFO - Lote 11 guardado (50 Pokémon).
[2025-07-29T22:52:56.872+0000] {extract.py:80} INFO - Lote 12 guardado (50 Pokémon).
[2025-07-29T22:52:58.868+0000] {extract.py:80} INFO - Lote 13 guardado (50 Pokémon).
[2025-07-29T22:53:00.348+0000] {extract.py:80} INFO - Lote 14 guardado (50 Pokémon).
[2025-07-29T22:53:01.262+0000] {extract.py:80} INFO - Lote 15 guardado (50 Pokémon).
[2025-07-29T22:53:02.762+0000] {extract.py:80} INFO - Lote 16 guardado (50 Pokémon).
[2025-07-29T22:53:04.241+0000] {extract.py:80} INFO - Lote 17 guardado (50 Pokémon).
[2025-07-29T22:53:05.680+0000] {extract.py:80} INFO - Lote 18 guardado (50 Pokémon).
[2025-07-29T22:53:08.299+0000] {extract.py:80} INFO - Lote 19 guardado (50 Pokémon).
[2025-07-29T22:53:09.297+0000] {extract.py:80} INFO - Lote 20 guardado (50 Pokémon).
[2025-07-29T22:53:10.332+0000] {extract.py:80} INFO - Lote 21 guardado (50 Pokémon).
[2025-07-29T22:53:16.308+0000] {extract.py:80} INFO - Lote 22 guardado (50 Pokémon).
[2025-07-29T22:53:18.565+0000] {extract.py:80} INFO - Lote 23 guardado (50 Pokémon).
[2025-07-29T22:53:20.559+0000] {extract.py:80} INFO - Lote 24 guardado (50 Pokémon).
[2025-07-29T22:53:21.418+0000] {extract.py:80} INFO - Lote 25 guardado (50 Pokémon).
[2025-07-29T22:53:22.717+0000] {extract.py:80} INFO - Lote 26 guardado (50 Pokémon).
[2025-07-29T22:53:22.824+0000] {extract.py:80} INFO - Lote 27 guardado (2 Pokémon).
[2025-07-29T22:53:22.987+0000] {python.py:237} INFO - Done. Returned value was: None
[2025-07-29T22:53:22.991+0000] {taskinstance.py:441} INFO - ::group::Post task execution logs
[2025-07-29T22:53:23.044+0000] {taskinstance.py:1205} INFO - Marking task as SUCCESS. dag_id=pokemon_etl_dag, task_id=extract_data, execution_date=20250728T000000, start_date=20250729T225134, end_date=20250729T225323
[2025-07-29T22:53:23.269+0000] {local_task_job_runner.py:240} INFO - Task exited with return code 0
[2025-07-29T22:53:23.350+0000] {taskinstance.py:3482} INFO - 1 downstream tasks scheduled from follow-on schedule check
[2025-07-29T22:53:23.360+0000] {local_task_job_runner.py:222} INFO - ::endgroup::
