[2025-07-30T17:10:46.690+0000] {local_task_job_runner.py:120} INFO - ::group::Pre task execution logs
[2025-07-30T17:10:46.745+0000] {taskinstance.py:2073} INFO - Dependencies all met for dep_context=non-requeueable deps ti=<TaskInstance: pokemon_etl_dag.transform_data scheduled__2025-07-29T00:00:00+00:00 [queued]>
[2025-07-30T17:10:46.761+0000] {taskinstance.py:2073} INFO - Dependencies all met for dep_context=requeueable deps ti=<TaskInstance: pokemon_etl_dag.transform_data scheduled__2025-07-29T00:00:00+00:00 [queued]>
[2025-07-30T17:10:46.762+0000] {taskinstance.py:2303} INFO - Starting attempt 1 of 2
[2025-07-30T17:10:46.781+0000] {taskinstance.py:2327} INFO - Executing <Task(PythonOperator): transform_data> on 2025-07-29 00:00:00+00:00
[2025-07-30T17:10:46.796+0000] {standard_task_runner.py:63} INFO - Started process 191 to run task
[2025-07-30T17:10:46.804+0000] {standard_task_runner.py:90} INFO - Running: ['***', 'tasks', 'run', 'pokemon_etl_dag', 'transform_data', 'scheduled__2025-07-29T00:00:00+00:00', '--job-id', '12', '--raw', '--subdir', 'DAGS_FOLDER/pokemon_dags.py', '--cfg-path', '/tmp/tmp5qmaof8c']
[2025-07-30T17:10:46.809+0000] {standard_task_runner.py:91} INFO - Job 12: Subtask transform_data
[2025-07-30T17:10:46.877+0000] {logging_mixin.py:188} WARNING - /home/***/.local/lib/python3.11/site-packages/***/settings.py:195 DeprecationWarning: The sql_alchemy_conn option in [core] has been moved to the sql_alchemy_conn option in [database] - the old setting has been used, but please update your config.
[2025-07-30T17:10:46.990+0000] {task_command.py:426} INFO - Running <TaskInstance: pokemon_etl_dag.transform_data scheduled__2025-07-29T00:00:00+00:00 [running]> on host 86109165cffe
[2025-07-30T17:10:47.196+0000] {taskinstance.py:2644} INFO - Exporting env vars: AIRFLOW_CTX_DAG_OWNER='Luis' AIRFLOW_CTX_DAG_ID='pokemon_etl_dag' AIRFLOW_CTX_TASK_ID='transform_data' AIRFLOW_CTX_EXECUTION_DATE='2025-07-29T00:00:00+00:00' AIRFLOW_CTX_TRY_NUMBER='1' AIRFLOW_CTX_DAG_RUN_ID='scheduled__2025-07-29T00:00:00+00:00'
[2025-07-30T17:10:47.199+0000] {taskinstance.py:430} INFO - ::endgroup::
[2025-07-30T17:10:47.690+0000] {transform.py:22} INFO - Se han cargado 151 especies de la generación generation-i.
[2025-07-30T17:10:47.771+0000] {transform.py:22} INFO - Se han cargado 100 especies de la generación generation-ii.
[2025-07-30T17:10:47.865+0000] {transform.py:22} INFO - Se han cargado 135 especies de la generación generation-iii.
[2025-07-30T17:10:47.931+0000] {transform.py:22} INFO - Se han cargado 107 especies de la generación generation-iv.
[2025-07-30T17:10:48.032+0000] {transform.py:22} INFO - Se han cargado 156 especies de la generación generation-v.
[2025-07-30T17:10:48.073+0000] {transform.py:22} INFO - Se han cargado 72 especies de la generación generation-vi.
[2025-07-30T17:10:48.120+0000] {transform.py:22} INFO - Se han cargado 88 especies de la generación generation-vii.
[2025-07-30T17:10:48.146+0000] {transform.py:22} INFO - Se han cargado 96 especies de la generación generation-viii.
[2025-07-30T17:10:54.880+0000] {transform.py:87} INFO - Se han cargado 1302 Pokémon desde los archivos crudos.
[2025-07-30T17:10:55.380+0000] {transform.py:150} INFO - Se ha guardado el DataFrame en formato parquet y CSV con 905 registros en data/processed
[2025-07-30T17:10:55.537+0000] {python.py:237} INFO - Done. Returned value was: None
[2025-07-30T17:10:55.539+0000] {taskinstance.py:441} INFO - ::group::Post task execution logs
[2025-07-30T17:10:55.562+0000] {taskinstance.py:1205} INFO - Marking task as SUCCESS. dag_id=pokemon_etl_dag, task_id=transform_data, execution_date=20250729T000000, start_date=20250730T171046, end_date=20250730T171055
[2025-07-30T17:10:55.704+0000] {local_task_job_runner.py:240} INFO - Task exited with return code 0
[2025-07-30T17:10:55.742+0000] {taskinstance.py:3482} INFO - 1 downstream tasks scheduled from follow-on schedule check
[2025-07-30T17:10:55.745+0000] {local_task_job_runner.py:222} INFO - ::endgroup::
