[2025-08-02T10:58:57.827+0000] {local_task_job_runner.py:120} INFO - ::group::Pre task execution logs
[2025-08-02T10:58:57.880+0000] {taskinstance.py:2073} INFO - Dependencies all met for dep_context=non-requeueable deps ti=<TaskInstance: pokemon_etl_dag.extract_data manual__2025-08-02T10:58:52.995769+00:00 [queued]>
[2025-08-02T10:58:57.892+0000] {taskinstance.py:2073} INFO - Dependencies all met for dep_context=requeueable deps ti=<TaskInstance: pokemon_etl_dag.extract_data manual__2025-08-02T10:58:52.995769+00:00 [queued]>
[2025-08-02T10:58:57.893+0000] {taskinstance.py:2303} INFO - Starting attempt 1 of 2
[2025-08-02T10:58:57.913+0000] {taskinstance.py:2327} INFO - Executing <Task(PythonOperator): extract_data> on 2025-08-02 10:58:52.995769+00:00
[2025-08-02T10:58:57.929+0000] {standard_task_runner.py:63} INFO - Started process 199 to run task
[2025-08-02T10:58:57.936+0000] {standard_task_runner.py:90} INFO - Running: ['***', 'tasks', 'run', 'pokemon_etl_dag', 'extract_data', 'manual__2025-08-02T10:58:52.995769+00:00', '--job-id', '52', '--raw', '--subdir', 'DAGS_FOLDER/pokemon_dags.py', '--cfg-path', '/tmp/tmp2eqgef4n']
[2025-08-02T10:58:57.943+0000] {standard_task_runner.py:91} INFO - Job 52: Subtask extract_data
[2025-08-02T10:58:57.979+0000] {logging_mixin.py:188} WARNING - /home/***/.local/lib/python3.11/site-packages/***/settings.py:195 DeprecationWarning: The sql_alchemy_conn option in [core] has been moved to the sql_alchemy_conn option in [database] - the old setting has been used, but please update your config.
[2025-08-02T10:58:58.072+0000] {task_command.py:426} INFO - Running <TaskInstance: pokemon_etl_dag.extract_data manual__2025-08-02T10:58:52.995769+00:00 [running]> on host 67c618456cf9
[2025-08-02T10:58:58.258+0000] {taskinstance.py:2644} INFO - Exporting env vars: AIRFLOW_CTX_DAG_OWNER='Luis' AIRFLOW_CTX_DAG_ID='pokemon_etl_dag' AIRFLOW_CTX_TASK_ID='extract_data' AIRFLOW_CTX_EXECUTION_DATE='2025-08-02T10:58:52.995769+00:00' AIRFLOW_CTX_TRY_NUMBER='1' AIRFLOW_CTX_DAG_RUN_ID='manual__2025-08-02T10:58:52.995769+00:00'
[2025-08-02T10:58:58.263+0000] {taskinstance.py:430} INFO - ::endgroup::
[2025-08-02T10:58:58.283+0000] {extract.py:103} INFO - Obteniendo lista de generaciones...
[2025-08-02T10:58:58.404+0000] {extract.py:106} INFO - Descargando generation-i desde: https://pokeapi.co/api/v2/generation/1/
[2025-08-02T10:59:01.381+0000] {extract.py:116} INFO - Generación generation-i guardada en /opt/***/data/raw/species
[2025-08-02T10:59:01.383+0000] {extract.py:106} INFO - Descargando generation-ii desde: https://pokeapi.co/api/v2/generation/2/
[2025-08-02T10:59:03.101+0000] {extract.py:116} INFO - Generación generation-ii guardada en /opt/***/data/raw/species
[2025-08-02T10:59:03.103+0000] {extract.py:106} INFO - Descargando generation-iii desde: https://pokeapi.co/api/v2/generation/3/
[2025-08-02T10:59:05.203+0000] {extract.py:116} INFO - Generación generation-iii guardada en /opt/***/data/raw/species
[2025-08-02T10:59:05.204+0000] {extract.py:106} INFO - Descargando generation-iv desde: https://pokeapi.co/api/v2/generation/4/
[2025-08-02T10:59:06.915+0000] {extract.py:116} INFO - Generación generation-iv guardada en /opt/***/data/raw/species
[2025-08-02T10:59:06.916+0000] {extract.py:106} INFO - Descargando generation-v desde: https://pokeapi.co/api/v2/generation/5/
[2025-08-02T10:59:09.346+0000] {extract.py:116} INFO - Generación generation-v guardada en /opt/***/data/raw/species
[2025-08-02T10:59:09.347+0000] {extract.py:106} INFO - Descargando generation-vi desde: https://pokeapi.co/api/v2/generation/6/
[2025-08-02T10:59:10.454+0000] {extract.py:116} INFO - Generación generation-vi guardada en /opt/***/data/raw/species
[2025-08-02T10:59:10.455+0000] {extract.py:106} INFO - Descargando generation-vii desde: https://pokeapi.co/api/v2/generation/7/
[2025-08-02T10:59:11.780+0000] {extract.py:116} INFO - Generación generation-vii guardada en /opt/***/data/raw/species
[2025-08-02T10:59:11.781+0000] {extract.py:106} INFO - Descargando generation-viii desde: https://pokeapi.co/api/v2/generation/8/
[2025-08-02T10:59:13.098+0000] {extract.py:116} INFO - Generación generation-viii guardada en /opt/***/data/raw/species
[2025-08-02T10:59:13.105+0000] {extract.py:77} INFO - Obteniendo lista de Pokémon...
[2025-08-02T10:59:15.873+0000] {extract.py:91} INFO - Lote 1 guardado (50 Pokémon).
[2025-08-02T10:59:17.783+0000] {extract.py:91} INFO - Lote 2 guardado (50 Pokémon).
[2025-08-02T10:59:19.506+0000] {extract.py:91} INFO - Lote 3 guardado (50 Pokémon).
[2025-08-02T10:59:21.500+0000] {extract.py:91} INFO - Lote 4 guardado (50 Pokémon).
[2025-08-02T10:59:22.931+0000] {extract.py:91} INFO - Lote 5 guardado (50 Pokémon).
[2025-08-02T10:59:24.394+0000] {extract.py:91} INFO - Lote 6 guardado (50 Pokémon).
[2025-08-02T10:59:25.722+0000] {extract.py:91} INFO - Lote 7 guardado (50 Pokémon).
[2025-08-02T10:59:27.417+0000] {extract.py:91} INFO - Lote 8 guardado (50 Pokémon).
[2025-08-02T10:59:28.701+0000] {extract.py:91} INFO - Lote 9 guardado (50 Pokémon).
[2025-08-02T10:59:30.343+0000] {extract.py:91} INFO - Lote 10 guardado (50 Pokémon).
[2025-08-02T10:59:31.117+0000] {extract.py:91} INFO - Lote 11 guardado (50 Pokémon).
[2025-08-02T10:59:32.053+0000] {extract.py:91} INFO - Lote 12 guardado (50 Pokémon).
[2025-08-02T10:59:33.010+0000] {extract.py:91} INFO - Lote 13 guardado (50 Pokémon).
[2025-08-02T10:59:33.933+0000] {extract.py:91} INFO - Lote 14 guardado (50 Pokémon).
[2025-08-02T10:59:34.557+0000] {extract.py:91} INFO - Lote 15 guardado (50 Pokémon).
[2025-08-02T10:59:35.126+0000] {extract.py:91} INFO - Lote 16 guardado (50 Pokémon).
[2025-08-02T10:59:35.820+0000] {extract.py:91} INFO - Lote 17 guardado (50 Pokémon).
[2025-08-02T10:59:36.344+0000] {extract.py:91} INFO - Lote 18 guardado (50 Pokémon).
[2025-08-02T10:59:36.867+0000] {extract.py:91} INFO - Lote 19 guardado (50 Pokémon).
[2025-08-02T10:59:37.461+0000] {extract.py:91} INFO - Lote 20 guardado (50 Pokémon).
[2025-08-02T10:59:38.193+0000] {extract.py:91} INFO - Lote 21 guardado (50 Pokémon).
[2025-08-02T10:59:39.307+0000] {extract.py:91} INFO - Lote 22 guardado (50 Pokémon).
[2025-08-02T10:59:39.965+0000] {extract.py:91} INFO - Lote 23 guardado (50 Pokémon).
[2025-08-02T10:59:40.733+0000] {extract.py:91} INFO - Lote 24 guardado (50 Pokémon).
[2025-08-02T10:59:41.470+0000] {extract.py:91} INFO - Lote 25 guardado (50 Pokémon).
[2025-08-02T10:59:41.773+0000] {extract.py:91} INFO - Lote 26 guardado (50 Pokémon).
[2025-08-02T10:59:41.808+0000] {extract.py:91} INFO - Lote 27 guardado (2 Pokémon).
[2025-08-02T10:59:41.858+0000] {python.py:237} INFO - Done. Returned value was: None
[2025-08-02T10:59:41.860+0000] {taskinstance.py:441} INFO - ::group::Post task execution logs
[2025-08-02T10:59:41.883+0000] {taskinstance.py:1205} INFO - Marking task as SUCCESS. dag_id=pokemon_etl_dag, task_id=extract_data, execution_date=20250802T105852, start_date=20250802T105857, end_date=20250802T105941
[2025-08-02T10:59:41.996+0000] {local_task_job_runner.py:240} INFO - Task exited with return code 0
[2025-08-02T10:59:42.037+0000] {taskinstance.py:3482} INFO - 1 downstream tasks scheduled from follow-on schedule check
[2025-08-02T10:59:42.041+0000] {local_task_job_runner.py:222} INFO - ::endgroup::
