[2025-07-29T22:51:34.708+0000] {local_task_job_runner.py:120} INFO - ::group::Pre task execution logs
[2025-07-29T22:51:34.856+0000] {taskinstance.py:2073} INFO - Dependencies all met for dep_context=non-requeueable deps ti=<TaskInstance: pokemon_etl_dag.extract_data manual__2025-07-29T22:51:28.416008+00:00 [queued]>
[2025-07-29T22:51:34.897+0000] {taskinstance.py:2073} INFO - Dependencies all met for dep_context=requeueable deps ti=<TaskInstance: pokemon_etl_dag.extract_data manual__2025-07-29T22:51:28.416008+00:00 [queued]>
[2025-07-29T22:51:34.901+0000] {taskinstance.py:2303} INFO - Starting attempt 1 of 2
[2025-07-29T22:51:34.991+0000] {taskinstance.py:2327} INFO - Executing <Task(PythonOperator): extract_data> on 2025-07-29 22:51:28.416008+00:00
[2025-07-29T22:51:35.034+0000] {standard_task_runner.py:63} INFO - Started process 208 to run task
[2025-07-29T22:51:35.090+0000] {standard_task_runner.py:90} INFO - Running: ['***', 'tasks', 'run', 'pokemon_etl_dag', 'extract_data', 'manual__2025-07-29T22:51:28.416008+00:00', '--job-id', '4', '--raw', '--subdir', 'DAGS_FOLDER/pokemon_dags.py', '--cfg-path', '/tmp/tmpu_i1ijr7']
[2025-07-29T22:51:35.111+0000] {standard_task_runner.py:91} INFO - Job 4: Subtask extract_data
[2025-07-29T22:51:35.186+0000] {logging_mixin.py:188} WARNING - /home/***/.local/lib/python3.11/site-packages/***/settings.py:195 DeprecationWarning: The sql_alchemy_conn option in [core] has been moved to the sql_alchemy_conn option in [database] - the old setting has been used, but please update your config.
[2025-07-29T22:51:35.397+0000] {task_command.py:426} INFO - Running <TaskInstance: pokemon_etl_dag.extract_data manual__2025-07-29T22:51:28.416008+00:00 [running]> on host 86109165cffe
[2025-07-29T22:51:35.724+0000] {taskinstance.py:2644} INFO - Exporting env vars: AIRFLOW_CTX_DAG_OWNER='Luis' AIRFLOW_CTX_DAG_ID='pokemon_etl_dag' AIRFLOW_CTX_TASK_ID='extract_data' AIRFLOW_CTX_EXECUTION_DATE='2025-07-29T22:51:28.416008+00:00' AIRFLOW_CTX_TRY_NUMBER='1' AIRFLOW_CTX_DAG_RUN_ID='manual__2025-07-29T22:51:28.416008+00:00'
[2025-07-29T22:51:35.727+0000] {taskinstance.py:430} INFO - ::endgroup::
[2025-07-29T22:51:35.812+0000] {extract.py:92} INFO - Obteniendo lista de generaciones...
[2025-07-29T22:51:36.081+0000] {extract.py:95} INFO - Descargando generation-i desde: https://pokeapi.co/api/v2/generation/1/
[2025-07-29T22:51:43.207+0000] {extract.py:105} INFO - Generación generation-i guardada en data/raw/species
[2025-07-29T22:51:43.209+0000] {extract.py:95} INFO - Descargando generation-ii desde: https://pokeapi.co/api/v2/generation/2/
[2025-07-29T22:51:46.366+0000] {extract.py:105} INFO - Generación generation-ii guardada en data/raw/species
[2025-07-29T22:51:46.368+0000] {extract.py:95} INFO - Descargando generation-iii desde: https://pokeapi.co/api/v2/generation/3/
[2025-07-29T22:51:50.151+0000] {extract.py:105} INFO - Generación generation-iii guardada en data/raw/species
[2025-07-29T22:51:50.153+0000] {extract.py:95} INFO - Descargando generation-iv desde: https://pokeapi.co/api/v2/generation/4/
[2025-07-29T22:51:53.307+0000] {extract.py:105} INFO - Generación generation-iv guardada en data/raw/species
[2025-07-29T22:51:53.309+0000] {extract.py:95} INFO - Descargando generation-v desde: https://pokeapi.co/api/v2/generation/5/
[2025-07-29T22:51:56.716+0000] {extract.py:105} INFO - Generación generation-v guardada en data/raw/species
[2025-07-29T22:51:56.718+0000] {extract.py:95} INFO - Descargando generation-vi desde: https://pokeapi.co/api/v2/generation/6/
[2025-07-29T22:51:58.717+0000] {extract.py:105} INFO - Generación generation-vi guardada en data/raw/species
[2025-07-29T22:51:58.719+0000] {extract.py:95} INFO - Descargando generation-vii desde: https://pokeapi.co/api/v2/generation/7/
[2025-07-29T22:52:01.211+0000] {extract.py:105} INFO - Generación generation-vii guardada en data/raw/species
[2025-07-29T22:52:01.213+0000] {extract.py:95} INFO - Descargando generation-viii desde: https://pokeapi.co/api/v2/generation/8/
[2025-07-29T22:52:03.576+0000] {extract.py:105} INFO - Generación generation-viii guardada en data/raw/species
[2025-07-29T22:52:03.602+0000] {extract.py:66} INFO - Obteniendo lista de Pokémon...
[2025-07-29T22:52:09.038+0000] {extract.py:80} INFO - Lote 1 guardado (50 Pokémon).
[2025-07-29T22:52:12.384+0000] {extract.py:80} INFO - Lote 2 guardado (50 Pokémon).
[2025-07-29T22:52:16.810+0000] {extract.py:80} INFO - Lote 3 guardado (50 Pokémon).
[2025-07-29T22:52:21.106+0000] {extract.py:80} INFO - Lote 4 guardado (50 Pokémon).
[2025-07-29T22:52:24.446+0000] {extract.py:80} INFO - Lote 5 guardado (50 Pokémon).
[2025-07-29T22:52:27.151+0000] {extract.py:80} INFO - Lote 6 guardado (50 Pokémon).
[2025-07-29T22:52:30.079+0000] {extract.py:80} INFO - Lote 7 guardado (50 Pokémon).
[2025-07-29T22:52:32.983+0000] {extract.py:80} INFO - Lote 8 guardado (50 Pokémon).
[2025-07-29T22:52:35.158+0000] {extract.py:80} INFO - Lote 9 guardado (50 Pokémon).
[2025-07-29T22:52:38.944+0000] {extract.py:80} INFO - Lote 10 guardado (50 Pokémon).
[2025-07-29T22:52:41.464+0000] {extract.py:80} INFO - Lote 11 guardado (50 Pokémon).
[2025-07-29T22:52:43.242+0000] {extract.py:80} INFO - Lote 12 guardado (50 Pokémon).
[2025-07-29T22:52:45.748+0000] {extract.py:80} INFO - Lote 13 guardado (50 Pokémon).
[2025-07-29T22:52:47.429+0000] {extract.py:80} INFO - Lote 14 guardado (50 Pokémon).
[2025-07-29T22:52:50.084+0000] {extract.py:80} INFO - Lote 15 guardado (50 Pokémon).
[2025-07-29T22:52:51.374+0000] {extract.py:80} INFO - Lote 16 guardado (50 Pokémon).
[2025-07-29T22:52:52.465+0000] {extract.py:80} INFO - Lote 17 guardado (50 Pokémon).
[2025-07-29T22:52:53.106+0000] {extract.py:80} INFO - Lote 18 guardado (50 Pokémon).
[2025-07-29T22:52:53.927+0000] {extract.py:80} INFO - Lote 19 guardado (50 Pokémon).
[2025-07-29T22:52:54.587+0000] {extract.py:80} INFO - Lote 20 guardado (50 Pokémon).
[2025-07-29T22:52:56.176+0000] {extract.py:80} INFO - Lote 21 guardado (50 Pokémon).
[2025-07-29T22:52:57.793+0000] {extract.py:80} INFO - Lote 22 guardado (50 Pokémon).
[2025-07-29T22:52:59.030+0000] {extract.py:80} INFO - Lote 23 guardado (50 Pokémon).
[2025-07-29T22:52:59.976+0000] {extract.py:80} INFO - Lote 24 guardado (50 Pokémon).
[2025-07-29T22:53:00.764+0000] {extract.py:80} INFO - Lote 25 guardado (50 Pokémon).
[2025-07-29T22:53:01.376+0000] {extract.py:80} INFO - Lote 26 guardado (50 Pokémon).
[2025-07-29T22:53:01.508+0000] {extract.py:80} INFO - Lote 27 guardado (2 Pokémon).
[2025-07-29T22:53:01.701+0000] {python.py:237} INFO - Done. Returned value was: None
[2025-07-29T22:53:01.706+0000] {taskinstance.py:441} INFO - ::group::Post task execution logs
[2025-07-29T22:53:01.742+0000] {taskinstance.py:1205} INFO - Marking task as SUCCESS. dag_id=pokemon_etl_dag, task_id=extract_data, execution_date=20250729T225128, start_date=20250729T225134, end_date=20250729T225301
[2025-07-29T22:53:01.940+0000] {local_task_job_runner.py:240} INFO - Task exited with return code 0
[2025-07-29T22:53:02.039+0000] {taskinstance.py:3482} INFO - 1 downstream tasks scheduled from follow-on schedule check
[2025-07-29T22:53:02.045+0000] {local_task_job_runner.py:222} INFO - ::endgroup::
