[2025-07-30T17:26:31.731+0000] {local_task_job_runner.py:120} INFO - ::group::Pre task execution logs
[2025-07-30T17:26:31.885+0000] {taskinstance.py:2073} INFO - Dependencies all met for dep_context=non-requeueable deps ti=<TaskInstance: pokemon_etl_dag.extract_data manual__2025-07-30T17:26:23.110738+00:00 [queued]>
[2025-07-30T17:26:31.920+0000] {taskinstance.py:2073} INFO - Dependencies all met for dep_context=requeueable deps ti=<TaskInstance: pokemon_etl_dag.extract_data manual__2025-07-30T17:26:23.110738+00:00 [queued]>
[2025-07-30T17:26:31.923+0000] {taskinstance.py:2303} INFO - Starting attempt 1 of 2
[2025-07-30T17:26:31.978+0000] {taskinstance.py:2327} INFO - Executing <Task(PythonOperator): extract_data> on 2025-07-30 17:26:23.110738+00:00
[2025-07-30T17:26:32.055+0000] {standard_task_runner.py:63} INFO - Started process 386 to run task
[2025-07-30T17:26:32.073+0000] {standard_task_runner.py:90} INFO - Running: ['***', 'tasks', 'run', 'pokemon_etl_dag', 'extract_data', 'manual__2025-07-30T17:26:23.110738+00:00', '--job-id', '14', '--raw', '--subdir', 'DAGS_FOLDER/pokemon_dags.py', '--cfg-path', '/tmp/tmpxx_api1m']
[2025-07-30T17:26:32.089+0000] {standard_task_runner.py:91} INFO - Job 14: Subtask extract_data
[2025-07-30T17:26:32.185+0000] {logging_mixin.py:188} WARNING - /home/***/.local/lib/python3.11/site-packages/***/settings.py:195 DeprecationWarning: The sql_alchemy_conn option in [core] has been moved to the sql_alchemy_conn option in [database] - the old setting has been used, but please update your config.
[2025-07-30T17:26:32.507+0000] {task_command.py:426} INFO - Running <TaskInstance: pokemon_etl_dag.extract_data manual__2025-07-30T17:26:23.110738+00:00 [running]> on host 86109165cffe
[2025-07-30T17:26:33.101+0000] {taskinstance.py:2644} INFO - Exporting env vars: AIRFLOW_CTX_DAG_OWNER='Luis' AIRFLOW_CTX_DAG_ID='pokemon_etl_dag' AIRFLOW_CTX_TASK_ID='extract_data' AIRFLOW_CTX_EXECUTION_DATE='2025-07-30T17:26:23.110738+00:00' AIRFLOW_CTX_TRY_NUMBER='1' AIRFLOW_CTX_DAG_RUN_ID='manual__2025-07-30T17:26:23.110738+00:00'
[2025-07-30T17:26:33.107+0000] {taskinstance.py:430} INFO - ::endgroup::
[2025-07-30T17:26:33.227+0000] {extract.py:92} INFO - Obteniendo lista de generaciones...
[2025-07-30T17:26:35.210+0000] {extract.py:95} INFO - Descargando generation-i desde: https://pokeapi.co/api/v2/generation/1/
[2025-07-30T17:26:40.801+0000] {extract.py:105} INFO - Generación generation-i guardada en data/raw/species
[2025-07-30T17:26:40.809+0000] {extract.py:95} INFO - Descargando generation-ii desde: https://pokeapi.co/api/v2/generation/2/
[2025-07-30T17:26:44.264+0000] {extract.py:105} INFO - Generación generation-ii guardada en data/raw/species
[2025-07-30T17:26:44.267+0000] {extract.py:95} INFO - Descargando generation-iii desde: https://pokeapi.co/api/v2/generation/3/
[2025-07-30T17:26:48.297+0000] {extract.py:105} INFO - Generación generation-iii guardada en data/raw/species
[2025-07-30T17:26:48.300+0000] {extract.py:95} INFO - Descargando generation-iv desde: https://pokeapi.co/api/v2/generation/4/
[2025-07-30T17:26:50.971+0000] {extract.py:105} INFO - Generación generation-iv guardada en data/raw/species
[2025-07-30T17:26:50.974+0000] {extract.py:95} INFO - Descargando generation-v desde: https://pokeapi.co/api/v2/generation/5/
[2025-07-30T17:26:55.340+0000] {extract.py:105} INFO - Generación generation-v guardada en data/raw/species
[2025-07-30T17:26:55.344+0000] {extract.py:95} INFO - Descargando generation-vi desde: https://pokeapi.co/api/v2/generation/6/
[2025-07-30T17:26:57.162+0000] {extract.py:105} INFO - Generación generation-vi guardada en data/raw/species
[2025-07-30T17:26:57.165+0000] {extract.py:95} INFO - Descargando generation-vii desde: https://pokeapi.co/api/v2/generation/7/
[2025-07-30T17:26:59.321+0000] {extract.py:105} INFO - Generación generation-vii guardada en data/raw/species
[2025-07-30T17:26:59.323+0000] {extract.py:95} INFO - Descargando generation-viii desde: https://pokeapi.co/api/v2/generation/8/
[2025-07-30T17:27:01.290+0000] {extract.py:105} INFO - Generación generation-viii guardada en data/raw/species
[2025-07-30T17:27:01.309+0000] {extract.py:66} INFO - Obteniendo lista de Pokémon...
[2025-07-30T17:27:06.072+0000] {extract.py:80} INFO - Lote 1 guardado (50 Pokémon).
[2025-07-30T17:27:09.872+0000] {extract.py:80} INFO - Lote 2 guardado (50 Pokémon).
[2025-07-30T17:27:14.156+0000] {extract.py:80} INFO - Lote 3 guardado (50 Pokémon).
[2025-07-30T17:27:18.011+0000] {extract.py:80} INFO - Lote 4 guardado (50 Pokémon).
[2025-07-30T17:27:21.150+0000] {extract.py:80} INFO - Lote 5 guardado (50 Pokémon).
[2025-07-30T17:27:24.131+0000] {extract.py:80} INFO - Lote 6 guardado (50 Pokémon).
[2025-07-30T17:27:26.606+0000] {extract.py:80} INFO - Lote 7 guardado (50 Pokémon).
[2025-07-30T17:27:29.503+0000] {extract.py:80} INFO - Lote 8 guardado (50 Pokémon).
[2025-07-30T17:27:31.822+0000] {extract.py:80} INFO - Lote 9 guardado (50 Pokémon).
[2025-07-30T17:27:34.476+0000] {extract.py:80} INFO - Lote 10 guardado (50 Pokémon).
[2025-07-30T17:27:36.529+0000] {extract.py:80} INFO - Lote 11 guardado (50 Pokémon).
[2025-07-30T17:27:38.408+0000] {extract.py:80} INFO - Lote 12 guardado (50 Pokémon).
[2025-07-30T17:27:39.963+0000] {extract.py:80} INFO - Lote 13 guardado (50 Pokémon).
[2025-07-30T17:27:42.104+0000] {extract.py:80} INFO - Lote 14 guardado (50 Pokémon).
[2025-07-30T17:27:43.149+0000] {extract.py:80} INFO - Lote 15 guardado (50 Pokémon).
[2025-07-30T17:27:44.314+0000] {extract.py:80} INFO - Lote 16 guardado (50 Pokémon).
[2025-07-30T17:27:45.211+0000] {extract.py:80} INFO - Lote 17 guardado (50 Pokémon).
[2025-07-30T17:27:46.266+0000] {extract.py:80} INFO - Lote 18 guardado (50 Pokémon).
[2025-07-30T17:27:47.364+0000] {extract.py:80} INFO - Lote 19 guardado (50 Pokémon).
[2025-07-30T17:27:48.380+0000] {extract.py:80} INFO - Lote 20 guardado (50 Pokémon).
[2025-07-30T17:27:50.157+0000] {extract.py:80} INFO - Lote 21 guardado (50 Pokémon).
[2025-07-30T17:27:51.614+0000] {extract.py:80} INFO - Lote 22 guardado (50 Pokémon).
[2025-07-30T17:27:52.629+0000] {extract.py:80} INFO - Lote 23 guardado (50 Pokémon).
[2025-07-30T17:27:54.234+0000] {extract.py:80} INFO - Lote 24 guardado (50 Pokémon).
[2025-07-30T17:27:55.039+0000] {extract.py:80} INFO - Lote 25 guardado (50 Pokémon).
[2025-07-30T17:27:55.988+0000] {extract.py:80} INFO - Lote 26 guardado (50 Pokémon).
[2025-07-30T17:27:56.036+0000] {extract.py:80} INFO - Lote 27 guardado (2 Pokémon).
[2025-07-30T17:27:56.132+0000] {python.py:237} INFO - Done. Returned value was: None
[2025-07-30T17:27:56.134+0000] {taskinstance.py:441} INFO - ::group::Post task execution logs
[2025-07-30T17:27:56.165+0000] {taskinstance.py:1205} INFO - Marking task as SUCCESS. dag_id=pokemon_etl_dag, task_id=extract_data, execution_date=20250730T172623, start_date=20250730T172631, end_date=20250730T172756
[2025-07-30T17:27:56.314+0000] {local_task_job_runner.py:240} INFO - Task exited with return code 0
[2025-07-30T17:27:56.384+0000] {taskinstance.py:3482} INFO - 1 downstream tasks scheduled from follow-on schedule check
[2025-07-30T17:27:56.390+0000] {local_task_job_runner.py:222} INFO - ::endgroup::
