[2025-07-31T23:01:22.999+0000] {local_task_job_runner.py:120} INFO - ::group::Pre task execution logs
[2025-07-31T23:01:23.354+0000] {taskinstance.py:2073} INFO - Dependencies all met for dep_context=non-requeueable deps ti=<TaskInstance: pokemon_etl_dag.extract_data manual__2025-07-31T23:01:19.107911+00:00 [queued]>
[2025-07-31T23:01:23.395+0000] {taskinstance.py:2073} INFO - Dependencies all met for dep_context=requeueable deps ti=<TaskInstance: pokemon_etl_dag.extract_data manual__2025-07-31T23:01:19.107911+00:00 [queued]>
[2025-07-31T23:01:23.399+0000] {taskinstance.py:2303} INFO - Starting attempt 1 of 2
[2025-07-31T23:01:23.457+0000] {taskinstance.py:2327} INFO - Executing <Task(PythonOperator): extract_data> on 2025-07-31 23:01:19.107911+00:00
[2025-07-31T23:01:23.502+0000] {standard_task_runner.py:63} INFO - Started process 386 to run task
[2025-07-31T23:01:23.511+0000] {standard_task_runner.py:90} INFO - Running: ['***', 'tasks', 'run', 'pokemon_etl_dag', 'extract_data', 'manual__2025-07-31T23:01:19.107911+00:00', '--job-id', '25', '--raw', '--subdir', 'DAGS_FOLDER/pokemon_dags.py', '--cfg-path', '/tmp/tmp1nf14wfk']
[2025-07-31T23:01:23.525+0000] {standard_task_runner.py:91} INFO - Job 25: Subtask extract_data
[2025-07-31T23:01:23.603+0000] {logging_mixin.py:188} WARNING - /home/***/.local/lib/python3.11/site-packages/***/settings.py:195 DeprecationWarning: The sql_alchemy_conn option in [core] has been moved to the sql_alchemy_conn option in [database] - the old setting has been used, but please update your config.
[2025-07-31T23:01:23.832+0000] {task_command.py:426} INFO - Running <TaskInstance: pokemon_etl_dag.extract_data manual__2025-07-31T23:01:19.107911+00:00 [running]> on host 79dd1729ef10
[2025-07-31T23:01:24.335+0000] {taskinstance.py:2644} INFO - Exporting env vars: AIRFLOW_CTX_DAG_OWNER='Luis' AIRFLOW_CTX_DAG_ID='pokemon_etl_dag' AIRFLOW_CTX_TASK_ID='extract_data' AIRFLOW_CTX_EXECUTION_DATE='2025-07-31T23:01:19.107911+00:00' AIRFLOW_CTX_TRY_NUMBER='1' AIRFLOW_CTX_DAG_RUN_ID='manual__2025-07-31T23:01:19.107911+00:00'
[2025-07-31T23:01:24.338+0000] {taskinstance.py:430} INFO - ::endgroup::
[2025-07-31T23:01:24.382+0000] {extract.py:92} INFO - Obteniendo lista de generaciones...
[2025-07-31T23:01:24.615+0000] {extract.py:95} INFO - Descargando generation-i desde: https://pokeapi.co/api/v2/generation/1/
[2025-07-31T23:01:28.792+0000] {extract.py:105} INFO - Generación generation-i guardada en data/raw/species
[2025-07-31T23:01:28.794+0000] {extract.py:95} INFO - Descargando generation-ii desde: https://pokeapi.co/api/v2/generation/2/
[2025-07-31T23:01:31.087+0000] {extract.py:105} INFO - Generación generation-ii guardada en data/raw/species
[2025-07-31T23:01:31.088+0000] {extract.py:95} INFO - Descargando generation-iii desde: https://pokeapi.co/api/v2/generation/3/
[2025-07-31T23:01:33.904+0000] {extract.py:105} INFO - Generación generation-iii guardada en data/raw/species
[2025-07-31T23:01:33.906+0000] {extract.py:95} INFO - Descargando generation-iv desde: https://pokeapi.co/api/v2/generation/4/
[2025-07-31T23:01:36.005+0000] {extract.py:105} INFO - Generación generation-iv guardada en data/raw/species
[2025-07-31T23:01:36.007+0000] {extract.py:95} INFO - Descargando generation-v desde: https://pokeapi.co/api/v2/generation/5/
[2025-07-31T23:01:40.942+0000] {extract.py:105} INFO - Generación generation-v guardada en data/raw/species
[2025-07-31T23:01:40.944+0000] {extract.py:95} INFO - Descargando generation-vi desde: https://pokeapi.co/api/v2/generation/6/
[2025-07-31T23:01:42.582+0000] {extract.py:105} INFO - Generación generation-vi guardada en data/raw/species
[2025-07-31T23:01:42.583+0000] {extract.py:95} INFO - Descargando generation-vii desde: https://pokeapi.co/api/v2/generation/7/
[2025-07-31T23:01:44.346+0000] {extract.py:105} INFO - Generación generation-vii guardada en data/raw/species
[2025-07-31T23:01:44.348+0000] {extract.py:95} INFO - Descargando generation-viii desde: https://pokeapi.co/api/v2/generation/8/
[2025-07-31T23:01:46.017+0000] {extract.py:105} INFO - Generación generation-viii guardada en data/raw/species
[2025-07-31T23:01:46.029+0000] {extract.py:66} INFO - Obteniendo lista de Pokémon...
[2025-07-31T23:01:49.303+0000] {extract.py:80} INFO - Lote 1 guardado (50 Pokémon).
[2025-07-31T23:01:52.223+0000] {extract.py:80} INFO - Lote 2 guardado (50 Pokémon).
[2025-07-31T23:01:55.284+0000] {extract.py:80} INFO - Lote 3 guardado (50 Pokémon).
[2025-07-31T23:01:57.801+0000] {extract.py:80} INFO - Lote 4 guardado (50 Pokémon).
[2025-07-31T23:02:00.582+0000] {extract.py:80} INFO - Lote 5 guardado (50 Pokémon).
[2025-07-31T23:02:02.986+0000] {extract.py:80} INFO - Lote 6 guardado (50 Pokémon).
[2025-07-31T23:02:05.035+0000] {extract.py:80} INFO - Lote 7 guardado (50 Pokémon).
[2025-07-31T23:02:07.298+0000] {extract.py:80} INFO - Lote 8 guardado (50 Pokémon).
[2025-07-31T23:02:08.945+0000] {extract.py:80} INFO - Lote 9 guardado (50 Pokémon).
[2025-07-31T23:02:11.113+0000] {extract.py:80} INFO - Lote 10 guardado (50 Pokémon).
[2025-07-31T23:02:12.125+0000] {extract.py:80} INFO - Lote 11 guardado (50 Pokémon).
[2025-07-31T23:02:13.558+0000] {extract.py:80} INFO - Lote 12 guardado (50 Pokémon).
[2025-07-31T23:02:14.736+0000] {extract.py:80} INFO - Lote 13 guardado (50 Pokémon).
[2025-07-31T23:02:15.919+0000] {extract.py:80} INFO - Lote 14 guardado (50 Pokémon).
[2025-07-31T23:02:16.766+0000] {extract.py:80} INFO - Lote 15 guardado (50 Pokémon).
[2025-07-31T23:02:17.371+0000] {extract.py:80} INFO - Lote 16 guardado (50 Pokémon).
[2025-07-31T23:02:17.771+0000] {extract.py:80} INFO - Lote 17 guardado (50 Pokémon).
[2025-07-31T23:02:18.235+0000] {extract.py:80} INFO - Lote 18 guardado (50 Pokémon).
[2025-07-31T23:02:18.854+0000] {extract.py:80} INFO - Lote 19 guardado (50 Pokémon).
[2025-07-31T23:02:19.183+0000] {extract.py:80} INFO - Lote 20 guardado (50 Pokémon).
[2025-07-31T23:02:20.064+0000] {extract.py:80} INFO - Lote 21 guardado (50 Pokémon).
[2025-07-31T23:02:21.265+0000] {extract.py:80} INFO - Lote 22 guardado (50 Pokémon).
[2025-07-31T23:02:22.500+0000] {extract.py:80} INFO - Lote 23 guardado (50 Pokémon).
[2025-07-31T23:02:23.656+0000] {extract.py:80} INFO - Lote 24 guardado (50 Pokémon).
[2025-07-31T23:02:24.393+0000] {extract.py:80} INFO - Lote 25 guardado (50 Pokémon).
[2025-07-31T23:02:25.494+0000] {extract.py:80} INFO - Lote 26 guardado (50 Pokémon).
[2025-07-31T23:02:26.073+0000] {extract.py:80} INFO - Lote 27 guardado (2 Pokémon).
[2025-07-31T23:02:26.168+0000] {python.py:237} INFO - Done. Returned value was: None
[2025-07-31T23:02:26.171+0000] {taskinstance.py:441} INFO - ::group::Post task execution logs
[2025-07-31T23:02:26.203+0000] {taskinstance.py:1205} INFO - Marking task as SUCCESS. dag_id=pokemon_etl_dag, task_id=extract_data, execution_date=20250731T230119, start_date=20250731T230123, end_date=20250731T230226
[2025-07-31T23:02:26.333+0000] {local_task_job_runner.py:240} INFO - Task exited with return code 0
[2025-07-31T23:02:26.422+0000] {taskinstance.py:3482} INFO - 1 downstream tasks scheduled from follow-on schedule check
[2025-07-31T23:02:26.428+0000] {local_task_job_runner.py:222} INFO - ::endgroup::
