2025-07-29 21:56:36,031 - INFO - [ETL] - Inicia proceso 2025-07-29 21:56:36
2025-07-29 21:56:36,031 - INFO - [ETL] - Directorio de logs: logs
2025-07-29 21:56:36,031 - INFO - [ETL] - Directorio de especies crudas: data\raw\species
2025-07-29 21:56:36,031 - INFO - [ETL] - Directorio de Pokemon crudos: data\raw\pokemon
2025-07-29 21:56:36,031 - INFO - [ETL] - Directorio archivo config: config_file\config.json
2025-07-29 21:56:36,034 - INFO - [ETL] - URL base de la API: https://pokeapi.co/api/v2/
2025-07-29 21:56:36,034 - INFO - [ETL] - Generaciones a procesar: ['generation-i', 'generation-ii', 'generation-iii', 'generation-iv', 'generation-v', 'generation-vi', 'generation-vii', 'generation-viii']
2025-07-29 21:56:36,034 - INFO - [ETL] - Parámetros de conexión a la base de datos: user=myuser, host=localhost, dbname=pokemon_db, port=5432
2025-07-29 21:56:36,034 - INFO - [ETL] - Inicia el proceso de extraccion de datos crudos.
2025-07-29 21:56:36,034 - INFO - [EXTRACT] - Obteniendo lista de generaciones...
2025-07-29 21:56:36,307 - INFO - [EXTRACT] - Descargando generation-i desde: https://pokeapi.co/api/v2/generation/1/
2025-07-29 21:56:40,127 - INFO - [EXTRACT] - Generación generation-i guardada en data\raw\species
2025-07-29 21:56:40,127 - INFO - [EXTRACT] - Descargando generation-ii desde: https://pokeapi.co/api/v2/generation/2/
2025-07-29 21:56:42,245 - INFO - [EXTRACT] - Generación generation-ii guardada en data\raw\species
2025-07-29 21:56:42,245 - INFO - [EXTRACT] - Descargando generation-iii desde: https://pokeapi.co/api/v2/generation/3/
2025-07-29 21:56:44,974 - INFO - [EXTRACT] - Generación generation-iii guardada en data\raw\species
2025-07-29 21:56:44,975 - INFO - [EXTRACT] - Descargando generation-iv desde: https://pokeapi.co/api/v2/generation/4/
2025-07-29 21:56:47,607 - INFO - [EXTRACT] - Generación generation-iv guardada en data\raw\species
2025-07-29 21:56:47,607 - INFO - [EXTRACT] - Descargando generation-v desde: https://pokeapi.co/api/v2/generation/5/
2025-07-29 21:56:50,609 - INFO - [EXTRACT] - Generación generation-v guardada en data\raw\species
2025-07-29 21:56:50,609 - INFO - [EXTRACT] - Descargando generation-vi desde: https://pokeapi.co/api/v2/generation/6/
2025-07-29 21:56:51,824 - INFO - [EXTRACT] - Generación generation-vi guardada en data\raw\species
2025-07-29 21:56:51,824 - INFO - [EXTRACT] - Descargando generation-vii desde: https://pokeapi.co/api/v2/generation/7/
2025-07-29 21:56:53,744 - INFO - [EXTRACT] - Generación generation-vii guardada en data\raw\species
2025-07-29 21:56:53,744 - INFO - [EXTRACT] - Descargando generation-viii desde: https://pokeapi.co/api/v2/generation/8/
2025-07-29 21:56:55,149 - INFO - [EXTRACT] - Generación generation-viii guardada en data\raw\species
2025-07-29 21:56:55,150 - INFO - [EXTRACT] - Obteniendo lista de Pokémon...
2025-07-29 21:56:57,447 - INFO - [EXTRACT] - Lote 1 guardado (50 Pokémon).
2025-07-29 21:56:59,683 - INFO - [EXTRACT] - Lote 2 guardado (50 Pokémon).
2025-07-29 21:57:01,821 - INFO - [EXTRACT] - Lote 3 guardado (50 Pokémon).
2025-07-29 21:57:03,709 - INFO - [EXTRACT] - Lote 4 guardado (50 Pokémon).
2025-07-29 21:57:06,500 - INFO - [EXTRACT] - Lote 5 guardado (50 Pokémon).
2025-07-29 21:57:08,395 - INFO - [EXTRACT] - Lote 6 guardado (50 Pokémon).
2025-07-29 21:57:10,274 - INFO - [EXTRACT] - Lote 7 guardado (50 Pokémon).
2025-07-29 21:57:12,326 - INFO - [EXTRACT] - Lote 8 guardado (50 Pokémon).
2025-07-29 21:57:13,636 - INFO - [EXTRACT] - Lote 9 guardado (50 Pokémon).
2025-07-29 21:57:15,635 - INFO - [EXTRACT] - Lote 10 guardado (50 Pokémon).
2025-07-29 21:57:16,873 - INFO - [EXTRACT] - Lote 11 guardado (50 Pokémon).
2025-07-29 21:57:17,921 - INFO - [EXTRACT] - Lote 12 guardado (50 Pokémon).
2025-07-29 21:57:19,557 - INFO - [EXTRACT] - Lote 13 guardado (50 Pokémon).
2025-07-29 21:57:21,002 - INFO - [EXTRACT] - Lote 14 guardado (50 Pokémon).
2025-07-29 21:57:21,852 - INFO - [EXTRACT] - Lote 15 guardado (50 Pokémon).
2025-07-29 21:57:23,037 - INFO - [EXTRACT] - Lote 16 guardado (50 Pokémon).
2025-07-29 21:57:24,183 - INFO - [EXTRACT] - Lote 17 guardado (50 Pokémon).
2025-07-29 21:57:25,220 - INFO - [EXTRACT] - Lote 18 guardado (50 Pokémon).
2025-07-29 21:57:25,881 - INFO - [EXTRACT] - Lote 19 guardado (50 Pokémon).
2025-07-29 21:57:26,547 - INFO - [EXTRACT] - Lote 20 guardado (50 Pokémon).
2025-07-29 21:57:27,631 - INFO - [EXTRACT] - Lote 21 guardado (50 Pokémon).
2025-07-29 21:57:28,643 - INFO - [EXTRACT] - Lote 22 guardado (50 Pokémon).
2025-07-29 21:57:29,593 - INFO - [EXTRACT] - Lote 23 guardado (50 Pokémon).
2025-07-29 21:57:30,889 - INFO - [EXTRACT] - Lote 24 guardado (50 Pokémon).
2025-07-29 21:57:31,314 - INFO - [EXTRACT] - Lote 25 guardado (50 Pokémon).
2025-07-29 21:57:31,638 - INFO - [EXTRACT] - Lote 26 guardado (50 Pokémon).
2025-07-29 21:57:31,675 - INFO - [EXTRACT] - Lote 27 guardado (2 Pokémon).
2025-07-29 21:57:31,694 - INFO - [ETL] - Finaliza proceso de extraccion 2025-07-29 21:56:36
2025-07-29 21:57:31,694 - INFO - [ETL] - Inicia el proceso de transformación de datos crudos.
