2025-07-29 22:25:19,555 - INFO - [ETL] - Inicia proceso 2025-07-29 22:25:19
2025-07-29 22:25:19,555 - INFO - [ETL] - Directorio de logs: logs
2025-07-29 22:25:19,555 - INFO - [ETL] - Directorio de especies crudas: data\raw\species
2025-07-29 22:25:19,555 - INFO - [ETL] - Directorio de Pokemon crudos: data\raw\pokemon
2025-07-29 22:25:19,564 - INFO - [ETL] - Directorio archivo config: config_file\config.json
2025-07-29 22:25:19,564 - INFO - [ETL] - URL base de la API: https://pokeapi.co/api/v2/
2025-07-29 22:25:19,564 - INFO - [ETL] - Generaciones a procesar: ['generation-i', 'generation-ii', 'generation-iii', 'generation-iv', 'generation-v', 'generation-vi', 'generation-vii', 'generation-viii']
2025-07-29 22:25:19,564 - INFO - [ETL] - Parámetros de conexión a la base de datos: user=myuser, host=localhost, dbname=pokemon_db, port=5432
2025-07-29 22:25:19,564 - INFO - [ETL] - Inicia el proceso de extraccion de datos crudos.
2025-07-29 22:25:19,566 - INFO - [EXTRACT] - Obteniendo lista de generaciones...
2025-07-29 22:25:19,629 - INFO - [EXTRACT] - Descargando generation-i desde: https://pokeapi.co/api/v2/generation/1/
2025-07-29 22:25:23,323 - INFO - [EXTRACT] - Generación generation-i guardada en data\raw\species
2025-07-29 22:25:23,323 - INFO - [EXTRACT] - Descargando generation-ii desde: https://pokeapi.co/api/v2/generation/2/
2025-07-29 22:25:25,226 - INFO - [EXTRACT] - Generación generation-ii guardada en data\raw\species
2025-07-29 22:25:25,226 - INFO - [EXTRACT] - Descargando generation-iii desde: https://pokeapi.co/api/v2/generation/3/
2025-07-29 22:25:28,172 - INFO - [EXTRACT] - Generación generation-iii guardada en data\raw\species
2025-07-29 22:25:28,172 - INFO - [EXTRACT] - Descargando generation-iv desde: https://pokeapi.co/api/v2/generation/4/
2025-07-29 22:25:30,549 - INFO - [EXTRACT] - Generación generation-iv guardada en data\raw\species
2025-07-29 22:25:30,549 - INFO - [EXTRACT] - Descargando generation-v desde: https://pokeapi.co/api/v2/generation/5/
2025-07-29 22:25:33,315 - INFO - [EXTRACT] - Generación generation-v guardada en data\raw\species
2025-07-29 22:25:33,315 - INFO - [EXTRACT] - Descargando generation-vi desde: https://pokeapi.co/api/v2/generation/6/
2025-07-29 22:25:34,560 - INFO - [EXTRACT] - Generación generation-vi guardada en data\raw\species
2025-07-29 22:25:34,560 - INFO - [EXTRACT] - Descargando generation-vii desde: https://pokeapi.co/api/v2/generation/7/
2025-07-29 22:25:36,360 - INFO - [EXTRACT] - Generación generation-vii guardada en data\raw\species
2025-07-29 22:25:36,365 - INFO - [EXTRACT] - Descargando generation-viii desde: https://pokeapi.co/api/v2/generation/8/
2025-07-29 22:25:38,010 - INFO - [EXTRACT] - Generación generation-viii guardada en data\raw\species
2025-07-29 22:25:38,021 - INFO - [EXTRACT] - Obteniendo lista de Pokémon...
2025-07-29 22:25:40,301 - INFO - [EXTRACT] - Lote 1 guardado (50 Pokémon).
2025-07-29 22:25:42,541 - INFO - [EXTRACT] - Lote 2 guardado (50 Pokémon).
2025-07-29 22:25:44,729 - INFO - [EXTRACT] - Lote 3 guardado (50 Pokémon).
2025-07-29 22:25:47,101 - INFO - [EXTRACT] - Lote 4 guardado (50 Pokémon).
2025-07-29 22:25:49,092 - INFO - [EXTRACT] - Lote 5 guardado (50 Pokémon).
2025-07-29 22:25:50,925 - INFO - [EXTRACT] - Lote 6 guardado (50 Pokémon).
2025-07-29 22:25:52,798 - INFO - [EXTRACT] - Lote 7 guardado (50 Pokémon).
2025-07-29 22:25:55,167 - INFO - [EXTRACT] - Lote 8 guardado (50 Pokémon).
2025-07-29 22:25:57,033 - INFO - [EXTRACT] - Lote 9 guardado (50 Pokémon).
2025-07-29 22:25:58,809 - INFO - [EXTRACT] - Lote 10 guardado (50 Pokémon).
2025-07-29 22:26:00,055 - INFO - [EXTRACT] - Lote 11 guardado (50 Pokémon).
2025-07-29 22:26:01,345 - INFO - [EXTRACT] - Lote 12 guardado (50 Pokémon).
2025-07-29 22:26:02,709 - INFO - [EXTRACT] - Lote 13 guardado (50 Pokémon).
2025-07-29 22:26:04,090 - INFO - [EXTRACT] - Lote 14 guardado (50 Pokémon).
2025-07-29 22:26:04,777 - INFO - [EXTRACT] - Lote 15 guardado (50 Pokémon).
2025-07-29 22:26:05,600 - INFO - [EXTRACT] - Lote 16 guardado (50 Pokémon).
2025-07-29 22:26:05,931 - INFO - [EXTRACT] - Lote 17 guardado (50 Pokémon).
2025-07-29 22:26:06,720 - INFO - [EXTRACT] - Lote 18 guardado (50 Pokémon).
2025-07-29 22:26:07,244 - INFO - [EXTRACT] - Lote 19 guardado (50 Pokémon).
2025-07-29 22:26:07,764 - INFO - [EXTRACT] - Lote 20 guardado (50 Pokémon).
2025-07-29 22:26:08,799 - INFO - [EXTRACT] - Lote 21 guardado (50 Pokémon).
2025-07-29 22:26:09,896 - INFO - [EXTRACT] - Lote 22 guardado (50 Pokémon).
2025-07-29 22:26:10,905 - INFO - [EXTRACT] - Lote 23 guardado (50 Pokémon).
2025-07-29 22:26:11,771 - INFO - [EXTRACT] - Lote 24 guardado (50 Pokémon).
2025-07-29 22:26:12,258 - INFO - [EXTRACT] - Lote 25 guardado (50 Pokémon).
2025-07-29 22:26:12,878 - INFO - [EXTRACT] - Lote 26 guardado (50 Pokémon).
2025-07-29 22:26:12,923 - INFO - [EXTRACT] - Lote 27 guardado (2 Pokémon).
2025-07-29 22:26:12,957 - INFO - [ETL] - Finaliza proceso de extraccion 2025-07-29 22:25:19
2025-07-29 22:26:12,957 - INFO - [ETL] - Inicia el proceso de transformación de datos crudos.
2025-07-29 22:26:13,138 - INFO - [TRANSFORM] - Se han cargado 151 especies de la generación generation-i.
2025-07-29 22:26:13,212 - INFO - [TRANSFORM] - Se han cargado 100 especies de la generación generation-ii.
2025-07-29 22:26:13,333 - INFO - [TRANSFORM] - Se han cargado 135 especies de la generación generation-iii.
2025-07-29 22:26:13,392 - INFO - [TRANSFORM] - Se han cargado 107 especies de la generación generation-iv.
2025-07-29 22:26:13,472 - INFO - [TRANSFORM] - Se han cargado 156 especies de la generación generation-v.
2025-07-29 22:26:13,583 - INFO - [TRANSFORM] - Se han cargado 72 especies de la generación generation-vi.
2025-07-29 22:26:13,635 - INFO - [TRANSFORM] - Se han cargado 88 especies de la generación generation-vii.
2025-07-29 22:26:13,675 - INFO - [TRANSFORM] - Se han cargado 96 especies de la generación generation-viii.
2025-07-29 22:26:18,761 - INFO - [TRANSFORM] - Se han cargado 1302 Pokémon desde los archivos crudos.
2025-07-29 22:26:19,097 - INFO - [TRANSFORM] - Se ha guardado el DataFrame en formato parquet y CSV con 905 registros en data\processed
2025-07-29 22:26:19,202 - INFO - [ETL] - Finaliza proceso de transformación 2025-07-29 22:25:19
2025-07-29 22:26:19,221 - INFO - [ETL] - Inicia el proceso de carga de datos a la base de datos.
2025-07-29 22:26:19,992 - INFO - [LOAD] - Datos de Pokémon leídos exitosamente desde Parquet.
2025-07-29 22:26:19,992 - INFO - [LOAD] - Intentando conectar a la base de datos PostgreSQL...
2025-07-29 22:26:20,787 - INFO - [LOAD] - Conexión exitosa a la base de datos PostgreSQL.
2025-07-29 22:26:21,010 - INFO - [LOAD] - Datos de Pokémon cargados exitosamente en la base de datos.
2025-07-29 22:26:21,011 - INFO - [ETL] - Finaliza proceso de carga 2025-07-29 22:25:19
2025-07-29 22:26:21,012 - INFO - [ETL] - Tiempo total de ejecución: 0:01:01.469150
