[2025-07-31T23:06:33.881+0000] {local_task_job_runner.py:120} INFO - ::group::Pre task execution logs
[2025-07-31T23:06:33.953+0000] {taskinstance.py:2073} INFO - Dependencies all met for dep_context=non-requeueable deps ti=<TaskInstance: pokemon_etl_dag.extract_data manual__2025-07-31T23:06:30.771806+00:00 [queued]>
[2025-07-31T23:06:33.973+0000] {taskinstance.py:2073} INFO - Dependencies all met for dep_context=requeueable deps ti=<TaskInstance: pokemon_etl_dag.extract_data manual__2025-07-31T23:06:30.771806+00:00 [queued]>
[2025-07-31T23:06:33.976+0000] {taskinstance.py:2303} INFO - Starting attempt 1 of 2
[2025-07-31T23:06:34.003+0000] {taskinstance.py:2327} INFO - Executing <Task(PythonOperator): extract_data> on 2025-07-31 23:06:30.771806+00:00
[2025-07-31T23:06:34.026+0000] {standard_task_runner.py:63} INFO - Started process 480 to run task
[2025-07-31T23:06:34.042+0000] {standard_task_runner.py:90} INFO - Running: ['***', 'tasks', 'run', 'pokemon_etl_dag', 'extract_data', 'manual__2025-07-31T23:06:30.771806+00:00', '--job-id', '29', '--raw', '--subdir', 'DAGS_FOLDER/pokemon_dags.py', '--cfg-path', '/tmp/tmp6mkptrq1']
[2025-07-31T23:06:34.053+0000] {standard_task_runner.py:91} INFO - Job 29: Subtask extract_data
[2025-07-31T23:06:34.103+0000] {logging_mixin.py:188} WARNING - /home/***/.local/lib/python3.11/site-packages/***/settings.py:195 DeprecationWarning: The sql_alchemy_conn option in [core] has been moved to the sql_alchemy_conn option in [database] - the old setting has been used, but please update your config.
[2025-07-31T23:06:34.250+0000] {task_command.py:426} INFO - Running <TaskInstance: pokemon_etl_dag.extract_data manual__2025-07-31T23:06:30.771806+00:00 [running]> on host 79dd1729ef10
[2025-07-31T23:06:34.507+0000] {taskinstance.py:2644} INFO - Exporting env vars: AIRFLOW_CTX_DAG_OWNER='Luis' AIRFLOW_CTX_DAG_ID='pokemon_etl_dag' AIRFLOW_CTX_TASK_ID='extract_data' AIRFLOW_CTX_EXECUTION_DATE='2025-07-31T23:06:30.771806+00:00' AIRFLOW_CTX_TRY_NUMBER='1' AIRFLOW_CTX_DAG_RUN_ID='manual__2025-07-31T23:06:30.771806+00:00'
[2025-07-31T23:06:34.510+0000] {taskinstance.py:430} INFO - ::endgroup::
[2025-07-31T23:06:34.540+0000] {extract.py:92} INFO - Obteniendo lista de generaciones...
[2025-07-31T23:06:34.706+0000] {extract.py:95} INFO - Descargando generation-i desde: https://pokeapi.co/api/v2/generation/1/
[2025-07-31T23:06:39.417+0000] {extract.py:105} INFO - Generación generation-i guardada en data/raw/species
[2025-07-31T23:06:39.419+0000] {extract.py:95} INFO - Descargando generation-ii desde: https://pokeapi.co/api/v2/generation/2/
[2025-07-31T23:06:44.295+0000] {extract.py:105} INFO - Generación generation-ii guardada en data/raw/species
[2025-07-31T23:06:44.298+0000] {extract.py:95} INFO - Descargando generation-iii desde: https://pokeapi.co/api/v2/generation/3/
[2025-07-31T23:06:49.655+0000] {extract.py:105} INFO - Generación generation-iii guardada en data/raw/species
[2025-07-31T23:06:49.657+0000] {extract.py:95} INFO - Descargando generation-iv desde: https://pokeapi.co/api/v2/generation/4/
[2025-07-31T23:06:53.759+0000] {extract.py:105} INFO - Generación generation-iv guardada en data/raw/species
[2025-07-31T23:06:53.761+0000] {extract.py:95} INFO - Descargando generation-v desde: https://pokeapi.co/api/v2/generation/5/
[2025-07-31T23:06:59.523+0000] {extract.py:105} INFO - Generación generation-v guardada en data/raw/species
[2025-07-31T23:06:59.525+0000] {extract.py:95} INFO - Descargando generation-vi desde: https://pokeapi.co/api/v2/generation/6/
[2025-07-31T23:07:01.853+0000] {extract.py:105} INFO - Generación generation-vi guardada en data/raw/species
[2025-07-31T23:07:01.855+0000] {extract.py:95} INFO - Descargando generation-vii desde: https://pokeapi.co/api/v2/generation/7/
[2025-07-31T23:07:05.226+0000] {extract.py:105} INFO - Generación generation-vii guardada en data/raw/species
[2025-07-31T23:07:05.228+0000] {extract.py:95} INFO - Descargando generation-viii desde: https://pokeapi.co/api/v2/generation/8/
[2025-07-31T23:07:07.852+0000] {extract.py:105} INFO - Generación generation-viii guardada en data/raw/species
[2025-07-31T23:07:07.863+0000] {extract.py:66} INFO - Obteniendo lista de Pokémon...
[2025-07-31T23:07:10.861+0000] {extract.py:80} INFO - Lote 1 guardado (50 Pokémon).
[2025-07-31T23:07:13.688+0000] {extract.py:80} INFO - Lote 2 guardado (50 Pokémon).
[2025-07-31T23:07:17.979+0000] {extract.py:80} INFO - Lote 3 guardado (50 Pokémon).
[2025-07-31T23:07:20.269+0000] {extract.py:80} INFO - Lote 4 guardado (50 Pokémon).
[2025-07-31T23:07:22.861+0000] {extract.py:80} INFO - Lote 5 guardado (50 Pokémon).
[2025-07-31T23:07:25.847+0000] {extract.py:80} INFO - Lote 6 guardado (50 Pokémon).
[2025-07-31T23:07:28.762+0000] {extract.py:80} INFO - Lote 7 guardado (50 Pokémon).
[2025-07-31T23:07:31.019+0000] {extract.py:80} INFO - Lote 8 guardado (50 Pokémon).
[2025-07-31T23:07:32.670+0000] {extract.py:80} INFO - Lote 9 guardado (50 Pokémon).
[2025-07-31T23:07:35.069+0000] {extract.py:80} INFO - Lote 10 guardado (50 Pokémon).
[2025-07-31T23:07:36.183+0000] {extract.py:80} INFO - Lote 11 guardado (50 Pokémon).
[2025-07-31T23:07:38.072+0000] {extract.py:80} INFO - Lote 12 guardado (50 Pokémon).
[2025-07-31T23:07:39.449+0000] {extract.py:80} INFO - Lote 13 guardado (50 Pokémon).
[2025-07-31T23:07:40.655+0000] {extract.py:80} INFO - Lote 14 guardado (50 Pokémon).
[2025-07-31T23:07:41.526+0000] {extract.py:80} INFO - Lote 15 guardado (50 Pokémon).
[2025-07-31T23:07:42.162+0000] {extract.py:80} INFO - Lote 16 guardado (50 Pokémon).
[2025-07-31T23:07:42.570+0000] {extract.py:80} INFO - Lote 17 guardado (50 Pokémon).
[2025-07-31T23:07:42.979+0000] {extract.py:80} INFO - Lote 18 guardado (50 Pokémon).
[2025-07-31T23:07:43.640+0000] {extract.py:80} INFO - Lote 19 guardado (50 Pokémon).
[2025-07-31T23:07:44.234+0000] {extract.py:80} INFO - Lote 20 guardado (50 Pokémon).
[2025-07-31T23:07:45.830+0000] {extract.py:80} INFO - Lote 21 guardado (50 Pokémon).
[2025-07-31T23:07:46.687+0000] {extract.py:80} INFO - Lote 22 guardado (50 Pokémon).
[2025-07-31T23:07:47.892+0000] {extract.py:80} INFO - Lote 23 guardado (50 Pokémon).
[2025-07-31T23:07:48.898+0000] {extract.py:80} INFO - Lote 24 guardado (50 Pokémon).
[2025-07-31T23:07:49.713+0000] {extract.py:80} INFO - Lote 25 guardado (50 Pokémon).
[2025-07-31T23:07:50.858+0000] {extract.py:80} INFO - Lote 26 guardado (50 Pokémon).
[2025-07-31T23:07:50.907+0000] {extract.py:80} INFO - Lote 27 guardado (2 Pokémon).
[2025-07-31T23:07:51.008+0000] {python.py:237} INFO - Done. Returned value was: None
[2025-07-31T23:07:51.010+0000] {taskinstance.py:441} INFO - ::group::Post task execution logs
[2025-07-31T23:07:51.041+0000] {taskinstance.py:1205} INFO - Marking task as SUCCESS. dag_id=pokemon_etl_dag, task_id=extract_data, execution_date=20250731T230630, start_date=20250731T230633, end_date=20250731T230751
[2025-07-31T23:07:51.208+0000] {local_task_job_runner.py:240} INFO - Task exited with return code 0
[2025-07-31T23:07:51.323+0000] {taskinstance.py:3482} INFO - 0 downstream tasks scheduled from follow-on schedule check
[2025-07-31T23:07:51.330+0000] {local_task_job_runner.py:222} INFO - ::endgroup::
